12:19:41.053 [main]INFO  com.dfh.hooks.Hooks - *****************************************************************************************
12:19:41.058 [main]INFO  com.dfh.hooks.Hooks - Execution Started for Scenario: Successful login with valid credentials
12:19:41.062 [main]INFO  com.dfh.utils.PropertyLoader - Properties file loaded successfully
12:19:41.082 [main]INFO  com.dfh.hooks.Hooks - Running tear down after test case
12:19:41.083 [main]INFO  com.dfh.hooks.Hooks - Starting Hooks tear down function
12:20:48.084 [main]INFO  com.dfh.hooks.Hooks - *****************************************************************************************
12:20:48.091 [main]INFO  com.dfh.hooks.Hooks - Execution Started for Scenario: Successful login with valid credentials
12:20:48.098 [main]INFO  com.dfh.utils.PropertyLoader - Properties file loaded successfully
12:20:48.120 [main]INFO  com.dfh.hooks.Hooks - Running tear down after test case
12:20:48.120 [main]INFO  com.dfh.hooks.Hooks - Starting Hooks tear down function
12:28:06.528 [main]INFO  com.dfh.hooks.Hooks - *****************************************************************************************
12:28:06.534 [main]INFO  com.dfh.hooks.Hooks - Execution Started for Scenario: Successful login with valid credentials
12:28:06.538 [main]INFO  com.dfh.utils.PropertyLoader - Properties file loaded successfully
12:28:07.203 [main]INFO  io.github.bonigarcia.wdm.WebDriverManager - Using chromedriver 133.0.6943.126 (resolved driver for Chrome 133)
12:28:07.227 [main]INFO  io.github.bonigarcia.wdm.WebDriverManager - Exporting webdriver.chrome.driver as C:\Users\chandrasekhar.alti\.cache\selenium\chromedriver\win64\133.0.6943.126\chromedriver.exe
12:28:15.106 [main]INFO  com.dfh.utils.UI - Navigated to URL : https://practice.expandtesting.com/secure
12:28:15.230 [main]INFO  com.dfh.utils.UI - Set text jhon on By.xpath: //input[@id='username']
12:28:15.350 [main]INFO  com.dfh.utils.UI - Set text Test@123 on By.xpath: //input[@id='password']
12:28:16.619 [main]INFO  com.dfh.hooks.Hooks - Running tear down after test case
12:28:16.619 [main]INFO  com.dfh.hooks.Hooks - Starting Hooks tear down function
12:28:16.988 [main]ERROR io.qameta.allure.AllureLifecycle - Could not add attachment: no test is running
12:28:16.991 [main]WARN  com.dfh.hooks.Hooks - Captured screenshot size: 120684 bytes
12:28:17.334 [main]INFO  com.dfh.hooks.Hooks - Execution Ended for Scenario: Successful login with valid credentials
12:28:17.337 [main]INFO  com.dfh.hooks.Hooks -  Scenario Successful login with valid credentials Execution Status : FAILED
12:28:17.337 [main]INFO  com.dfh.hooks.Hooks - *****************************************************************************************
12:29:02.974 [main]INFO  com.dfh.hooks.Hooks - *****************************************************************************************
12:29:02.979 [main]INFO  com.dfh.hooks.Hooks - Execution Started for Scenario: Successful login with valid credentials
12:29:02.982 [main]INFO  com.dfh.utils.PropertyLoader - Properties file loaded successfully
12:29:03.284 [main]INFO  io.github.bonigarcia.wdm.WebDriverManager - Using chromedriver 133.0.6943.126 (resolved driver for Chrome 133)
12:29:03.332 [main]INFO  io.github.bonigarcia.wdm.WebDriverManager - Exporting webdriver.chrome.driver as C:\Users\chandrasekhar.alti\.cache\selenium\chromedriver\win64\133.0.6943.126\chromedriver.exe
12:29:10.837 [main]INFO  com.dfh.utils.UI - Navigated to URL : https://practice.expandtesting.com/secure
12:29:10.958 [main]INFO  com.dfh.utils.UI - Set text jhon on By.xpath: //input[@id='username']
12:29:11.097 [main]INFO  com.dfh.utils.UI - Set text Test@123 on By.xpath: //input[@id='password']
12:29:12.420 [main]INFO  com.dfh.hooks.Hooks - Running tear down after test case
12:29:12.420 [main]INFO  com.dfh.hooks.Hooks - Starting Hooks tear down function
12:29:12.708 [main]ERROR io.qameta.allure.AllureLifecycle - Could not add attachment: no test is running
12:29:12.711 [main]WARN  com.dfh.hooks.Hooks - Captured screenshot size: 106361 bytes
12:29:12.977 [main]INFO  com.dfh.hooks.Hooks - Execution Ended for Scenario: Successful login with valid credentials
12:29:12.977 [main]INFO  com.dfh.hooks.Hooks -  Scenario Successful login with valid credentials Execution Status : FAILED
12:29:12.977 [main]INFO  com.dfh.hooks.Hooks - *****************************************************************************************
12:30:59.069 [main]INFO  com.dfh.hooks.Hooks - *****************************************************************************************
12:30:59.074 [main]INFO  com.dfh.hooks.Hooks - Execution Started for Scenario: Successful login with valid credentials
12:30:59.078 [main]INFO  com.dfh.utils.PropertyLoader - Properties file loaded successfully
12:30:59.385 [main]INFO  io.github.bonigarcia.wdm.WebDriverManager - Using chromedriver 133.0.6943.126 (resolved driver for Chrome 133)
12:30:59.425 [main]INFO  io.github.bonigarcia.wdm.WebDriverManager - Exporting webdriver.chrome.driver as C:\Users\chandrasekhar.alti\.cache\selenium\chromedriver\win64\133.0.6943.126\chromedriver.exe
12:31:00.779 [main]INFO  com.dfh.hooks.Hooks - Running tear down after test case
12:31:00.779 [main]INFO  com.dfh.hooks.Hooks - Starting Hooks tear down function
12:31:00.973 [main]ERROR io.qameta.allure.AllureLifecycle - Could not add attachment: no test is running
12:31:00.974 [main]WARN  com.dfh.hooks.Hooks - Captured screenshot size: 7336 bytes
12:31:01.126 [main]INFO  com.dfh.hooks.Hooks - Execution Ended for Scenario: Successful login with valid credentials
12:31:01.127 [main]INFO  com.dfh.hooks.Hooks -  Scenario Successful login with valid credentials Execution Status : FAILED
12:31:01.127 [main]INFO  com.dfh.hooks.Hooks - *****************************************************************************************
12:33:23.629 [main]INFO  com.dfh.hooks.Hooks - *****************************************************************************************
12:33:23.635 [main]INFO  com.dfh.hooks.Hooks - Execution Started for Scenario: Successful login with valid credentials
12:33:23.641 [main]INFO  com.dfh.utils.PropertyLoader - Properties file loaded successfully
12:33:23.948 [main]INFO  io.github.bonigarcia.wdm.WebDriverManager - Using chromedriver 133.0.6943.126 (resolved driver for Chrome 133)
12:33:24.002 [main]INFO  io.github.bonigarcia.wdm.WebDriverManager - Exporting webdriver.chrome.driver as C:\Users\chandrasekhar.alti\.cache\selenium\chromedriver\win64\133.0.6943.126\chromedriver.exe
12:33:25.259 [main]INFO  com.dfh.hooks.Hooks - Running tear down after test case
12:33:25.259 [main]INFO  com.dfh.hooks.Hooks - Starting Hooks tear down function
12:33:25.464 [main]ERROR io.qameta.allure.AllureLifecycle - Could not add attachment: no test is running
12:33:25.467 [main]WARN  com.dfh.hooks.Hooks - Captured screenshot size: 7336 bytes
12:33:25.604 [main]INFO  com.dfh.hooks.Hooks - Execution Ended for Scenario: Successful login with valid credentials
12:33:25.604 [main]INFO  com.dfh.hooks.Hooks -  Scenario Successful login with valid credentials Execution Status : FAILED
12:33:25.604 [main]INFO  com.dfh.hooks.Hooks - *****************************************************************************************
12:35:55.373 [main]INFO  com.dfh.hooks.Hooks - *****************************************************************************************
12:35:55.378 [main]INFO  com.dfh.hooks.Hooks - Execution Started for Scenario: Successful login with valid credentials
12:35:55.382 [main]INFO  com.dfh.utils.PropertyLoader - Properties file loaded successfully
12:35:55.670 [main]INFO  io.github.bonigarcia.wdm.WebDriverManager - Using chromedriver 133.0.6943.126 (resolved driver for Chrome 133)
12:35:55.720 [main]INFO  io.github.bonigarcia.wdm.WebDriverManager - Exporting webdriver.chrome.driver as C:\Users\chandrasekhar.alti\.cache\selenium\chromedriver\win64\133.0.6943.126\chromedriver.exe
12:35:57.047 [main]INFO  com.dfh.hooks.Hooks - Running tear down after test case
12:35:57.047 [main]INFO  com.dfh.hooks.Hooks - Starting Hooks tear down function
12:35:57.259 [main]ERROR io.qameta.allure.AllureLifecycle - Could not add attachment: no test is running
12:35:57.260 [main]WARN  com.dfh.hooks.Hooks - Captured screenshot size: 7336 bytes
12:35:57.408 [main]INFO  com.dfh.hooks.Hooks - Execution Ended for Scenario: Successful login with valid credentials
12:35:57.409 [main]INFO  com.dfh.hooks.Hooks -  Scenario Successful login with valid credentials Execution Status : FAILED
12:35:57.409 [main]INFO  com.dfh.hooks.Hooks - *****************************************************************************************
12:39:00.072 [main]INFO  com.dfh.hooks.Hooks - *****************************************************************************************
12:39:00.079 [main]INFO  com.dfh.hooks.Hooks - Execution Started for Scenario: Successful login with valid credentials
12:39:00.083 [main]INFO  com.dfh.utils.PropertyLoader - Properties file loaded successfully
12:39:00.389 [main]INFO  io.github.bonigarcia.wdm.WebDriverManager - Using chromedriver 133.0.6943.126 (resolved driver for Chrome 133)
12:39:00.429 [main]INFO  io.github.bonigarcia.wdm.WebDriverManager - Exporting webdriver.chrome.driver as C:\Users\chandrasekhar.alti\.cache\selenium\chromedriver\win64\133.0.6943.126\chromedriver.exe
12:39:08.689 [main]INFO  com.dfh.utils.UI - Navigated to URL : https://practice.expandtesting.com/secure
12:39:08.702 [main]INFO  com.dfh.hooks.Hooks - Running tear down after test case
12:39:08.702 [main]INFO  com.dfh.hooks.Hooks - Starting Hooks tear down function
12:39:08.703 [main]INFO  com.dfh.hooks.Hooks - Scenario passed so no need for the screenshot
12:39:08.968 [main]INFO  com.dfh.hooks.Hooks - Execution Ended for Scenario: Successful login with valid credentials
12:39:08.978 [main]INFO  com.dfh.hooks.Hooks -  Scenario Successful login with valid credentials Execution Status : PASSED
12:39:08.978 [main]INFO  com.dfh.hooks.Hooks - *****************************************************************************************
12:40:40.317 [main]INFO  com.dfh.hooks.Hooks - *****************************************************************************************
12:40:40.323 [main]INFO  com.dfh.hooks.Hooks - Execution Started for Scenario: Successful login with valid credentials
12:40:40.327 [main]INFO  com.dfh.utils.PropertyLoader - Properties file loaded successfully
12:40:40.630 [main]INFO  io.github.bonigarcia.wdm.WebDriverManager - Using chromedriver 133.0.6943.126 (resolved driver for Chrome 133)
12:40:40.675 [main]INFO  io.github.bonigarcia.wdm.WebDriverManager - Exporting webdriver.chrome.driver as C:\Users\chandrasekhar.alti\.cache\selenium\chromedriver\win64\133.0.6943.126\chromedriver.exe
12:40:49.293 [main]INFO  com.dfh.utils.UI - Navigated to URL : https://practice.expandtesting.com/secure
12:40:49.304 [main]INFO  com.dfh.hooks.Hooks - Running tear down after test case
12:40:49.304 [main]INFO  com.dfh.hooks.Hooks - Starting Hooks tear down function
12:40:49.305 [main]INFO  com.dfh.hooks.Hooks - Scenario passed so no need for the screenshot
12:40:49.541 [main]INFO  com.dfh.hooks.Hooks - Execution Ended for Scenario: Successful login with valid credentials
12:40:49.541 [main]INFO  com.dfh.hooks.Hooks -  Scenario Successful login with valid credentials Execution Status : PASSED
12:40:49.541 [main]INFO  com.dfh.hooks.Hooks - *****************************************************************************************
12:40:58.405 [main]INFO  com.dfh.hooks.Hooks - *****************************************************************************************
12:40:58.410 [main]INFO  com.dfh.hooks.Hooks - Execution Started for Scenario: Successful login with valid credentials
12:40:58.415 [main]INFO  com.dfh.utils.PropertyLoader - Properties file loaded successfully
12:40:58.736 [main]INFO  io.github.bonigarcia.wdm.WebDriverManager - Using chromedriver 133.0.6943.126 (resolved driver for Chrome 133)
12:40:58.791 [main]INFO  io.github.bonigarcia.wdm.WebDriverManager - Exporting webdriver.chrome.driver as C:\Users\chandrasekhar.alti\.cache\selenium\chromedriver\win64\133.0.6943.126\chromedriver.exe
12:41:07.531 [main]INFO  com.dfh.utils.UI - Navigated to URL : https://practice.expandtesting.com/secure
12:41:07.547 [main]INFO  com.dfh.hooks.Hooks - Running tear down after test case
12:41:07.558 [main]INFO  com.dfh.hooks.Hooks - Starting Hooks tear down function
12:41:07.560 [main]INFO  com.dfh.hooks.Hooks - Scenario passed so no need for the screenshot
12:41:07.794 [main]INFO  com.dfh.hooks.Hooks - Execution Ended for Scenario: Successful login with valid credentials
12:41:07.794 [main]INFO  com.dfh.hooks.Hooks -  Scenario Successful login with valid credentials Execution Status : PASSED
12:41:07.794 [main]INFO  com.dfh.hooks.Hooks - *****************************************************************************************
12:41:31.602 [main]INFO  com.dfh.hooks.Hooks - *****************************************************************************************
12:41:31.608 [main]INFO  com.dfh.hooks.Hooks - Execution Started for Scenario: Successful login with valid credentials
12:41:31.611 [main]INFO  com.dfh.utils.PropertyLoader - Properties file loaded successfully
12:41:31.948 [main]INFO  io.github.bonigarcia.wdm.WebDriverManager - Using chromedriver 133.0.6943.126 (resolved driver for Chrome 133)
12:41:31.979 [main]INFO  io.github.bonigarcia.wdm.WebDriverManager - Exporting webdriver.chrome.driver as C:\Users\chandrasekhar.alti\.cache\selenium\chromedriver\win64\133.0.6943.126\chromedriver.exe
12:41:42.234 [main]INFO  com.dfh.utils.UI - Navigated to URL : https://practice.expandtesting.com/secure
12:41:42.260 [main]INFO  com.dfh.hooks.Hooks - Running tear down after test case
12:41:42.260 [main]INFO  com.dfh.hooks.Hooks - Starting Hooks tear down function
12:41:42.263 [main]INFO  com.dfh.hooks.Hooks - Scenario passed so no need for the screenshot
12:41:42.502 [main]INFO  com.dfh.hooks.Hooks - Execution Ended for Scenario: Successful login with valid credentials
12:41:42.502 [main]INFO  com.dfh.hooks.Hooks -  Scenario Successful login with valid credentials Execution Status : PASSED
12:41:42.502 [main]INFO  com.dfh.hooks.Hooks - *****************************************************************************************
12:42:45.973 [main]INFO  com.dfh.hooks.Hooks - *****************************************************************************************
12:42:45.981 [main]INFO  com.dfh.hooks.Hooks - Execution Started for Scenario: Successful login with valid credentials
12:42:45.985 [main]INFO  com.dfh.utils.PropertyLoader - Properties file loaded successfully
12:42:46.286 [main]INFO  io.github.bonigarcia.wdm.WebDriverManager - Using chromedriver 133.0.6943.126 (resolved driver for Chrome 133)
12:42:46.335 [main]INFO  io.github.bonigarcia.wdm.WebDriverManager - Exporting webdriver.chrome.driver as C:\Users\chandrasekhar.alti\.cache\selenium\chromedriver\win64\133.0.6943.126\chromedriver.exe
12:42:52.204 [main]INFO  com.dfh.utils.UI - Navigated to URL : https://practice.expandtesting.com/secure
12:42:52.349 [main]INFO  com.dfh.utils.UI - Set text jhon on By.xpath: //input[@id='username']
12:42:52.453 [main]INFO  com.dfh.utils.UI - Set text Test@123 on By.xpath: //input[@id='password']
12:42:53.595 [main]INFO  com.dfh.hooks.Hooks - Running tear down after test case
12:42:53.595 [main]INFO  com.dfh.hooks.Hooks - Starting Hooks tear down function
12:42:53.844 [main]ERROR io.qameta.allure.AllureLifecycle - Could not add attachment: no test is running
12:42:53.846 [main]WARN  com.dfh.hooks.Hooks - Captured screenshot size: 106572 bytes
12:42:54.121 [main]INFO  com.dfh.hooks.Hooks - Execution Ended for Scenario: Successful login with valid credentials
12:42:54.122 [main]INFO  com.dfh.hooks.Hooks -  Scenario Successful login with valid credentials Execution Status : FAILED
12:42:54.122 [main]INFO  com.dfh.hooks.Hooks - *****************************************************************************************
12:44:27.390 [main]INFO  com.dfh.hooks.Hooks - *****************************************************************************************
12:44:27.395 [main]INFO  com.dfh.hooks.Hooks - Execution Started for Scenario: Successful login with valid credentials
12:44:27.399 [main]INFO  com.dfh.utils.PropertyLoader - Properties file loaded successfully
12:44:27.714 [main]INFO  io.github.bonigarcia.wdm.WebDriverManager - Using chromedriver 133.0.6943.126 (resolved driver for Chrome 133)
12:44:27.757 [main]INFO  io.github.bonigarcia.wdm.WebDriverManager - Exporting webdriver.chrome.driver as C:\Users\chandrasekhar.alti\.cache\selenium\chromedriver\win64\133.0.6943.126\chromedriver.exe
12:44:35.128 [main]INFO  com.dfh.utils.UI - Navigated to URL : https://practice.expandtesting.com/secure
12:44:35.271 [main]INFO  com.dfh.utils.UI - Set text jhon on By.xpath: //input[@id='username']
12:44:35.377 [main]INFO  com.dfh.utils.UI - Set text Test@123 on By.xpath: //input[@id='password']
12:44:37.881 [main]INFO  com.dfh.utils.UI - Clicked on Element: By.xpath: //button[@type='submit']
12:44:37.881 [main]INFO  com.dfh.hooks.Hooks - Running tear down after test case
12:44:37.881 [main]INFO  com.dfh.hooks.Hooks - Starting Hooks tear down function
12:44:37.888 [main]INFO  com.dfh.hooks.Hooks - Scenario passed so no need for the screenshot
12:44:38.109 [main]INFO  com.dfh.hooks.Hooks - Execution Ended for Scenario: Successful login with valid credentials
12:44:38.109 [main]INFO  com.dfh.hooks.Hooks -  Scenario Successful login with valid credentials Execution Status : PASSED
12:44:38.109 [main]INFO  com.dfh.hooks.Hooks - *****************************************************************************************
12:53:42.897 [main]INFO  com.dfh.hooks.Hooks - *****************************************************************************************
12:53:42.903 [main]INFO  com.dfh.hooks.Hooks - Execution Started for Scenario: Successful login with valid credentials
12:53:42.906 [main]INFO  com.dfh.utils.PropertyLoader - Properties file loaded successfully
12:53:43.186 [main]INFO  io.github.bonigarcia.wdm.WebDriverManager - Using chromedriver 133.0.6943.126 (resolved driver for Chrome 133)
12:53:43.242 [main]INFO  io.github.bonigarcia.wdm.WebDriverManager - Exporting webdriver.chrome.driver as C:\Users\chandrasekhar.alti\.cache\selenium\chromedriver\win64\133.0.6943.126\chromedriver.exe
12:53:51.476 [main]INFO  com.dfh.utils.UI - Navigated to URL : https://practice.expandtesting.com/secure
12:53:51.651 [main]INFO  com.dfh.utils.UI - Set text jhon on By.xpath: //input[@id='username']
12:53:51.769 [main]INFO  com.dfh.utils.UI - Set text Test@123 on By.xpath: //input[@id='password']
12:53:52.936 [main]INFO  com.dfh.hooks.Hooks - Running tear down after test case
12:53:52.936 [main]INFO  com.dfh.hooks.Hooks - Starting Hooks tear down function
12:53:53.268 [main]ERROR io.qameta.allure.AllureLifecycle - Could not add attachment: no test is running
12:53:53.268 [main]WARN  com.dfh.hooks.Hooks - Captured screenshot size: 251436 bytes
12:53:53.568 [main]INFO  com.dfh.hooks.Hooks - Execution Ended for Scenario: Successful login with valid credentials
12:53:53.568 [main]INFO  com.dfh.hooks.Hooks -  Scenario Successful login with valid credentials Execution Status : FAILED
12:53:53.568 [main]INFO  com.dfh.hooks.Hooks - *****************************************************************************************
12:59:19.817 [main]INFO  com.dfh.hooks.Hooks - *****************************************************************************************
12:59:19.824 [main]INFO  com.dfh.hooks.Hooks - Execution Started for Scenario: Successful login with valid credentials
12:59:19.828 [main]INFO  com.dfh.utils.PropertyLoader - Properties file loaded successfully
12:59:20.152 [main]INFO  io.github.bonigarcia.wdm.WebDriverManager - Using chromedriver 133.0.6943.126 (resolved driver for Chrome 133)
12:59:20.201 [main]INFO  io.github.bonigarcia.wdm.WebDriverManager - Exporting webdriver.chrome.driver as C:\Users\chandrasekhar.alti\.cache\selenium\chromedriver\win64\133.0.6943.126\chromedriver.exe
12:59:27.797 [main]INFO  com.dfh.utils.UI - Navigated to URL : https://practice.expandtesting.com/secure
12:59:27.830 [main]INFO  com.dfh.utils.UI - Scrolled to element: By.xpath: //input[@id='username']
12:59:27.956 [main]INFO  com.dfh.utils.UI - Set text jhon on By.xpath: //input[@id='username']
12:59:28.063 [main]INFO  com.dfh.utils.UI - Set text Test@123 on By.xpath: //input[@id='password']
12:59:29.207 [main]INFO  com.dfh.hooks.Hooks - Running tear down after test case
12:59:29.207 [main]INFO  com.dfh.hooks.Hooks - Starting Hooks tear down function
12:59:29.566 [main]ERROR io.qameta.allure.AllureLifecycle - Could not add attachment: no test is running
12:59:29.570 [main]WARN  com.dfh.hooks.Hooks - Captured screenshot size: 220018 bytes
12:59:29.915 [main]INFO  com.dfh.hooks.Hooks - Execution Ended for Scenario: Successful login with valid credentials
12:59:29.918 [main]INFO  com.dfh.hooks.Hooks -  Scenario Successful login with valid credentials Execution Status : FAILED
12:59:29.918 [main]INFO  com.dfh.hooks.Hooks - *****************************************************************************************
13:00:36.693 [main]INFO  com.dfh.hooks.Hooks - *****************************************************************************************
13:00:36.698 [main]INFO  com.dfh.hooks.Hooks - Execution Started for Scenario: Successful login with valid credentials
13:00:36.701 [main]INFO  com.dfh.utils.PropertyLoader - Properties file loaded successfully
13:00:37.012 [main]INFO  io.github.bonigarcia.wdm.WebDriverManager - Using chromedriver 133.0.6943.126 (resolved driver for Chrome 133)
13:00:37.085 [main]INFO  io.github.bonigarcia.wdm.WebDriverManager - Exporting webdriver.chrome.driver as C:\Users\chandrasekhar.alti\.cache\selenium\chromedriver\win64\133.0.6943.126\chromedriver.exe
13:00:44.751 [main]INFO  com.dfh.utils.UI - Navigated to URL : https://practice.expandtesting.com/secure
13:00:44.782 [main]INFO  com.dfh.utils.UI - Scrolled to element: By.xpath: //input[@id='username']
13:00:44.898 [main]INFO  com.dfh.utils.UI - Set text jhon on By.xpath: //input[@id='username']
13:00:45.057 [main]INFO  com.dfh.utils.UI - Set text Test@123 on By.xpath: //input[@id='password']
13:00:45.075 [main]INFO  com.dfh.utils.UI - Scrolled to element: By.xpath: //button[@type='submit']
13:00:46.232 [main]INFO  com.dfh.hooks.Hooks - Running tear down after test case
13:00:46.232 [main]INFO  com.dfh.hooks.Hooks - Starting Hooks tear down function
13:00:46.547 [main]ERROR io.qameta.allure.AllureLifecycle - Could not add attachment: no test is running
13:00:46.550 [main]WARN  com.dfh.hooks.Hooks - Captured screenshot size: 106976 bytes
13:00:46.823 [main]INFO  com.dfh.hooks.Hooks - Execution Ended for Scenario: Successful login with valid credentials
13:00:46.823 [main]INFO  com.dfh.hooks.Hooks -  Scenario Successful login with valid credentials Execution Status : FAILED
13:00:46.823 [main]INFO  com.dfh.hooks.Hooks - *****************************************************************************************
13:33:54.355 [main]INFO  com.dfh.hooks.Hooks - *****************************************************************************************
13:33:54.362 [main]INFO  com.dfh.hooks.Hooks - Execution Started for Scenario: Successful login with valid credentials
13:33:54.367 [main]INFO  com.dfh.utils.PropertyLoader - Properties file loaded successfully
13:33:55.171 [main]INFO  io.github.bonigarcia.wdm.WebDriverManager - Using chromedriver 133.0.6943.126 (resolved driver for Chrome 133)
13:33:55.192 [main]INFO  io.github.bonigarcia.wdm.WebDriverManager - Exporting webdriver.chrome.driver as C:\Users\chandrasekhar.alti\.cache\selenium\chromedriver\win64\133.0.6943.126\chromedriver.exe
13:34:01.960 [main]INFO  com.dfh.utils.UI - Navigated to URL : https://practice.expandtesting.com/secure
13:34:02.006 [main]INFO  com.dfh.utils.UI - Scrolled to element: By.xpath: //input[@id='username']
13:34:02.153 [main]INFO  com.dfh.utils.UI - Set text jhon on By.xpath: //input[@id='username']
13:34:02.290 [main]INFO  com.dfh.utils.UI - Set text Test@123 on By.xpath: //input[@id='password']
13:34:02.310 [main]INFO  com.dfh.utils.UI - Scrolled to element: By.xpath: //button[@type='submit']
13:34:03.472 [main]INFO  com.dfh.hooks.Hooks - Running tear down after test case
13:34:03.473 [main]INFO  com.dfh.hooks.Hooks - Starting Hooks tear down function
13:34:03.799 [main]ERROR io.qameta.allure.AllureLifecycle - Could not add attachment: no test is running
13:34:03.801 [main]WARN  com.dfh.hooks.Hooks - Captured screenshot size: 123413 bytes
13:34:04.172 [main]INFO  com.dfh.hooks.Hooks - Execution Ended for Scenario: Successful login with valid credentials
13:34:04.172 [main]INFO  com.dfh.hooks.Hooks -  Scenario Successful login with valid credentials Execution Status : FAILED
13:34:04.172 [main]INFO  com.dfh.hooks.Hooks - *****************************************************************************************
13:35:03.098 [main]INFO  com.dfh.hooks.Hooks - *****************************************************************************************
13:35:03.103 [main]INFO  com.dfh.hooks.Hooks - Execution Started for Scenario: Successful login with valid credentials
13:35:03.107 [main]INFO  com.dfh.utils.PropertyLoader - Properties file loaded successfully
13:35:03.385 [main]INFO  io.github.bonigarcia.wdm.WebDriverManager - Using chromedriver 133.0.6943.126 (resolved driver for Chrome 133)
13:35:03.439 [main]INFO  io.github.bonigarcia.wdm.WebDriverManager - Exporting webdriver.chrome.driver as C:\Users\chandrasekhar.alti\.cache\selenium\chromedriver\win64\133.0.6943.126\chromedriver.exe
13:35:10.601 [main]INFO  com.dfh.utils.UI - Navigated to URL : https://practice.expandtesting.com/secure
13:35:10.627 [main]INFO  com.dfh.utils.UI - Scrolled to element: By.xpath: //input[@id='username']
13:35:10.761 [main]INFO  com.dfh.utils.UI - Set text jhon on By.xpath: //input[@id='username']
13:35:10.860 [main]INFO  com.dfh.utils.UI - Set text Test@123 on By.xpath: //input[@id='password']
13:35:10.879 [main]INFO  com.dfh.utils.UI - Scrolled to element: By.xpath: //button[@type='submit']
13:35:12.005 [main]INFO  com.dfh.hooks.Hooks - Running tear down after test case
13:35:12.005 [main]INFO  com.dfh.hooks.Hooks - Starting Hooks tear down function
13:35:12.357 [main]ERROR io.qameta.allure.AllureLifecycle - Could not add attachment: no test is running
13:35:12.360 [main]WARN  com.dfh.hooks.Hooks - Captured screenshot size: 115703 bytes
13:35:12.642 [main]INFO  com.dfh.hooks.Hooks - Execution Ended for Scenario: Successful login with valid credentials
13:35:12.642 [main]INFO  com.dfh.hooks.Hooks -  Scenario Successful login with valid credentials Execution Status : FAILED
13:35:12.642 [main]INFO  com.dfh.hooks.Hooks - *****************************************************************************************
13:39:44.016 [main]INFO  com.dfh.hooks.Hooks - *****************************************************************************************
13:39:44.021 [main]INFO  com.dfh.hooks.Hooks - Execution Started for Scenario: Successful login with valid credentials
13:39:44.027 [main]INFO  com.dfh.utils.PropertyLoader - Properties file loaded successfully
13:39:44.383 [main]INFO  io.github.bonigarcia.wdm.WebDriverManager - Using chromedriver 133.0.6943.126 (resolved driver for Chrome 133)
13:39:44.410 [main]INFO  io.github.bonigarcia.wdm.WebDriverManager - Exporting webdriver.chrome.driver as C:\Users\chandrasekhar.alti\.cache\selenium\chromedriver\win64\133.0.6943.126\chromedriver.exe
13:39:52.139 [main]INFO  com.dfh.utils.UI - Navigated to URL : https://practice.expandtesting.com/secure
13:39:52.183 [main]INFO  com.dfh.utils.UI - Scrolled to element: By.xpath: //input[@id='username']
13:39:52.317 [main]INFO  com.dfh.utils.UI - Set text jhon on By.xpath: //input[@id='username']
13:39:52.455 [main]INFO  com.dfh.utils.UI - Set text Test@123 on By.xpath: //input[@id='password']
13:40:39.741 [main]INFO  com.dfh.hooks.Hooks - Running tear down after test case
13:40:39.741 [main]INFO  com.dfh.hooks.Hooks - Starting Hooks tear down function
13:40:40.485 [main]ERROR io.qameta.allure.AllureLifecycle - Could not add attachment: no test is running
13:40:40.490 [main]WARN  com.dfh.hooks.Hooks - Captured screenshot size: 90667 bytes
13:40:40.712 [main]INFO  com.dfh.hooks.Hooks - Execution Ended for Scenario: Successful login with valid credentials
13:40:40.714 [main]INFO  com.dfh.hooks.Hooks -  Scenario Successful login with valid credentials Execution Status : FAILED
13:40:40.714 [main]INFO  com.dfh.hooks.Hooks - *****************************************************************************************
14:30:49.373 [main]INFO  com.dfh.hooks.Hooks - *****************************************************************************************
14:30:49.378 [main]INFO  com.dfh.hooks.Hooks - Execution Started for Scenario: Successful login with valid credentials
14:30:49.382 [main]INFO  com.dfh.utils.PropertyLoader - Properties file loaded successfully
14:30:49.689 [main]INFO  io.github.bonigarcia.wdm.WebDriverManager - Using chromedriver 133.0.6943.126 (resolved driver for Chrome 133)
14:30:49.744 [main]INFO  io.github.bonigarcia.wdm.WebDriverManager - Exporting webdriver.chrome.driver as C:\Users\chandrasekhar.alti\.cache\selenium\chromedriver\win64\133.0.6943.126\chromedriver.exe
14:30:57.575 [main]INFO  com.dfh.utils.UI - Navigated to URL : https://practice.expandtesting.com/secure
14:30:57.606 [main]INFO  com.dfh.utils.UI - Scrolled to element: By.xpath: //input[@id='username']
14:30:57.731 [main]INFO  com.dfh.utils.UI - Set text jhon on By.xpath: //input[@id='username']
14:30:57.847 [main]INFO  com.dfh.utils.UI - Set text Test@123 on By.xpath: //input[@id='password']
14:30:57.857 [main]INFO  com.dfh.hooks.Hooks - Running tear down after test case
14:30:57.858 [main]INFO  com.dfh.hooks.Hooks - Starting Hooks tear down function
14:30:58.181 [main]ERROR io.qameta.allure.AllureLifecycle - Could not add attachment: no test is running
14:30:58.185 [main]WARN  com.dfh.hooks.Hooks - Captured screenshot size: 209283 bytes
14:30:58.440 [main]INFO  com.dfh.hooks.Hooks - Execution Ended for Scenario: Successful login with valid credentials
14:30:58.440 [main]INFO  com.dfh.hooks.Hooks -  Scenario Successful login with valid credentials Execution Status : FAILED
14:30:58.440 [main]INFO  com.dfh.hooks.Hooks - *****************************************************************************************
14:32:01.403 [main]INFO  com.dfh.hooks.Hooks - *****************************************************************************************
14:32:01.408 [main]INFO  com.dfh.hooks.Hooks - Execution Started for Scenario: Successful login with valid credentials
14:32:01.412 [main]INFO  com.dfh.utils.PropertyLoader - Properties file loaded successfully
14:32:01.715 [main]INFO  io.github.bonigarcia.wdm.WebDriverManager - Using chromedriver 133.0.6943.126 (resolved driver for Chrome 133)
14:32:01.761 [main]INFO  io.github.bonigarcia.wdm.WebDriverManager - Exporting webdriver.chrome.driver as C:\Users\chandrasekhar.alti\.cache\selenium\chromedriver\win64\133.0.6943.126\chromedriver.exe
14:32:10.861 [main]INFO  com.dfh.utils.UI - Navigated to URL : https://practice.expandtesting.com/secure
14:32:10.901 [main]INFO  com.dfh.utils.UI - Scrolled to element: By.xpath: //input[@id='username']
14:32:11.062 [main]INFO  com.dfh.utils.UI - Set text jhon on By.xpath: //input[@id='username']
14:32:11.198 [main]INFO  com.dfh.utils.UI - Set text Test@123 on By.xpath: //input[@id='password']
14:32:11.210 [main]INFO  com.dfh.utils.UI - Scrolled to element: By.xpath: //button[@type='submit']
14:32:12.418 [main]INFO  com.dfh.hooks.Hooks - Running tear down after test case
14:32:12.418 [main]INFO  com.dfh.hooks.Hooks - Starting Hooks tear down function
14:32:12.751 [main]ERROR io.qameta.allure.AllureLifecycle - Could not add attachment: no test is running
14:32:12.751 [main]WARN  com.dfh.hooks.Hooks - Captured screenshot size: 102653 bytes
14:32:13.048 [main]INFO  com.dfh.hooks.Hooks - Execution Ended for Scenario: Successful login with valid credentials
14:32:13.048 [main]INFO  com.dfh.hooks.Hooks -  Scenario Successful login with valid credentials Execution Status : FAILED
14:32:13.048 [main]INFO  com.dfh.hooks.Hooks - *****************************************************************************************
14:33:36.180 [main]INFO  com.dfh.hooks.Hooks - *****************************************************************************************
14:33:36.185 [main]INFO  com.dfh.hooks.Hooks - Execution Started for Scenario: Successful login with valid credentials
14:33:36.190 [main]INFO  com.dfh.utils.PropertyLoader - Properties file loaded successfully
14:33:36.500 [main]INFO  io.github.bonigarcia.wdm.WebDriverManager - Using chromedriver 133.0.6943.126 (resolved driver for Chrome 133)
14:33:36.540 [main]INFO  io.github.bonigarcia.wdm.WebDriverManager - Exporting webdriver.chrome.driver as C:\Users\chandrasekhar.alti\.cache\selenium\chromedriver\win64\133.0.6943.126\chromedriver.exe
14:33:44.898 [main]INFO  com.dfh.utils.UI - Navigated to URL : https://practice.expandtesting.com/secure
14:33:44.923 [main]INFO  com.dfh.utils.UI - Scrolled to element: By.xpath: //input[@id='username']
14:33:45.058 [main]INFO  com.dfh.utils.UI - Set text jhon on By.xpath: //input[@id='username']
14:33:45.190 [main]INFO  com.dfh.utils.UI - Set text Test@123 on By.xpath: //input[@id='password']
14:33:45.205 [main]INFO  com.dfh.utils.UI - Scrolled to element: By.xpath: //button[@type='submit']
14:33:46.373 [main]INFO  com.dfh.hooks.Hooks - Running tear down after test case
14:33:46.373 [main]INFO  com.dfh.hooks.Hooks - Starting Hooks tear down function
14:33:46.701 [main]ERROR io.qameta.allure.AllureLifecycle - Could not add attachment: no test is running
14:33:46.701 [main]WARN  com.dfh.hooks.Hooks - Captured screenshot size: 95296 bytes
14:33:46.988 [main]INFO  com.dfh.hooks.Hooks - Execution Ended for Scenario: Successful login with valid credentials
14:33:46.988 [main]INFO  com.dfh.hooks.Hooks -  Scenario Successful login with valid credentials Execution Status : FAILED
14:33:46.988 [main]INFO  com.dfh.hooks.Hooks - *****************************************************************************************
14:35:45.590 [main]INFO  com.dfh.hooks.Hooks - *****************************************************************************************
14:35:45.596 [main]INFO  com.dfh.hooks.Hooks - Execution Started for Scenario: Successful login with valid credentials
14:35:45.600 [main]INFO  com.dfh.utils.PropertyLoader - Properties file loaded successfully
14:35:47.463 [main]INFO  io.github.bonigarcia.wdm.WebDriverManager - Using chromedriver 133.0.6943.126 (resolved driver for Chrome 133)
14:35:47.478 [main]INFO  io.github.bonigarcia.wdm.WebDriverManager - Exporting webdriver.chrome.driver as C:\Users\chandrasekhar.alti\.cache\selenium\chromedriver\win64\133.0.6943.126\chromedriver.exe
14:35:54.445 [main]INFO  com.dfh.utils.UI - Navigated to URL : https://practice.expandtesting.com/secure
14:35:54.490 [main]INFO  com.dfh.utils.UI - Scrolled to element: By.xpath: //input[@id='username']
14:35:54.645 [main]INFO  com.dfh.utils.UI - Set text jhon on By.xpath: //input[@id='username']
14:35:54.768 [main]INFO  com.dfh.utils.UI - Set text Test@123 on By.xpath: //input[@id='password']
14:36:56.219 [main]INFO  com.dfh.utils.UI - Scrolled to element: By.xpath: //button[@type='submit']
14:37:00.055 [main]INFO  com.dfh.hooks.Hooks - *****************************************************************************************
14:37:00.062 [main]INFO  com.dfh.hooks.Hooks - Execution Started for Scenario: Successful login with valid credentials
14:37:00.066 [main]INFO  com.dfh.utils.PropertyLoader - Properties file loaded successfully
14:37:00.371 [main]INFO  io.github.bonigarcia.wdm.WebDriverManager - Using chromedriver 133.0.6943.126 (resolved driver for Chrome 133)
14:37:00.400 [main]INFO  io.github.bonigarcia.wdm.WebDriverManager - Exporting webdriver.chrome.driver as C:\Users\chandrasekhar.alti\.cache\selenium\chromedriver\win64\133.0.6943.126\chromedriver.exe
14:37:07.828 [main]INFO  com.dfh.utils.UI - Navigated to URL : https://practice.expandtesting.com/secure
14:37:07.863 [main]INFO  com.dfh.utils.UI - Scrolled to element: By.xpath: //input[@id='username']
14:37:08.029 [main]INFO  com.dfh.utils.UI - Set text jhon on By.xpath: //input[@id='username']
14:37:08.348 [main]INFO  com.dfh.utils.UI - Set text Test@123 on By.xpath: //input[@id='password']
14:37:11.677 [main]INFO  com.dfh.utils.UI - Scrolled to element: By.xpath: //button[text()='Login']
14:37:43.297 [main]INFO  com.dfh.hooks.Hooks - Running tear down after test case
14:37:43.297 [main]INFO  com.dfh.hooks.Hooks - Starting Hooks tear down function
14:37:43.650 [main]ERROR io.qameta.allure.AllureLifecycle - Could not add attachment: no test is running
14:37:43.653 [main]WARN  com.dfh.hooks.Hooks - Captured screenshot size: 90146 bytes
14:37:43.870 [main]INFO  com.dfh.hooks.Hooks - Execution Ended for Scenario: Successful login with valid credentials
14:37:43.871 [main]INFO  com.dfh.hooks.Hooks -  Scenario Successful login with valid credentials Execution Status : FAILED
14:37:43.871 [main]INFO  com.dfh.hooks.Hooks - *****************************************************************************************
14:39:16.408 [main]INFO  com.dfh.hooks.Hooks - *****************************************************************************************
14:39:16.415 [main]INFO  com.dfh.hooks.Hooks - Execution Started for Scenario: Successful login with valid credentials
14:39:16.418 [main]INFO  com.dfh.utils.PropertyLoader - Properties file loaded successfully
14:39:16.756 [main]INFO  io.github.bonigarcia.wdm.WebDriverManager - Using chromedriver 133.0.6943.126 (resolved driver for Chrome 133)
14:39:16.790 [main]INFO  io.github.bonigarcia.wdm.WebDriverManager - Exporting webdriver.chrome.driver as C:\Users\chandrasekhar.alti\.cache\selenium\chromedriver\win64\133.0.6943.126\chromedriver.exe
14:39:24.503 [main]INFO  com.dfh.utils.UI - Navigated to URL : https://practice.expandtesting.com/secure
14:39:24.541 [main]INFO  com.dfh.utils.UI - Scrolled to element: By.xpath: //input[@id='username']
14:39:24.681 [main]INFO  com.dfh.utils.UI - Set text jhon on By.xpath: //input[@id='username']
14:39:24.990 [main]INFO  com.dfh.utils.UI - Set text Test@123 on By.xpath: //input[@id='password']
14:39:30.485 [main]INFO  com.dfh.utils.UI - Scrolled to element: By.xpath: //button[text()='Login']
14:40:00.590 [main]ERROR com.dfh.utils.UI - ‚ùå Error waiting for element present: By.xpath: //div[contains(@class,'page-layout')]/descendant::a[contains(@class,'button ')]
org.openqa.selenium.TimeoutException: Expected condition failed: waiting for presence of element located by: By.xpath: //div[contains(@class,'page-layout')]/descendant::a[contains(@class,'button ')] (tried for 10 second(s) with 500 milliseconds interval)
	at org.openqa.selenium.support.ui.WebDriverWait.timeoutException(WebDriverWait.java:84) ~[selenium-support-4.27.0.jar:?]
	at org.openqa.selenium.support.ui.FluentWait.until(FluentWait.java:228) ~[selenium-support-4.27.0.jar:?]
	at com.dfh.utils.UI.waitForElementPresent(UI.java:125) ~[classes/:?]
	at com.dfh.utils.UI.isElementDisplayed(UI.java:140) ~[classes/:?]
	at com.dfh.pages.LoginPage.LoginPage.logoutButtonVisibility(LoginPage.java:44) ~[classes/:?]
	at com.dfh.stepdefinitions.LoginSteps.theUserShouldBeSuccessfullyLoggedIntoTheApplication(LoginSteps.java:25) ~[classes/:?]
	at java.base/jdk.internal.reflect.NativeMethodAccessorImpl.invoke0(Native Method) ~[?:?]
	at java.base/jdk.internal.reflect.NativeMethodAccessorImpl.invoke(NativeMethodAccessorImpl.java:77) ~[?:?]
	at java.base/jdk.internal.reflect.DelegatingMethodAccessorImpl.invoke(DelegatingMethodAccessorImpl.java:43) ~[?:?]
	at java.base/java.lang.reflect.Method.invoke(Method.java:568) ~[?:?]
	at io.cucumber.java.Invoker.doInvoke(Invoker.java:66) ~[cucumber-java-7.20.1.jar:7.20.1]
	at io.cucumber.java.Invoker.invoke(Invoker.java:24) ~[cucumber-java-7.20.1.jar:7.20.1]
	at io.cucumber.java.AbstractGlueDefinition.invokeMethod(AbstractGlueDefinition.java:47) ~[cucumber-java-7.20.1.jar:7.20.1]
	at io.cucumber.java.JavaStepDefinition.execute(JavaStepDefinition.java:29) ~[cucumber-java-7.20.1.jar:7.20.1]
	at io.cucumber.core.runner.CoreStepDefinition.execute(CoreStepDefinition.java:66) ~[cucumber-core-7.20.1.jar:7.20.1]
	at io.cucumber.core.runner.PickleStepDefinitionMatch.runStep(PickleStepDefinitionMatch.java:62) ~[cucumber-core-7.20.1.jar:7.20.1]
	at io.cucumber.core.runner.ExecutionMode$1.execute(ExecutionMode.java:10) ~[cucumber-core-7.20.1.jar:7.20.1]
	at io.cucumber.core.runner.TestStep.executeStep(TestStep.java:81) ~[cucumber-core-7.20.1.jar:7.20.1]
	at io.cucumber.core.runner.TestStep.run(TestStep.java:53) ~[cucumber-core-7.20.1.jar:7.20.1]
	at io.cucumber.core.runner.PickleStepTestStep.run(PickleStepTestStep.java:51) ~[cucumber-core-7.20.1.jar:7.20.1]
	at io.cucumber.core.runner.TestCase.run(TestCase.java:84) ~[cucumber-core-7.20.1.jar:7.20.1]
	at io.cucumber.core.runner.Runner.runPickle(Runner.java:75) ~[cucumber-core-7.20.1.jar:7.20.1]
	at io.cucumber.core.runtime.Runtime.lambda$executePickle$6(Runtime.java:107) ~[cucumber-core-7.20.1.jar:7.20.1]
	at io.cucumber.core.runtime.CucumberExecutionContext.lambda$runTestCase$5(CucumberExecutionContext.java:136) ~[cucumber-core-7.20.1.jar:7.20.1]
	at io.cucumber.core.runtime.RethrowingThrowableCollector.executeAndThrow(RethrowingThrowableCollector.java:23) ~[cucumber-core-7.20.1.jar:7.20.1]
	at io.cucumber.core.runtime.CucumberExecutionContext.runTestCase(CucumberExecutionContext.java:136) ~[cucumber-core-7.20.1.jar:7.20.1]
	at io.cucumber.core.runtime.Runtime.lambda$executePickle$7(Runtime.java:107) ~[cucumber-core-7.20.1.jar:7.20.1]
	at java.base/java.util.concurrent.Executors$RunnableAdapter.call(Executors.java:539) ~[?:?]
	at java.base/java.util.concurrent.FutureTask.run$$$capture(FutureTask.java:264) ~[?:?]
	at java.base/java.util.concurrent.FutureTask.run(FutureTask.java) ~[?:?]
	at io.cucumber.core.runtime.Runtime$SameThreadExecutorService.execute(Runtime.java:235) ~[cucumber-core-7.20.1.jar:7.20.1]
	at java.base/java.util.concurrent.AbstractExecutorService.submit(AbstractExecutorService.java:123) ~[?:?]
	at io.cucumber.core.runtime.Runtime.lambda$runFeatures$3(Runtime.java:89) ~[cucumber-core-7.20.1.jar:7.20.1]
	at java.base/java.util.stream.ReferencePipeline$3$1.accept(ReferencePipeline.java:197) ~[?:?]
	at java.base/java.util.stream.SliceOps$1$1.accept(SliceOps.java:200) ~[?:?]
	at java.base/java.util.ArrayList$ArrayListSpliterator.tryAdvance(ArrayList.java:1602) ~[?:?]
	at java.base/java.util.stream.ReferencePipeline.forEachWithCancel(ReferencePipeline.java:129) ~[?:?]
	at java.base/java.util.stream.AbstractPipeline.copyIntoWithCancel(AbstractPipeline.java:527) ~[?:?]
	at java.base/java.util.stream.AbstractPipeline.copyInto(AbstractPipeline.java:513) ~[?:?]
	at java.base/java.util.stream.AbstractPipeline.wrapAndCopyInto(AbstractPipeline.java:499) ~[?:?]
	at java.base/java.util.stream.ReduceOps$ReduceOp.evaluateSequential(ReduceOps.java:921) ~[?:?]
	at java.base/java.util.stream.AbstractPipeline.evaluate(AbstractPipeline.java:234) ~[?:?]
	at java.base/java.util.stream.ReferencePipeline.collect(ReferencePipeline.java:682) ~[?:?]
	at io.cucumber.core.runtime.Runtime.runFeatures(Runtime.java:90) ~[cucumber-core-7.20.1.jar:7.20.1]
	at io.cucumber.core.runtime.Runtime.lambda$run$0(Runtime.java:78) ~[cucumber-core-7.20.1.jar:7.20.1]
	at io.cucumber.core.runtime.CucumberExecutionContext.lambda$runFeatures$6(CucumberExecutionContext.java:147) ~[cucumber-core-7.20.1.jar:7.20.1]
	at io.cucumber.core.runtime.CucumberExecutionContext.execute(CucumberExecutionContext.java:162) [cucumber-core-7.20.1.jar:7.20.1]
	at io.cucumber.core.runtime.CucumberExecutionContext.runFeatures(CucumberExecutionContext.java:145) [cucumber-core-7.20.1.jar:7.20.1]
	at io.cucumber.core.runtime.Runtime.run(Runtime.java:78) [cucumber-core-7.20.1.jar:7.20.1]
	at io.cucumber.core.cli.Main.run(Main.java:87) [cucumber-core-7.20.1.jar:7.20.1]
	at io.cucumber.core.cli.Main.main(Main.java:30) [cucumber-core-7.20.1.jar:7.20.1]
Caused by: org.openqa.selenium.NoSuchElementException: no such element: Unable to locate element: {"method":"xpath","selector":"//div[contains(@class,'page-layout')]/descendant::a[contains(@class,'button ')]"}
  (Session info: chrome=133.0.6943.99)
For documentation on this error, please visit: https://www.selenium.dev/documentation/webdriver/troubleshooting/errors#no-such-element-exception
Build info: version: '4.27.0', revision: 'd6e718d134'
System info: os.name: 'Windows 11', os.arch: 'amd64', os.version: '10.0', java.version: '17.0.12'
Driver info: org.openqa.selenium.chrome.ChromeDriver
Command: [59f6ddd79111023aa1e6c9e74aa90805, findElement {using=xpath, value=//div[contains(@class,'page-layout')]/descendant::a[contains(@class,'button ')]}]
Capabilities {acceptInsecureCerts: false, browserName: chrome, browserVersion: 133.0.6943.99, chrome: {chromedriverVersion: 133.0.6943.126 (cffa127ce7b..., userDataDir: C:\Users\CHANDR~1.ALT\AppDa...}, fedcm:accounts: true, goog:chromeOptions: {debuggerAddress: localhost:59535}, networkConnectionEnabled: false, pageLoadStrategy: normal, platformName: windows, proxy: Proxy(), se:cdp: ws://localhost:59535/devtoo..., se:cdpVersion: 133.0.6943.99, setWindowRect: true, strictFileInteractability: false, timeouts: {implicit: 0, pageLoad: 300000, script: 30000}, unhandledPromptBehavior: dismiss and notify, webauthn:extension:credBlob: true, webauthn:extension:largeBlob: true, webauthn:extension:minPinLength: true, webauthn:extension:prf: true, webauthn:virtualAuthenticators: true}
Session ID: 59f6ddd79111023aa1e6c9e74aa90805
	at java.base/jdk.internal.reflect.NativeConstructorAccessorImpl.newInstance0(Native Method) ~[?:?]
	at java.base/jdk.internal.reflect.NativeConstructorAccessorImpl.newInstance(NativeConstructorAccessorImpl.java:77) ~[?:?]
	at java.base/jdk.internal.reflect.DelegatingConstructorAccessorImpl.newInstance(DelegatingConstructorAccessorImpl.java:45) ~[?:?]
	at java.base/java.lang.reflect.Constructor.newInstanceWithCaller(Constructor.java:499) ~[?:?]
	at java.base/java.lang.reflect.Constructor.newInstance(Constructor.java:480) ~[?:?]
	at org.openqa.selenium.remote.ErrorCodec.decode(ErrorCodec.java:167) ~[selenium-remote-driver-4.27.0.jar:?]
	at org.openqa.selenium.remote.codec.w3c.W3CHttpResponseCodec.decode(W3CHttpResponseCodec.java:138) ~[selenium-remote-driver-4.27.0.jar:?]
	at org.openqa.selenium.remote.codec.w3c.W3CHttpResponseCodec.decode(W3CHttpResponseCodec.java:50) ~[selenium-remote-driver-4.27.0.jar:?]
	at org.openqa.selenium.remote.HttpCommandExecutor.execute(HttpCommandExecutor.java:190) ~[selenium-remote-driver-4.27.0.jar:?]
	at org.openqa.selenium.remote.service.DriverCommandExecutor.invokeExecute(DriverCommandExecutor.java:216) ~[selenium-remote-driver-4.27.0.jar:?]
	at org.openqa.selenium.remote.service.DriverCommandExecutor.execute(DriverCommandExecutor.java:174) ~[selenium-remote-driver-4.27.0.jar:?]
	at org.openqa.selenium.remote.RemoteWebDriver.execute(RemoteWebDriver.java:545) ~[selenium-remote-driver-4.27.0.jar:?]
	at org.openqa.selenium.remote.ElementLocation$ElementFinder$2.findElement(ElementLocation.java:165) ~[selenium-remote-driver-4.27.0.jar:?]
	at org.openqa.selenium.remote.ElementLocation.findElement(ElementLocation.java:59) ~[selenium-remote-driver-4.27.0.jar:?]
	at org.openqa.selenium.remote.RemoteWebDriver.findElement(RemoteWebDriver.java:368) ~[selenium-remote-driver-4.27.0.jar:?]
	at org.openqa.selenium.remote.RemoteWebDriver.findElement(RemoteWebDriver.java:362) ~[selenium-remote-driver-4.27.0.jar:?]
	at jdk.internal.reflect.GeneratedMethodAccessor1.invoke(Unknown Source) ~[?:?]
	at java.base/jdk.internal.reflect.DelegatingMethodAccessorImpl.invoke(DelegatingMethodAccessorImpl.java:43) ~[?:?]
	at java.base/java.lang.reflect.Method.invoke(Method.java:568) ~[?:?]
	at org.openqa.selenium.support.ThreadGuard$WebDriverInvocationHandler.invokeUnderlying(ThreadGuard.java:99) ~[selenium-support-4.27.0.jar:?]
	at org.openqa.selenium.support.ThreadGuard$WebDriverInvocationHandler.invoke(ThreadGuard.java:91) ~[selenium-support-4.27.0.jar:?]
	at jdk.proxy2/jdk.proxy2.$Proxy27.findElement(Unknown Source) ~[?:?]
	at org.openqa.selenium.support.ui.ExpectedConditions$6.apply(ExpectedConditions.java:171) ~[selenium-support-4.27.0.jar:?]
	at org.openqa.selenium.support.ui.ExpectedConditions$6.apply(ExpectedConditions.java:168) ~[selenium-support-4.27.0.jar:?]
	at org.openqa.selenium.support.ui.FluentWait.until(FluentWait.java:203) ~[selenium-support-4.27.0.jar:?]
	... 49 more
14:40:00.617 [main]INFO  com.dfh.hooks.Hooks - Running tear down after test case
14:40:00.617 [main]INFO  com.dfh.hooks.Hooks - Starting Hooks tear down function
14:40:00.997 [main]ERROR io.qameta.allure.AllureLifecycle - Could not add attachment: no test is running
14:40:01.000 [main]WARN  com.dfh.hooks.Hooks - Captured screenshot size: 90776 bytes
14:40:01.235 [main]INFO  com.dfh.hooks.Hooks - Execution Ended for Scenario: Successful login with valid credentials
14:40:01.237 [main]INFO  com.dfh.hooks.Hooks -  Scenario Successful login with valid credentials Execution Status : FAILED
14:40:01.238 [main]INFO  com.dfh.hooks.Hooks - *****************************************************************************************
14:40:28.553 [main]INFO  com.dfh.hooks.Hooks - *****************************************************************************************
14:40:28.558 [main]INFO  com.dfh.hooks.Hooks - Execution Started for Scenario: Successful login with valid credentials
14:40:28.561 [main]INFO  com.dfh.utils.PropertyLoader - Properties file loaded successfully
14:40:28.889 [main]INFO  io.github.bonigarcia.wdm.WebDriverManager - Using chromedriver 133.0.6943.126 (resolved driver for Chrome 133)
14:40:28.959 [main]INFO  io.github.bonigarcia.wdm.WebDriverManager - Exporting webdriver.chrome.driver as C:\Users\chandrasekhar.alti\.cache\selenium\chromedriver\win64\133.0.6943.126\chromedriver.exe
14:40:35.687 [main]INFO  com.dfh.utils.UI - Navigated to URL : https://practice.expandtesting.com/secure
14:40:35.716 [main]INFO  com.dfh.utils.UI - Scrolled to element: By.xpath: //input[@id='username']
14:40:35.842 [main]INFO  com.dfh.utils.UI - Set text jhon on By.xpath: //input[@id='username']
14:40:36.035 [main]INFO  com.dfh.utils.UI - Set text Test@123 on By.xpath: //input[@id='password']
14:40:36.051 [main]INFO  com.dfh.utils.UI - Scrolled to element: By.xpath: //button[text()='Login']
14:40:46.205 [main]ERROR com.dfh.utils.UI - ‚ùå Error waiting for element present: By.xpath: //div[contains(@class,'page-layout')]/descendant::a[contains(@class,'button ')]
org.openqa.selenium.TimeoutException: Expected condition failed: waiting for presence of element located by: By.xpath: //div[contains(@class,'page-layout')]/descendant::a[contains(@class,'button ')] (tried for 10 second(s) with 500 milliseconds interval)
	at org.openqa.selenium.support.ui.WebDriverWait.timeoutException(WebDriverWait.java:84) ~[selenium-support-4.27.0.jar:?]
	at org.openqa.selenium.support.ui.FluentWait.until(FluentWait.java:228) ~[selenium-support-4.27.0.jar:?]
	at com.dfh.utils.UI.waitForElementPresent(UI.java:125) ~[classes/:?]
	at com.dfh.utils.UI.isElementDisplayed(UI.java:140) ~[classes/:?]
	at com.dfh.pages.LoginPage.LoginPage.logoutButtonVisibility(LoginPage.java:44) ~[classes/:?]
	at com.dfh.stepdefinitions.LoginSteps.theUserShouldBeSuccessfullyLoggedIntoTheApplication(LoginSteps.java:25) ~[classes/:?]
	at java.base/jdk.internal.reflect.NativeMethodAccessorImpl.invoke0(Native Method) ~[?:?]
	at java.base/jdk.internal.reflect.NativeMethodAccessorImpl.invoke(NativeMethodAccessorImpl.java:77) ~[?:?]
	at java.base/jdk.internal.reflect.DelegatingMethodAccessorImpl.invoke(DelegatingMethodAccessorImpl.java:43) ~[?:?]
	at java.base/java.lang.reflect.Method.invoke(Method.java:568) ~[?:?]
	at io.cucumber.java.Invoker.doInvoke(Invoker.java:66) ~[cucumber-java-7.20.1.jar:7.20.1]
	at io.cucumber.java.Invoker.invoke(Invoker.java:24) ~[cucumber-java-7.20.1.jar:7.20.1]
	at io.cucumber.java.AbstractGlueDefinition.invokeMethod(AbstractGlueDefinition.java:47) ~[cucumber-java-7.20.1.jar:7.20.1]
	at io.cucumber.java.JavaStepDefinition.execute(JavaStepDefinition.java:29) ~[cucumber-java-7.20.1.jar:7.20.1]
	at io.cucumber.core.runner.CoreStepDefinition.execute(CoreStepDefinition.java:66) ~[cucumber-core-7.20.1.jar:7.20.1]
	at io.cucumber.core.runner.PickleStepDefinitionMatch.runStep(PickleStepDefinitionMatch.java:62) ~[cucumber-core-7.20.1.jar:7.20.1]
	at io.cucumber.core.runner.ExecutionMode$1.execute(ExecutionMode.java:10) ~[cucumber-core-7.20.1.jar:7.20.1]
	at io.cucumber.core.runner.TestStep.executeStep(TestStep.java:81) ~[cucumber-core-7.20.1.jar:7.20.1]
	at io.cucumber.core.runner.TestStep.run(TestStep.java:53) ~[cucumber-core-7.20.1.jar:7.20.1]
	at io.cucumber.core.runner.PickleStepTestStep.run(PickleStepTestStep.java:51) ~[cucumber-core-7.20.1.jar:7.20.1]
	at io.cucumber.core.runner.TestCase.run(TestCase.java:84) ~[cucumber-core-7.20.1.jar:7.20.1]
	at io.cucumber.core.runner.Runner.runPickle(Runner.java:75) ~[cucumber-core-7.20.1.jar:7.20.1]
	at io.cucumber.core.runtime.Runtime.lambda$executePickle$6(Runtime.java:107) ~[cucumber-core-7.20.1.jar:7.20.1]
	at io.cucumber.core.runtime.CucumberExecutionContext.lambda$runTestCase$5(CucumberExecutionContext.java:136) ~[cucumber-core-7.20.1.jar:7.20.1]
	at io.cucumber.core.runtime.RethrowingThrowableCollector.executeAndThrow(RethrowingThrowableCollector.java:23) ~[cucumber-core-7.20.1.jar:7.20.1]
	at io.cucumber.core.runtime.CucumberExecutionContext.runTestCase(CucumberExecutionContext.java:136) ~[cucumber-core-7.20.1.jar:7.20.1]
	at io.cucumber.core.runtime.Runtime.lambda$executePickle$7(Runtime.java:107) ~[cucumber-core-7.20.1.jar:7.20.1]
	at java.base/java.util.concurrent.Executors$RunnableAdapter.call(Executors.java:539) ~[?:?]
	at java.base/java.util.concurrent.FutureTask.run(FutureTask.java:264) ~[?:?]
	at io.cucumber.core.runtime.Runtime$SameThreadExecutorService.execute(Runtime.java:235) ~[cucumber-core-7.20.1.jar:7.20.1]
	at java.base/java.util.concurrent.AbstractExecutorService.submit(AbstractExecutorService.java:123) ~[?:?]
	at io.cucumber.core.runtime.Runtime.lambda$runFeatures$3(Runtime.java:89) ~[cucumber-core-7.20.1.jar:7.20.1]
	at java.base/java.util.stream.ReferencePipeline$3$1.accept(ReferencePipeline.java:197) ~[?:?]
	at java.base/java.util.stream.SliceOps$1$1.accept(SliceOps.java:200) ~[?:?]
	at java.base/java.util.ArrayList$ArrayListSpliterator.tryAdvance(ArrayList.java:1602) ~[?:?]
	at java.base/java.util.stream.ReferencePipeline.forEachWithCancel(ReferencePipeline.java:129) ~[?:?]
	at java.base/java.util.stream.AbstractPipeline.copyIntoWithCancel(AbstractPipeline.java:527) ~[?:?]
	at java.base/java.util.stream.AbstractPipeline.copyInto(AbstractPipeline.java:513) ~[?:?]
	at java.base/java.util.stream.AbstractPipeline.wrapAndCopyInto(AbstractPipeline.java:499) ~[?:?]
	at java.base/java.util.stream.ReduceOps$ReduceOp.evaluateSequential(ReduceOps.java:921) ~[?:?]
	at java.base/java.util.stream.AbstractPipeline.evaluate(AbstractPipeline.java:234) ~[?:?]
	at java.base/java.util.stream.ReferencePipeline.collect(ReferencePipeline.java:682) ~[?:?]
	at io.cucumber.core.runtime.Runtime.runFeatures(Runtime.java:90) ~[cucumber-core-7.20.1.jar:7.20.1]
	at io.cucumber.core.runtime.Runtime.lambda$run$0(Runtime.java:78) ~[cucumber-core-7.20.1.jar:7.20.1]
	at io.cucumber.core.runtime.CucumberExecutionContext.lambda$runFeatures$6(CucumberExecutionContext.java:147) ~[cucumber-core-7.20.1.jar:7.20.1]
	at io.cucumber.core.runtime.CucumberExecutionContext.execute(CucumberExecutionContext.java:162) [cucumber-core-7.20.1.jar:7.20.1]
	at io.cucumber.core.runtime.CucumberExecutionContext.runFeatures(CucumberExecutionContext.java:145) [cucumber-core-7.20.1.jar:7.20.1]
	at io.cucumber.core.runtime.Runtime.run(Runtime.java:78) [cucumber-core-7.20.1.jar:7.20.1]
	at io.cucumber.core.cli.Main.run(Main.java:87) [cucumber-core-7.20.1.jar:7.20.1]
	at io.cucumber.core.cli.Main.main(Main.java:30) [cucumber-core-7.20.1.jar:7.20.1]
Caused by: org.openqa.selenium.NoSuchElementException: no such element: Unable to locate element: {"method":"xpath","selector":"//div[contains(@class,'page-layout')]/descendant::a[contains(@class,'button ')]"}
  (Session info: chrome=133.0.6943.99)
For documentation on this error, please visit: https://www.selenium.dev/documentation/webdriver/troubleshooting/errors#no-such-element-exception
Build info: version: '4.27.0', revision: 'd6e718d134'
System info: os.name: 'Windows 11', os.arch: 'amd64', os.version: '10.0', java.version: '17.0.12'
Driver info: org.openqa.selenium.chrome.ChromeDriver
Command: [3eb07b9a422d593ebf256247998c4082, findElement {using=xpath, value=//div[contains(@class,'page-layout')]/descendant::a[contains(@class,'button ')]}]
Capabilities {acceptInsecureCerts: false, browserName: chrome, browserVersion: 133.0.6943.99, chrome: {chromedriverVersion: 133.0.6943.126 (cffa127ce7b..., userDataDir: C:\Users\CHANDR~1.ALT\AppDa...}, fedcm:accounts: true, goog:chromeOptions: {debuggerAddress: localhost:59676}, networkConnectionEnabled: false, pageLoadStrategy: normal, platformName: windows, proxy: Proxy(), se:cdp: ws://localhost:59676/devtoo..., se:cdpVersion: 133.0.6943.99, setWindowRect: true, strictFileInteractability: false, timeouts: {implicit: 0, pageLoad: 300000, script: 30000}, unhandledPromptBehavior: dismiss and notify, webauthn:extension:credBlob: true, webauthn:extension:largeBlob: true, webauthn:extension:minPinLength: true, webauthn:extension:prf: true, webauthn:virtualAuthenticators: true}
Session ID: 3eb07b9a422d593ebf256247998c4082
	at java.base/jdk.internal.reflect.NativeConstructorAccessorImpl.newInstance0(Native Method) ~[?:?]
	at java.base/jdk.internal.reflect.NativeConstructorAccessorImpl.newInstance(NativeConstructorAccessorImpl.java:77) ~[?:?]
	at java.base/jdk.internal.reflect.DelegatingConstructorAccessorImpl.newInstance(DelegatingConstructorAccessorImpl.java:45) ~[?:?]
	at java.base/java.lang.reflect.Constructor.newInstanceWithCaller(Constructor.java:499) ~[?:?]
	at java.base/java.lang.reflect.Constructor.newInstance(Constructor.java:480) ~[?:?]
	at org.openqa.selenium.remote.ErrorCodec.decode(ErrorCodec.java:167) ~[selenium-remote-driver-4.27.0.jar:?]
	at org.openqa.selenium.remote.codec.w3c.W3CHttpResponseCodec.decode(W3CHttpResponseCodec.java:138) ~[selenium-remote-driver-4.27.0.jar:?]
	at org.openqa.selenium.remote.codec.w3c.W3CHttpResponseCodec.decode(W3CHttpResponseCodec.java:50) ~[selenium-remote-driver-4.27.0.jar:?]
	at org.openqa.selenium.remote.HttpCommandExecutor.execute(HttpCommandExecutor.java:190) ~[selenium-remote-driver-4.27.0.jar:?]
	at org.openqa.selenium.remote.service.DriverCommandExecutor.invokeExecute(DriverCommandExecutor.java:216) ~[selenium-remote-driver-4.27.0.jar:?]
	at org.openqa.selenium.remote.service.DriverCommandExecutor.execute(DriverCommandExecutor.java:174) ~[selenium-remote-driver-4.27.0.jar:?]
	at org.openqa.selenium.remote.RemoteWebDriver.execute(RemoteWebDriver.java:545) ~[selenium-remote-driver-4.27.0.jar:?]
	at org.openqa.selenium.remote.ElementLocation$ElementFinder$2.findElement(ElementLocation.java:165) ~[selenium-remote-driver-4.27.0.jar:?]
	at org.openqa.selenium.remote.ElementLocation.findElement(ElementLocation.java:59) ~[selenium-remote-driver-4.27.0.jar:?]
	at org.openqa.selenium.remote.RemoteWebDriver.findElement(RemoteWebDriver.java:368) ~[selenium-remote-driver-4.27.0.jar:?]
	at org.openqa.selenium.remote.RemoteWebDriver.findElement(RemoteWebDriver.java:362) ~[selenium-remote-driver-4.27.0.jar:?]
	at jdk.internal.reflect.GeneratedMethodAccessor1.invoke(Unknown Source) ~[?:?]
	at java.base/jdk.internal.reflect.DelegatingMethodAccessorImpl.invoke(DelegatingMethodAccessorImpl.java:43) ~[?:?]
	at java.base/java.lang.reflect.Method.invoke(Method.java:568) ~[?:?]
	at org.openqa.selenium.support.ThreadGuard$WebDriverInvocationHandler.invokeUnderlying(ThreadGuard.java:99) ~[selenium-support-4.27.0.jar:?]
	at org.openqa.selenium.support.ThreadGuard$WebDriverInvocationHandler.invoke(ThreadGuard.java:91) ~[selenium-support-4.27.0.jar:?]
	at jdk.proxy2/jdk.proxy2.$Proxy27.findElement(Unknown Source) ~[?:?]
	at org.openqa.selenium.support.ui.ExpectedConditions$6.apply(ExpectedConditions.java:171) ~[selenium-support-4.27.0.jar:?]
	at org.openqa.selenium.support.ui.ExpectedConditions$6.apply(ExpectedConditions.java:168) ~[selenium-support-4.27.0.jar:?]
	at org.openqa.selenium.support.ui.FluentWait.until(FluentWait.java:203) ~[selenium-support-4.27.0.jar:?]
	... 48 more
14:40:46.230 [main]INFO  com.dfh.hooks.Hooks - Running tear down after test case
14:40:46.230 [main]INFO  com.dfh.hooks.Hooks - Starting Hooks tear down function
14:40:46.587 [main]ERROR io.qameta.allure.AllureLifecycle - Could not add attachment: no test is running
14:40:46.587 [main]WARN  com.dfh.hooks.Hooks - Captured screenshot size: 95049 bytes
14:40:46.889 [main]INFO  com.dfh.hooks.Hooks - Execution Ended for Scenario: Successful login with valid credentials
14:40:46.889 [main]INFO  com.dfh.hooks.Hooks -  Scenario Successful login with valid credentials Execution Status : FAILED
14:40:46.889 [main]INFO  com.dfh.hooks.Hooks - *****************************************************************************************
14:42:10.295 [main]INFO  com.dfh.hooks.Hooks - *****************************************************************************************
14:42:10.300 [main]INFO  com.dfh.hooks.Hooks - Execution Started for Scenario: Successful login with valid credentials
14:42:10.304 [main]INFO  com.dfh.utils.PropertyLoader - Properties file loaded successfully
14:42:10.593 [main]INFO  io.github.bonigarcia.wdm.WebDriverManager - Using chromedriver 133.0.6943.126 (resolved driver for Chrome 133)
14:42:10.647 [main]INFO  io.github.bonigarcia.wdm.WebDriverManager - Exporting webdriver.chrome.driver as C:\Users\chandrasekhar.alti\.cache\selenium\chromedriver\win64\133.0.6943.126\chromedriver.exe
14:42:18.367 [main]INFO  com.dfh.utils.UI - Navigated to URL : https://practice.expandtesting.com/secure
14:42:18.398 [main]INFO  com.dfh.utils.UI - Scrolled to element: By.xpath: //input[@id='username']
14:42:18.528 [main]INFO  com.dfh.utils.UI - Set text jhon on By.xpath: //input[@id='username']
14:42:18.655 [main]INFO  com.dfh.utils.UI - Set text Test@123 on By.xpath: //input[@id='password']
14:42:18.668 [main]INFO  com.dfh.utils.UI - Scrolled to element: By.xpath: //button[text()='Login']
14:42:26.340 [main]INFO  com.dfh.hooks.Hooks - Running tear down after test case
14:42:26.340 [main]INFO  com.dfh.hooks.Hooks - Starting Hooks tear down function
14:42:26.341 [main]INFO  com.dfh.hooks.Hooks - Scenario passed so no need for the screenshot
14:42:28.206 [main]INFO  com.dfh.hooks.Hooks - Execution Ended for Scenario: Successful login with valid credentials
14:42:28.206 [main]INFO  com.dfh.hooks.Hooks -  Scenario Successful login with valid credentials Execution Status : PASSED
14:42:28.209 [main]INFO  com.dfh.hooks.Hooks - *****************************************************************************************
14:42:57.499 [main]INFO  com.dfh.hooks.Hooks - *****************************************************************************************
14:42:57.506 [main]INFO  com.dfh.hooks.Hooks - Execution Started for Scenario: Successful login with valid credentials
14:42:57.510 [main]INFO  com.dfh.utils.PropertyLoader - Properties file loaded successfully
14:42:57.817 [main]INFO  io.github.bonigarcia.wdm.WebDriverManager - Using chromedriver 133.0.6943.126 (resolved driver for Chrome 133)
14:42:57.865 [main]INFO  io.github.bonigarcia.wdm.WebDriverManager - Exporting webdriver.chrome.driver as C:\Users\chandrasekhar.alti\.cache\selenium\chromedriver\win64\133.0.6943.126\chromedriver.exe
14:43:05.956 [main]INFO  com.dfh.utils.UI - Navigated to URL : https://practice.expandtesting.com/secure
14:43:05.986 [main]INFO  com.dfh.utils.UI - Scrolled to element: By.xpath: //input[@id='username']
14:43:06.100 [main]INFO  com.dfh.utils.UI - Set text jhon on By.xpath: //input[@id='username']
14:43:06.231 [main]INFO  com.dfh.utils.UI - Set text Test@123 on By.xpath: //input[@id='password']
14:43:06.233 [main]INFO  com.dfh.utils.UI - Scrolled to element: By.xpath: //button[text()='Login']
14:43:07.439 [main]INFO  com.dfh.hooks.Hooks - Running tear down after test case
14:43:07.439 [main]INFO  com.dfh.hooks.Hooks - Starting Hooks tear down function
14:43:07.713 [main]ERROR io.qameta.allure.AllureLifecycle - Could not add attachment: no test is running
14:43:07.729 [main]WARN  com.dfh.hooks.Hooks - Captured screenshot size: 102260 bytes
14:43:08.089 [main]INFO  com.dfh.hooks.Hooks - Execution Ended for Scenario: Successful login with valid credentials
14:43:08.091 [main]INFO  com.dfh.hooks.Hooks -  Scenario Successful login with valid credentials Execution Status : FAILED
14:43:08.091 [main]INFO  com.dfh.hooks.Hooks - *****************************************************************************************
14:45:20.373 [main]INFO  com.dfh.hooks.Hooks - *****************************************************************************************
14:45:20.380 [main]INFO  com.dfh.hooks.Hooks - Execution Started for Scenario: Successful login with valid credentials
14:45:20.384 [main]INFO  com.dfh.utils.PropertyLoader - Properties file loaded successfully
14:45:20.683 [main]INFO  io.github.bonigarcia.wdm.WebDriverManager - Using chromedriver 133.0.6943.126 (resolved driver for Chrome 133)
14:45:20.740 [main]INFO  io.github.bonigarcia.wdm.WebDriverManager - Exporting webdriver.chrome.driver as C:\Users\chandrasekhar.alti\.cache\selenium\chromedriver\win64\133.0.6943.126\chromedriver.exe
14:45:28.871 [main]INFO  com.dfh.utils.UI - Navigated to URL : https://practice.expandtesting.com/secure
14:45:28.898 [main]INFO  com.dfh.utils.UI - Scrolled to element: By.xpath: //input[@id='username']
14:45:29.109 [main]INFO  com.dfh.utils.UI - Set text jhon on By.xpath: //input[@id='username']
14:45:29.282 [main]INFO  com.dfh.utils.UI - Set text Test@123 on By.xpath: //input[@id='password']
14:45:29.298 [main]INFO  com.dfh.utils.UI - Scrolled to element: By.xpath: //button[text()='Login']
14:45:30.538 [main]INFO  com.dfh.hooks.Hooks - Running tear down after test case
14:45:30.538 [main]INFO  com.dfh.hooks.Hooks - Starting Hooks tear down function
14:45:30.867 [main]ERROR io.qameta.allure.AllureLifecycle - Could not add attachment: no test is running
14:45:30.870 [main]WARN  com.dfh.hooks.Hooks - Captured screenshot size: 139454 bytes
14:45:31.143 [main]INFO  com.dfh.hooks.Hooks - Execution Ended for Scenario: Successful login with valid credentials
14:45:31.143 [main]INFO  com.dfh.hooks.Hooks -  Scenario Successful login with valid credentials Execution Status : FAILED
14:45:31.143 [main]INFO  com.dfh.hooks.Hooks - *****************************************************************************************
14:46:20.544 [main]INFO  com.dfh.hooks.Hooks - *****************************************************************************************
14:46:20.552 [main]INFO  com.dfh.hooks.Hooks - Execution Started for Scenario: Successful login with valid credentials
14:46:20.556 [main]INFO  com.dfh.utils.PropertyLoader - Properties file loaded successfully
14:46:20.847 [main]INFO  io.github.bonigarcia.wdm.WebDriverManager - Using chromedriver 133.0.6943.126 (resolved driver for Chrome 133)
14:46:20.905 [main]INFO  io.github.bonigarcia.wdm.WebDriverManager - Exporting webdriver.chrome.driver as C:\Users\chandrasekhar.alti\.cache\selenium\chromedriver\win64\133.0.6943.126\chromedriver.exe
14:46:30.623 [main]INFO  com.dfh.utils.UI - Navigated to URL : https://practice.expandtesting.com/secure
14:46:30.653 [main]INFO  com.dfh.utils.UI - Scrolled to element: By.xpath: //input[@id='username']
14:46:30.774 [main]INFO  com.dfh.utils.UI - Set text jhon on By.xpath: //input[@id='username']
14:46:30.894 [main]INFO  com.dfh.utils.UI - Set text Test@123 on By.xpath: //input[@id='password']
14:46:30.908 [main]INFO  com.dfh.utils.UI - Scrolled to element: By.xpath: //button[text()='Login']
14:46:32.050 [main]INFO  com.dfh.hooks.Hooks - Running tear down after test case
14:46:32.050 [main]INFO  com.dfh.hooks.Hooks - Starting Hooks tear down function
14:46:32.395 [main]ERROR io.qameta.allure.AllureLifecycle - Could not add attachment: no test is running
14:46:32.399 [main]WARN  com.dfh.hooks.Hooks - Captured screenshot size: 188987 bytes
14:46:32.673 [main]INFO  com.dfh.hooks.Hooks - Execution Ended for Scenario: Successful login with valid credentials
14:46:32.673 [main]INFO  com.dfh.hooks.Hooks -  Scenario Successful login with valid credentials Execution Status : FAILED
14:46:32.673 [main]INFO  com.dfh.hooks.Hooks - *****************************************************************************************
15:54:37.458 [main]INFO  com.dfh.hooks.Hooks - *****************************************************************************************
15:54:37.463 [main]INFO  com.dfh.hooks.Hooks - Execution Started for Scenario: Successful login with valid credentials
15:54:37.466 [main]INFO  com.dfh.utils.PropertyLoader - Properties file loaded successfully
15:54:37.526 [main]INFO  com.dfh.hooks.Hooks - Running tear down after test case
15:54:37.526 [main]INFO  com.dfh.hooks.Hooks - Starting Hooks tear down function
15:55:12.058 [main]INFO  com.dfh.hooks.Hooks - *****************************************************************************************
15:55:12.064 [main]INFO  com.dfh.hooks.Hooks - Execution Started for Scenario: Successful login with valid credentials
15:55:12.067 [main]INFO  com.dfh.utils.PropertyLoader - Properties file loaded successfully
15:55:12.120 [main]INFO  com.dfh.hooks.Hooks - Running tear down after test case
15:55:12.120 [main]INFO  com.dfh.hooks.Hooks - Starting Hooks tear down function
15:55:43.386 [main]INFO  com.dfh.hooks.Hooks - *****************************************************************************************
15:55:43.393 [main]INFO  com.dfh.hooks.Hooks - Execution Started for Scenario: Successful login with valid credentials
15:55:43.397 [main]INFO  com.dfh.utils.PropertyLoader - Properties file loaded successfully
15:55:43.457 [main]INFO  com.dfh.hooks.Hooks - Running tear down after test case
15:55:43.457 [main]INFO  com.dfh.hooks.Hooks - Starting Hooks tear down function
15:56:32.235 [main]INFO  com.dfh.hooks.Hooks - *****************************************************************************************
15:56:32.245 [main]INFO  com.dfh.hooks.Hooks - Execution Started for Scenario: Successful login with valid credentials
15:56:32.248 [main]INFO  com.dfh.utils.PropertyLoader - Properties file loaded successfully
15:56:32.345 [main]INFO  com.dfh.hooks.Hooks - Running tear down after test case
15:56:32.345 [main]INFO  com.dfh.hooks.Hooks - Starting Hooks tear down function
15:57:40.256 [main]INFO  com.dfh.hooks.Hooks - *****************************************************************************************
15:57:40.265 [main]INFO  com.dfh.hooks.Hooks - Execution Started for Scenario: Successful login with valid credentials
15:57:40.268 [main]INFO  com.dfh.utils.PropertyLoader - Properties file loaded successfully
15:57:42.879 [main]INFO  io.github.bonigarcia.wdm.WebDriverManager - Using msedgedriver 133.0.3065.69 (resolved driver for Edge 133)
15:57:42.901 [main]INFO  io.github.bonigarcia.wdm.WebDriverManager - Reading https://msedgedriver.azureedge.net/?restype=container&comp=list to seek msedgedriver
15:57:44.680 [main]INFO  io.github.bonigarcia.wdm.online.Downloader - Downloading https://msedgewebdriverstorage.blob.core.windows.net/edgewebdriver/133.0.3065.69/edgedriver_win64.zip
15:58:23.099 [main]INFO  io.github.bonigarcia.wdm.online.Downloader - Extracting driver from compressed file edgedriver_win64.zip
15:58:23.256 [main]INFO  io.github.bonigarcia.wdm.WebDriverManager - Exporting webdriver.edge.driver as C:\Users\chandrasekhar.alti\.cache\selenium\msedgedriver\win64\133.0.3065.69\msedgedriver.exe
15:58:23.337 [main]INFO  com.dfh.hooks.Hooks - Running tear down after test case
15:58:23.337 [main]INFO  com.dfh.hooks.Hooks - Starting Hooks tear down function
16:01:42.811 [main]INFO  com.dfh.hooks.Hooks - *****************************************************************************************
16:01:42.821 [main]INFO  com.dfh.hooks.Hooks - Execution Started for Scenario: Successful login with valid credentials
16:01:42.824 [main]INFO  com.dfh.utils.PropertyLoader - Properties file loaded successfully
16:01:43.118 [main]INFO  io.github.bonigarcia.wdm.WebDriverManager - Using msedgedriver 133.0.3065.69 (resolved driver for Edge 133)
16:01:43.148 [main]INFO  io.github.bonigarcia.wdm.WebDriverManager - Exporting webdriver.edge.driver as C:\Users\chandrasekhar.alti\.cache\selenium\msedgedriver\win64\133.0.3065.69\msedgedriver.exe
16:01:44.888 [main]INFO  com.dfh.hooks.Hooks - Running tear down after test case
16:01:44.888 [main]INFO  com.dfh.hooks.Hooks - Starting Hooks tear down function
16:02:23.532 [main]INFO  com.dfh.hooks.Hooks - *****************************************************************************************
16:02:23.541 [main]INFO  com.dfh.hooks.Hooks - Execution Started for Scenario: Successful login with valid credentials
16:02:23.544 [main]INFO  com.dfh.utils.PropertyLoader - Properties file loaded successfully
16:02:23.830 [main]INFO  io.github.bonigarcia.wdm.WebDriverManager - Using msedgedriver 133.0.3065.69 (resolved driver for Edge 133)
16:02:23.855 [main]INFO  io.github.bonigarcia.wdm.WebDriverManager - Exporting webdriver.edge.driver as C:\Users\chandrasekhar.alti\.cache\selenium\msedgedriver\win64\133.0.3065.69\msedgedriver.exe
16:02:31.568 [main]INFO  com.dfh.utils.UI - Navigated to URL : https://practice.expandtesting.com/secure
16:02:31.616 [main]INFO  com.dfh.utils.UI - Scrolled to element: By.xpath: //input[@id='username']
16:02:31.753 [main]INFO  com.dfh.utils.UI - Set text practice on By.xpath: //input[@id='username']
16:02:32.023 [main]INFO  com.dfh.utils.UI - Set text SuperSecretPassword! on By.xpath: //input[@id='password']
16:02:32.037 [main]INFO  com.dfh.utils.UI - Scrolled to element: By.xpath: //button[text()='Login']
16:02:33.245 [main]INFO  com.dfh.hooks.Hooks - Running tear down after test case
16:02:33.245 [main]INFO  com.dfh.hooks.Hooks - Starting Hooks tear down function
16:02:33.378 [main]WARN  com.dfh.hooks.Hooks - Captured screenshot size: 105380 bytes
16:02:34.834 [main]INFO  com.dfh.hooks.Hooks - Execution Ended for Scenario: Successful login with valid credentials
16:02:34.834 [main]INFO  com.dfh.hooks.Hooks -  Scenario Successful login with valid credentials Execution Status : FAILED
16:02:34.834 [main]INFO  com.dfh.hooks.Hooks - *****************************************************************************************
16:04:36.667 [main]INFO  com.dfh.hooks.Hooks - *****************************************************************************************
16:04:36.678 [main]INFO  com.dfh.hooks.Hooks - Execution Started for Scenario: Successful login with valid credentials
16:04:36.681 [main]INFO  com.dfh.utils.PropertyLoader - Properties file loaded successfully
16:04:36.978 [main]INFO  io.github.bonigarcia.wdm.WebDriverManager - Using msedgedriver 133.0.3065.69 (resolved driver for Edge 133)
16:04:37.004 [main]INFO  io.github.bonigarcia.wdm.WebDriverManager - Exporting webdriver.edge.driver as C:\Users\chandrasekhar.alti\.cache\selenium\msedgedriver\win64\133.0.3065.69\msedgedriver.exe
16:04:43.923 [main]INFO  com.dfh.utils.UI - Navigated to URL : https://practice.expandtesting.com/secure
16:04:43.959 [main]INFO  com.dfh.utils.UI - Scrolled to element: By.xpath: //input[@id='username']
16:04:44.085 [main]INFO  com.dfh.utils.UI - Set text practice on By.xpath: //input[@id='username']
16:04:44.195 [main]INFO  com.dfh.utils.UI - Set text SuperSecretPassword! on By.xpath: //input[@id='password']
16:04:44.200 [main]INFO  com.dfh.utils.UI - Scrolled to element: By.xpath: //button[text()='Login']
16:04:45.379 [main]INFO  com.dfh.hooks.Hooks - Running tear down after test case
16:04:45.379 [main]INFO  com.dfh.hooks.Hooks - Starting Hooks tear down function
16:04:45.497 [main]WARN  com.dfh.hooks.Hooks - Captured screenshot size: 109623 bytes
16:04:46.957 [main]INFO  com.dfh.hooks.Hooks - Execution Ended for Scenario: Successful login with valid credentials
16:04:46.957 [main]INFO  com.dfh.hooks.Hooks -  Scenario Successful login with valid credentials Execution Status : FAILED
16:04:46.957 [main]INFO  com.dfh.hooks.Hooks - *****************************************************************************************
16:06:24.218 [main]INFO  com.dfh.hooks.Hooks - *****************************************************************************************
16:06:24.229 [main]INFO  com.dfh.hooks.Hooks - Execution Started for Scenario: Successful login with valid credentials
16:06:24.232 [main]INFO  com.dfh.utils.PropertyLoader - Properties file loaded successfully
16:06:24.515 [main]INFO  io.github.bonigarcia.wdm.WebDriverManager - Using msedgedriver 133.0.3065.69 (resolved driver for Edge 133)
16:06:24.544 [main]INFO  io.github.bonigarcia.wdm.WebDriverManager - Exporting webdriver.edge.driver as C:\Users\chandrasekhar.alti\.cache\selenium\msedgedriver\win64\133.0.3065.69\msedgedriver.exe
16:06:31.837 [main]INFO  com.dfh.utils.UI - Navigated to URL : https://practice.expandtesting.com/secure
16:06:31.883 [main]INFO  com.dfh.utils.UI - Scrolled to element: By.xpath: //input[@id='username']
16:06:32.002 [main]INFO  com.dfh.utils.UI - Set text practice on By.xpath: //input[@id='username']
16:06:32.173 [main]INFO  com.dfh.utils.UI - Set text SuperSecretPassword! on By.xpath: //input[@id='password']
16:06:32.206 [main]INFO  com.dfh.utils.UI - Scrolled to element: By.xpath: //button[text()='Login']
16:06:33.411 [main]INFO  com.dfh.hooks.Hooks - Running tear down after test case
16:06:33.411 [main]INFO  com.dfh.hooks.Hooks - Starting Hooks tear down function
16:06:33.512 [main]WARN  com.dfh.hooks.Hooks - Captured screenshot size: 94685 bytes
16:06:34.998 [main]INFO  com.dfh.hooks.Hooks - Execution Ended for Scenario: Successful login with valid credentials
16:06:34.998 [main]INFO  com.dfh.hooks.Hooks -  Scenario Successful login with valid credentials Execution Status : FAILED
16:06:34.998 [main]INFO  com.dfh.hooks.Hooks - *****************************************************************************************
16:26:22.359 [main]INFO  com.dfh.hooks.Hooks - *****************************************************************************************
16:26:22.398 [main]INFO  com.dfh.hooks.Hooks - Execution Started for Scenario: Successful login with valid credentials
16:26:22.404 [main]INFO  com.dfh.utils.PropertyLoader - Properties file loaded successfully
16:26:22.885 [main]INFO  io.github.bonigarcia.wdm.WebDriverManager - Using msedgedriver 133.0.3065.69 (resolved driver for Edge 133)
16:26:22.926 [main]INFO  io.github.bonigarcia.wdm.WebDriverManager - Exporting webdriver.edge.driver as C:\Users\chandrasekhar.alti\.cache\selenium\msedgedriver\win64\133.0.3065.69\msedgedriver.exe
16:26:29.388 [main]INFO  com.dfh.utils.UI - Navigated to URL : https://practice.expandtesting.com/secure
16:26:29.430 [main]INFO  com.dfh.utils.UI - Scrolled to element: By.xpath: //input[@id='username']
16:26:29.555 [main]INFO  com.dfh.utils.UI - Set text practice on By.xpath: //input[@id='username']
16:26:29.679 [main]INFO  com.dfh.utils.UI - Set text SuperSecretPassword! on By.xpath: //input[@id='password']
16:27:04.481 [main]INFO  com.dfh.utils.UI - Scrolled to element: By.xpath: //button[text()='Login']
16:27:29.808 [main]INFO  com.dfh.hooks.Hooks - Running tear down after test case
16:27:29.808 [main]INFO  com.dfh.hooks.Hooks - Starting Hooks tear down function
16:27:29.972 [main]WARN  com.dfh.hooks.Hooks - Captured screenshot size: 189702 bytes
16:27:31.292 [main]INFO  com.dfh.hooks.Hooks - Execution Ended for Scenario: Successful login with valid credentials
16:27:31.294 [main]INFO  com.dfh.hooks.Hooks -  Scenario Successful login with valid credentials Execution Status : FAILED
16:27:31.294 [main]INFO  com.dfh.hooks.Hooks - *****************************************************************************************
16:27:36.505 [main]INFO  com.dfh.hooks.Hooks - *****************************************************************************************
16:27:36.506 [main]INFO  com.dfh.hooks.Hooks - Execution Started for Scenario: Successful login with valid credentials
16:27:36.506 [main]INFO  com.dfh.utils.PropertyLoader - Properties file loaded successfully
16:27:36.815 [main]INFO  io.github.bonigarcia.wdm.WebDriverManager - Using msedgedriver 133.0.3065.69 (resolved driver for Edge 133)
16:27:36.842 [main]INFO  io.github.bonigarcia.wdm.WebDriverManager - Exporting webdriver.edge.driver as C:\Users\chandrasekhar.alti\.cache\selenium\msedgedriver\win64\133.0.3065.69\msedgedriver.exe
16:27:46.492 [main]INFO  com.dfh.utils.UI - Navigated to URL : https://practice.expandtesting.com/secure
16:27:46.516 [main]INFO  com.dfh.utils.UI - Scrolled to element: By.xpath: //input[@id='username']
16:27:46.628 [main]INFO  com.dfh.utils.UI - Set text practice on By.xpath: //input[@id='username']
16:27:46.734 [main]INFO  com.dfh.utils.UI - Set text SuperSecretPassword! on By.xpath: //input[@id='password']
16:27:46.749 [main]INFO  com.dfh.utils.UI - Scrolled to element: By.xpath: //button[text()='Login']
16:27:47.870 [main]INFO  com.dfh.hooks.Hooks - Running tear down after test case
16:27:47.870 [main]INFO  com.dfh.hooks.Hooks - Starting Hooks tear down function
16:27:47.991 [main]WARN  com.dfh.hooks.Hooks - Captured screenshot size: 201697 bytes
16:27:49.315 [main]INFO  com.dfh.hooks.Hooks - Execution Ended for Scenario: Successful login with valid credentials
16:27:49.315 [main]INFO  com.dfh.hooks.Hooks -  Scenario Successful login with valid credentials Execution Status : FAILED
16:27:49.317 [main]INFO  com.dfh.hooks.Hooks - *****************************************************************************************
16:29:13.940 [main]INFO  com.dfh.hooks.Hooks - *****************************************************************************************
16:29:13.950 [main]INFO  com.dfh.hooks.Hooks - Execution Started for Scenario: Successful login with valid credentials
16:29:13.954 [main]INFO  com.dfh.utils.PropertyLoader - Properties file loaded successfully
16:29:14.254 [main]INFO  io.github.bonigarcia.wdm.WebDriverManager - Using msedgedriver 133.0.3065.69 (resolved driver for Edge 133)
16:29:14.286 [main]INFO  io.github.bonigarcia.wdm.WebDriverManager - Exporting webdriver.edge.driver as C:\Users\chandrasekhar.alti\.cache\selenium\msedgedriver\win64\133.0.3065.69\msedgedriver.exe
16:29:21.787 [main]INFO  com.dfh.utils.UI - Navigated to URL : https://practice.expandtesting.com/secure
16:29:21.836 [main]INFO  com.dfh.utils.UI - Scrolled to element: By.xpath: //input[@id='username']
16:29:21.974 [main]INFO  com.dfh.utils.UI - Set text practice on By.xpath: //input[@id='username']
16:29:22.095 [main]INFO  com.dfh.utils.UI - Set text SuperSecretPassword! on By.xpath: //input[@id='password']
16:29:22.111 [main]INFO  com.dfh.utils.UI - Scrolled to element: By.xpath: //button[text()='Login']
16:29:23.767 [main]INFO  com.dfh.hooks.Hooks - Running tear down after test case
16:29:23.767 [main]INFO  com.dfh.hooks.Hooks - Starting Hooks tear down function
16:29:23.887 [main]WARN  com.dfh.hooks.Hooks - Captured screenshot size: 105249 bytes
16:29:25.266 [main]INFO  com.dfh.hooks.Hooks - Execution Ended for Scenario: Successful login with valid credentials
16:29:25.266 [main]INFO  com.dfh.hooks.Hooks -  Scenario Successful login with valid credentials Execution Status : FAILED
16:29:25.266 [main]INFO  com.dfh.hooks.Hooks - *****************************************************************************************
16:29:40.479 [main]INFO  com.dfh.hooks.Hooks - *****************************************************************************************
16:29:40.486 [main]INFO  com.dfh.hooks.Hooks - Execution Started for Scenario: Successful login with valid credentials
16:29:40.491 [main]INFO  com.dfh.utils.PropertyLoader - Properties file loaded successfully
16:29:40.819 [main]INFO  io.github.bonigarcia.wdm.WebDriverManager - Using msedgedriver 133.0.3065.69 (resolved driver for Edge 133)
16:29:40.850 [main]INFO  io.github.bonigarcia.wdm.WebDriverManager - Exporting webdriver.edge.driver as C:\Users\chandrasekhar.alti\.cache\selenium\msedgedriver\win64\133.0.3065.69\msedgedriver.exe
16:29:50.389 [main]INFO  com.dfh.utils.UI - Navigated to URL : https://practice.expandtesting.com/secure
16:29:50.431 [main]INFO  com.dfh.utils.UI - Scrolled to element: By.xpath: //input[@id='username']
16:29:50.564 [main]INFO  com.dfh.utils.UI - Set text practice on By.xpath: //input[@id='username']
16:29:50.709 [main]INFO  com.dfh.utils.UI - Set text SuperSecretPassword! on By.xpath: //input[@id='password']
16:29:50.723 [main]INFO  com.dfh.utils.UI - Scrolled to element: By.xpath: //button[text()='Login']
16:29:56.890 [main]INFO  com.dfh.hooks.Hooks - Running tear down after test case
16:29:56.890 [main]INFO  com.dfh.hooks.Hooks - Starting Hooks tear down function
16:29:57.020 [main]WARN  com.dfh.hooks.Hooks - Captured screenshot size: 105213 bytes
16:29:58.451 [main]INFO  com.dfh.hooks.Hooks - Execution Ended for Scenario: Successful login with valid credentials
16:29:58.451 [main]INFO  com.dfh.hooks.Hooks -  Scenario Successful login with valid credentials Execution Status : FAILED
16:29:58.451 [main]INFO  com.dfh.hooks.Hooks - *****************************************************************************************
16:30:28.004 [main]INFO  com.dfh.hooks.Hooks - *****************************************************************************************
16:30:28.017 [main]INFO  com.dfh.hooks.Hooks - Execution Started for Scenario: Successful login with valid credentials
16:30:28.017 [main]INFO  com.dfh.utils.PropertyLoader - Properties file loaded successfully
16:30:28.304 [main]INFO  io.github.bonigarcia.wdm.WebDriverManager - Using msedgedriver 133.0.3065.69 (resolved driver for Edge 133)
16:30:28.335 [main]INFO  io.github.bonigarcia.wdm.WebDriverManager - Exporting webdriver.edge.driver as C:\Users\chandrasekhar.alti\.cache\selenium\msedgedriver\win64\133.0.3065.69\msedgedriver.exe
16:30:36.842 [main]INFO  com.dfh.utils.UI - Navigated to URL : https://practice.expandtesting.com/secure
16:30:36.876 [main]INFO  com.dfh.utils.UI - Scrolled to element: By.xpath: //input[@id='username']
16:30:36.989 [main]INFO  com.dfh.utils.UI - Set text practice on By.xpath: //input[@id='username']
16:30:37.128 [main]INFO  com.dfh.utils.UI - Set text SuperSecretPassword! on By.xpath: //input[@id='password']
16:30:37.141 [main]INFO  com.dfh.utils.UI - Scrolled to element: By.xpath: //button[text()='Login']
16:30:44.900 [main]INFO  com.dfh.hooks.Hooks - Running tear down after test case
16:30:44.900 [main]INFO  com.dfh.hooks.Hooks - Starting Hooks tear down function
16:30:45.030 [main]WARN  com.dfh.hooks.Hooks - Captured screenshot size: 113939 bytes
16:30:46.465 [main]INFO  com.dfh.hooks.Hooks - Execution Ended for Scenario: Successful login with valid credentials
16:30:46.465 [main]INFO  com.dfh.hooks.Hooks -  Scenario Successful login with valid credentials Execution Status : FAILED
16:30:46.465 [main]INFO  com.dfh.hooks.Hooks - *****************************************************************************************
16:35:37.625 [main]INFO  com.dfh.hooks.Hooks - *****************************************************************************************
16:35:37.641 [main]INFO  com.dfh.hooks.Hooks - Execution Started for Scenario: Successful login with valid credentials
16:35:37.641 [main]INFO  com.dfh.utils.PropertyLoader - Properties file loaded successfully
16:35:37.931 [main]INFO  io.github.bonigarcia.wdm.WebDriverManager - Using msedgedriver 133.0.3065.69 (resolved driver for Edge 133)
16:35:37.963 [main]INFO  io.github.bonigarcia.wdm.WebDriverManager - Exporting webdriver.edge.driver as C:\Users\chandrasekhar.alti\.cache\selenium\msedgedriver\win64\133.0.3065.69\msedgedriver.exe
16:35:46.472 [main]INFO  com.dfh.utils.UI - Navigated to URL : https://practice.expandtesting.com/secure
16:35:46.509 [main]INFO  com.dfh.utils.UI - Scrolled to element: By.xpath: //input[@id='username']
16:35:46.691 [main]INFO  com.dfh.utils.UI - Set text practice on By.xpath: //input[@id='username']
16:35:46.849 [main]INFO  com.dfh.utils.UI - Set text SuperSecretPassword! on By.xpath: //input[@id='password']
16:35:47.150 [main]INFO  com.dfh.utils.UI - Scrolled to element: By.xpath: //button[text()='Login']
16:35:54.516 [main]INFO  com.dfh.hooks.Hooks - Running tear down after test case
16:35:54.516 [main]INFO  com.dfh.hooks.Hooks - Starting Hooks tear down function
16:35:54.706 [main]WARN  com.dfh.hooks.Hooks - Captured screenshot size: 267337 bytes
16:35:56.171 [main]INFO  com.dfh.hooks.Hooks - Execution Ended for Scenario: Successful login with valid credentials
16:35:56.175 [main]INFO  com.dfh.hooks.Hooks -  Scenario Successful login with valid credentials Execution Status : FAILED
16:35:56.175 [main]INFO  com.dfh.hooks.Hooks - *****************************************************************************************
16:36:39.253 [main]INFO  com.dfh.hooks.Hooks - *****************************************************************************************
16:36:39.271 [main]INFO  com.dfh.hooks.Hooks - Execution Started for Scenario: Successful login with valid credentials
16:36:39.271 [main]INFO  com.dfh.utils.PropertyLoader - Properties file loaded successfully
16:36:39.575 [main]INFO  io.github.bonigarcia.wdm.WebDriverManager - Using msedgedriver 133.0.3065.69 (resolved driver for Edge 133)
16:36:39.607 [main]INFO  io.github.bonigarcia.wdm.WebDriverManager - Exporting webdriver.edge.driver as C:\Users\chandrasekhar.alti\.cache\selenium\msedgedriver\win64\133.0.3065.69\msedgedriver.exe
16:37:20.667 [main]INFO  com.dfh.utils.UI - Navigated to URL : https://practice.expandtesting.com/secure
16:37:20.708 [main]INFO  com.dfh.utils.UI - Scrolled to element: By.xpath: //input[@id='username']
16:37:20.841 [main]INFO  com.dfh.utils.UI - Set text practice on By.xpath: //input[@id='username']
16:37:20.970 [main]INFO  com.dfh.utils.UI - Set text SuperSecretPassword! on By.xpath: //input[@id='password']
16:37:21.267 [main]INFO  com.dfh.utils.UI - Scrolled to element: By.xpath: //button[text()='Login']
16:37:56.393 [main]INFO  com.dfh.utils.UI - Clicked on Element: By.xpath: //button[text()='Login']
16:37:56.512 [main]INFO  com.dfh.hooks.Hooks - Running tear down after test case
16:37:56.512 [main]INFO  com.dfh.hooks.Hooks - Starting Hooks tear down function
16:37:56.657 [main]WARN  com.dfh.hooks.Hooks - Captured screenshot size: 100540 bytes
16:37:58.061 [main]INFO  com.dfh.hooks.Hooks - Execution Ended for Scenario: Successful login with valid credentials
16:37:58.061 [main]INFO  com.dfh.hooks.Hooks -  Scenario Successful login with valid credentials Execution Status : FAILED
16:37:58.061 [main]INFO  com.dfh.hooks.Hooks - *****************************************************************************************
16:38:24.184 [main]INFO  com.dfh.hooks.Hooks - *****************************************************************************************
16:38:24.200 [main]INFO  com.dfh.hooks.Hooks - Execution Started for Scenario: Successful login with valid credentials
16:38:24.200 [main]INFO  com.dfh.utils.PropertyLoader - Properties file loaded successfully
16:38:24.505 [main]INFO  io.github.bonigarcia.wdm.WebDriverManager - Using msedgedriver 133.0.3065.69 (resolved driver for Edge 133)
16:38:24.520 [main]INFO  io.github.bonigarcia.wdm.WebDriverManager - Exporting webdriver.edge.driver as C:\Users\chandrasekhar.alti\.cache\selenium\msedgedriver\win64\133.0.3065.69\msedgedriver.exe
16:39:10.330 [main]INFO  com.dfh.utils.UI - Navigated to URL : https://practice.expandtesting.com/secure
16:39:10.374 [main]INFO  com.dfh.utils.UI - Scrolled to element: By.xpath: //input[@id='username']
16:39:10.495 [main]INFO  com.dfh.utils.UI - Set text practice on By.xpath: //input[@id='username']
16:39:10.606 [main]INFO  com.dfh.utils.UI - Set text SuperSecretPassword! on By.xpath: //input[@id='password']
16:39:10.895 [main]INFO  com.dfh.utils.UI - Scrolled to element: By.xpath: //button[text()='Login']
16:39:13.624 [main]INFO  com.dfh.utils.UI - Clicked on Element: By.xpath: //button[text()='Login']
16:39:13.709 [main]INFO  com.dfh.hooks.Hooks - Running tear down after test case
16:39:13.709 [main]INFO  com.dfh.hooks.Hooks - Starting Hooks tear down function
16:39:13.710 [main]INFO  com.dfh.hooks.Hooks - Scenario passed so no need for the screenshot
16:39:15.028 [main]INFO  com.dfh.hooks.Hooks - Execution Ended for Scenario: Successful login with valid credentials
16:39:15.028 [main]INFO  com.dfh.hooks.Hooks -  Scenario Successful login with valid credentials Execution Status : PASSED
16:39:15.028 [main]INFO  com.dfh.hooks.Hooks - *****************************************************************************************
16:45:25.910 [main]INFO  com.dfh.hooks.Hooks - *****************************************************************************************
16:45:25.910 [main]INFO  com.dfh.hooks.Hooks - Execution Started for Scenario: successful loin for multiple users
16:45:25.920 [main]INFO  com.dfh.utils.PropertyLoader - Properties file loaded successfully
16:45:26.221 [main]INFO  io.github.bonigarcia.wdm.WebDriverManager - Using msedgedriver 133.0.3065.69 (resolved driver for Edge 133)
16:45:26.268 [main]INFO  io.github.bonigarcia.wdm.WebDriverManager - Exporting webdriver.edge.driver as C:\Users\chandrasekhar.alti\.cache\selenium\msedgedriver\win64\133.0.3065.69\msedgedriver.exe
16:45:35.877 [main]INFO  com.dfh.utils.UI - Navigated to URL : https://practice.expandtesting.com/secure
16:45:35.895 [main]INFO  com.dfh.hooks.Hooks - Running tear down after test case
16:45:35.895 [main]INFO  com.dfh.hooks.Hooks - Starting Hooks tear down function
16:45:35.895 [main]INFO  com.dfh.hooks.Hooks - Scenario passed so no need for the screenshot
16:45:37.251 [main]INFO  com.dfh.hooks.Hooks - Execution Ended for Scenario: successful loin for multiple users
16:45:37.251 [main]INFO  com.dfh.hooks.Hooks -  Scenario successful loin for multiple users Execution Status : UNDEFINED
16:45:37.251 [main]INFO  com.dfh.hooks.Hooks - *****************************************************************************************
16:45:59.224 [main]INFO  com.dfh.hooks.Hooks - *****************************************************************************************
16:45:59.227 [main]INFO  com.dfh.hooks.Hooks - Execution Started for Scenario: successful loin for multiple users
16:45:59.227 [main]INFO  com.dfh.utils.PropertyLoader - Properties file loaded successfully
16:45:59.511 [main]INFO  io.github.bonigarcia.wdm.WebDriverManager - Using msedgedriver 133.0.3065.69 (resolved driver for Edge 133)
16:45:59.560 [main]INFO  io.github.bonigarcia.wdm.WebDriverManager - Exporting webdriver.edge.driver as C:\Users\chandrasekhar.alti\.cache\selenium\msedgedriver\win64\133.0.3065.69\msedgedriver.exe
16:46:07.883 [main]INFO  com.dfh.utils.UI - Navigated to URL : https://practice.expandtesting.com/secure
16:46:07.911 [main]INFO  com.dfh.hooks.Hooks - Running tear down after test case
16:46:07.911 [main]INFO  com.dfh.hooks.Hooks - Starting Hooks tear down function
16:46:07.912 [main]INFO  com.dfh.hooks.Hooks - Scenario passed so no need for the screenshot
16:46:09.146 [main]INFO  com.dfh.hooks.Hooks - Execution Ended for Scenario: successful loin for multiple users
16:46:09.146 [main]INFO  com.dfh.hooks.Hooks -  Scenario successful loin for multiple users Execution Status : UNDEFINED
16:46:09.146 [main]INFO  com.dfh.hooks.Hooks - *****************************************************************************************
16:46:19.564 [main]INFO  com.dfh.hooks.Hooks - *****************************************************************************************
16:46:19.564 [main]INFO  com.dfh.hooks.Hooks - Execution Started for Scenario: successful loin for multiple users
16:46:19.564 [main]INFO  com.dfh.utils.PropertyLoader - Properties file loaded successfully
16:46:19.870 [main]INFO  io.github.bonigarcia.wdm.WebDriverManager - Using msedgedriver 133.0.3065.69 (resolved driver for Edge 133)
16:46:19.886 [main]INFO  io.github.bonigarcia.wdm.WebDriverManager - Exporting webdriver.edge.driver as C:\Users\chandrasekhar.alti\.cache\selenium\msedgedriver\win64\133.0.3065.69\msedgedriver.exe
16:46:34.094 [main]INFO  com.dfh.utils.UI - Navigated to URL : https://practice.expandtesting.com/secure
16:46:34.131 [main]INFO  com.dfh.utils.UI - Scrolled to element: By.xpath: //input[@id='username']
16:46:34.252 [main]INFO  com.dfh.utils.UI - Set text userName on By.xpath: //input[@id='username']
16:46:34.376 [main]INFO  com.dfh.utils.UI - Set text password on By.xpath: //input[@id='password']
16:46:34.676 [main]INFO  com.dfh.utils.UI - Scrolled to element: By.xpath: //button[text()='Login']
16:46:36.886 [main]INFO  com.dfh.utils.UI - Clicked on Element: By.xpath: //button[text()='Login']
16:46:36.915 [main]INFO  com.dfh.hooks.Hooks - Running tear down after test case
16:46:36.915 [main]INFO  com.dfh.hooks.Hooks - Starting Hooks tear down function
16:46:36.915 [main]INFO  com.dfh.hooks.Hooks - Scenario passed so no need for the screenshot
16:46:38.242 [main]INFO  com.dfh.hooks.Hooks - Execution Ended for Scenario: successful loin for multiple users
16:46:38.246 [main]INFO  com.dfh.hooks.Hooks -  Scenario successful loin for multiple users Execution Status : PASSED
16:46:38.246 [main]INFO  com.dfh.hooks.Hooks - *****************************************************************************************
16:49:09.128 [main]INFO  com.dfh.hooks.Hooks - *****************************************************************************************
16:49:09.133 [main]INFO  com.dfh.hooks.Hooks - Execution Started for Scenario: successful loin for multiple users
16:49:09.136 [main]INFO  com.dfh.utils.PropertyLoader - Properties file loaded successfully
16:49:09.429 [main]INFO  io.github.bonigarcia.wdm.WebDriverManager - Using msedgedriver 133.0.3065.69 (resolved driver for Edge 133)
16:49:09.476 [main]INFO  io.github.bonigarcia.wdm.WebDriverManager - Exporting webdriver.edge.driver as C:\Users\chandrasekhar.alti\.cache\selenium\msedgedriver\win64\133.0.3065.69\msedgedriver.exe
16:49:14.986 [main]INFO  com.dfh.utils.UI - Navigated to URL : https://practice.expandtesting.com/secure
16:49:15.034 [main]INFO  com.dfh.utils.UI - Scrolled to element: By.xpath: //input[@id='username']
16:49:15.139 [main]INFO  com.dfh.utils.UI - Set text userName on By.xpath: //input[@id='username']
16:49:15.226 [main]INFO  com.dfh.utils.UI - Set text password on By.xpath: //input[@id='password']
16:49:15.522 [main]INFO  com.dfh.utils.UI - Scrolled to element: By.xpath: //button[text()='Login']
16:52:15.597 [main]INFO  com.dfh.hooks.Hooks - Running tear down after test case
16:52:15.597 [main]INFO  com.dfh.hooks.Hooks - Starting Hooks tear down function
16:52:38.226 [main]INFO  com.dfh.hooks.Hooks - *****************************************************************************************
16:52:38.238 [main]INFO  com.dfh.hooks.Hooks - Execution Started for Scenario: Successful login with valid credentials
16:52:38.240 [main]INFO  com.dfh.utils.PropertyLoader - Properties file loaded successfully
16:52:38.615 [main]INFO  io.github.bonigarcia.wdm.WebDriverManager - Using msedgedriver 133.0.3065.69 (resolved driver for Edge 133)
16:52:38.643 [main]INFO  io.github.bonigarcia.wdm.WebDriverManager - Exporting webdriver.edge.driver as C:\Users\chandrasekhar.alti\.cache\selenium\msedgedriver\win64\133.0.3065.69\msedgedriver.exe
16:52:48.034 [main]INFO  com.dfh.utils.UI - Navigated to URL : https://practice.expandtesting.com/secure
16:52:48.064 [main]INFO  com.dfh.utils.UI - Scrolled to element: By.xpath: //input[@id='username']
16:52:48.239 [main]INFO  com.dfh.utils.UI - Set text practice on By.xpath: //input[@id='username']
16:52:48.399 [main]INFO  com.dfh.utils.UI - Set text SuperSecretPassword! on By.xpath: //input[@id='password']
16:52:48.703 [main]INFO  com.dfh.utils.UI - Scrolled to element: By.xpath: //button[text()='Login']
16:52:52.017 [main]INFO  com.dfh.utils.UI - Clicked on Element: By.xpath: //button[text()='Login']
16:52:52.119 [main]INFO  com.dfh.hooks.Hooks - Running tear down after test case
16:52:52.119 [main]INFO  com.dfh.hooks.Hooks - Starting Hooks tear down function
16:52:52.120 [main]INFO  com.dfh.hooks.Hooks - Scenario passed so no need for the screenshot
16:52:53.431 [main]INFO  com.dfh.hooks.Hooks - Execution Ended for Scenario: Successful login with valid credentials
16:52:53.432 [main]INFO  com.dfh.hooks.Hooks -  Scenario Successful login with valid credentials Execution Status : PASSED
16:52:53.432 [main]INFO  com.dfh.hooks.Hooks - *****************************************************************************************
16:52:53.506 [main]INFO  com.dfh.hooks.Hooks - *****************************************************************************************
16:52:53.506 [main]INFO  com.dfh.hooks.Hooks - Execution Started for Scenario: successful loin for multiple users
16:52:53.532 [main]INFO  io.github.bonigarcia.wdm.WebDriverManager - Using msedgedriver 133.0.3065.69 (resolved driver for Edge 133)
16:52:53.549 [main]INFO  io.github.bonigarcia.wdm.WebDriverManager - Exporting webdriver.edge.driver as C:\Users\chandrasekhar.alti\.cache\selenium\msedgedriver\win64\133.0.3065.69\msedgedriver.exe
16:53:03.477 [main]INFO  com.dfh.utils.UI - Navigated to URL : https://practice.expandtesting.com/secure
16:53:03.498 [main]INFO  com.dfh.utils.UI - Scrolled to element: By.xpath: //input[@id='username']
16:53:03.648 [main]INFO  com.dfh.utils.UI - Set text practice on By.xpath: //input[@id='username']
16:53:03.769 [main]INFO  com.dfh.utils.UI - Set text SuperSecretPassword! on By.xpath: //input[@id='password']
16:53:04.071 [main]INFO  com.dfh.utils.UI - Scrolled to element: By.xpath: //button[text()='Login']
16:53:06.101 [main]INFO  com.dfh.utils.UI - Clicked on Element: By.xpath: //button[text()='Login']
16:53:06.153 [main]INFO  com.dfh.hooks.Hooks - Running tear down after test case
16:53:06.153 [main]INFO  com.dfh.hooks.Hooks - Starting Hooks tear down function
16:53:06.153 [main]INFO  com.dfh.hooks.Hooks - Scenario passed so no need for the screenshot
16:53:07.501 [main]INFO  com.dfh.hooks.Hooks - Execution Ended for Scenario: successful loin for multiple users
16:53:07.501 [main]INFO  com.dfh.hooks.Hooks -  Scenario successful loin for multiple users Execution Status : UNDEFINED
16:53:07.502 [main]INFO  com.dfh.hooks.Hooks - *****************************************************************************************
16:53:07.524 [main]INFO  com.dfh.hooks.Hooks - *****************************************************************************************
16:53:07.524 [main]INFO  com.dfh.hooks.Hooks - Execution Started for Scenario: successful loin for multiple users
16:53:07.546 [main]INFO  io.github.bonigarcia.wdm.WebDriverManager - Using msedgedriver 133.0.3065.69 (resolved driver for Edge 133)
16:53:07.567 [main]INFO  io.github.bonigarcia.wdm.WebDriverManager - Exporting webdriver.edge.driver as C:\Users\chandrasekhar.alti\.cache\selenium\msedgedriver\win64\133.0.3065.69\msedgedriver.exe
16:53:16.663 [main]INFO  com.dfh.utils.UI - Navigated to URL : https://practice.expandtesting.com/secure
16:53:16.701 [main]INFO  com.dfh.utils.UI - Scrolled to element: By.xpath: //input[@id='username']
16:53:16.857 [main]INFO  com.dfh.utils.UI - Set text jhon on By.xpath: //input[@id='username']
16:53:16.965 [main]INFO  com.dfh.utils.UI - Set text Text@123 on By.xpath: //input[@id='password']
16:53:17.270 [main]INFO  com.dfh.utils.UI - Scrolled to element: By.xpath: //button[text()='Login']
16:53:19.171 [main]INFO  com.dfh.utils.UI - Clicked on Element: By.xpath: //button[text()='Login']
16:53:29.247 [main]ERROR com.dfh.utils.UI - ‚ùå Error waiting for element present: By.xpath: //div[contains(@class,'page-layout')]/descendant::a[contains(@class,'button ')]
org.openqa.selenium.TimeoutException: Expected condition failed: waiting for presence of element located by: By.xpath: //div[contains(@class,'page-layout')]/descendant::a[contains(@class,'button ')] (tried for 10 second(s) with 500 milliseconds interval)
	at org.openqa.selenium.support.ui.WebDriverWait.timeoutException(WebDriverWait.java:84) ~[selenium-support-4.27.0.jar:?]
	at org.openqa.selenium.support.ui.FluentWait.until(FluentWait.java:228) ~[selenium-support-4.27.0.jar:?]
	at com.dfh.utils.UI.waitForElementPresent(UI.java:125) ~[classes/:?]
	at com.dfh.utils.UI.isElementDisplayed(UI.java:140) ~[classes/:?]
	at com.dfh.pages.LoginPage.LoginPage.logoutButtonVisibility(LoginPage.java:49) ~[classes/:?]
	at com.dfh.stepdefinitions.LoginSteps.theUserShouldBeSuccessfullyLoggedIntoTheApplication(LoginSteps.java:24) ~[classes/:?]
	at java.base/jdk.internal.reflect.NativeMethodAccessorImpl.invoke0(Native Method) ~[?:?]
	at java.base/jdk.internal.reflect.NativeMethodAccessorImpl.invoke(NativeMethodAccessorImpl.java:77) ~[?:?]
	at java.base/jdk.internal.reflect.DelegatingMethodAccessorImpl.invoke(DelegatingMethodAccessorImpl.java:43) ~[?:?]
	at java.base/java.lang.reflect.Method.invoke(Method.java:568) ~[?:?]
	at io.cucumber.java.Invoker.doInvoke(Invoker.java:66) ~[cucumber-java-7.20.1.jar:7.20.1]
	at io.cucumber.java.Invoker.invoke(Invoker.java:24) ~[cucumber-java-7.20.1.jar:7.20.1]
	at io.cucumber.java.AbstractGlueDefinition.invokeMethod(AbstractGlueDefinition.java:47) ~[cucumber-java-7.20.1.jar:7.20.1]
	at io.cucumber.java.JavaStepDefinition.execute(JavaStepDefinition.java:29) ~[cucumber-java-7.20.1.jar:7.20.1]
	at io.cucumber.core.runner.CoreStepDefinition.execute(CoreStepDefinition.java:66) ~[cucumber-core-7.20.1.jar:7.20.1]
	at io.cucumber.core.runner.PickleStepDefinitionMatch.runStep(PickleStepDefinitionMatch.java:62) ~[cucumber-core-7.20.1.jar:7.20.1]
	at io.cucumber.core.runner.ExecutionMode$1.execute(ExecutionMode.java:10) ~[cucumber-core-7.20.1.jar:7.20.1]
	at io.cucumber.core.runner.TestStep.executeStep(TestStep.java:81) ~[cucumber-core-7.20.1.jar:7.20.1]
	at io.cucumber.core.runner.TestStep.run(TestStep.java:53) ~[cucumber-core-7.20.1.jar:7.20.1]
	at io.cucumber.core.runner.PickleStepTestStep.run(PickleStepTestStep.java:51) ~[cucumber-core-7.20.1.jar:7.20.1]
	at io.cucumber.core.runner.TestCase.run(TestCase.java:84) ~[cucumber-core-7.20.1.jar:7.20.1]
	at io.cucumber.core.runner.Runner.runPickle(Runner.java:75) ~[cucumber-core-7.20.1.jar:7.20.1]
	at io.cucumber.junit.PickleRunners$NoStepDescriptions.lambda$run$0(PickleRunners.java:151) ~[cucumber-junit-7.20.1.jar:7.20.1]
	at io.cucumber.core.runtime.CucumberExecutionContext.lambda$runTestCase$5(CucumberExecutionContext.java:136) ~[cucumber-core-7.20.1.jar:7.20.1]
	at io.cucumber.core.runtime.RethrowingThrowableCollector.executeAndThrow(RethrowingThrowableCollector.java:23) ~[cucumber-core-7.20.1.jar:7.20.1]
	at io.cucumber.core.runtime.CucumberExecutionContext.runTestCase(CucumberExecutionContext.java:136) ~[cucumber-core-7.20.1.jar:7.20.1]
	at io.cucumber.junit.PickleRunners$NoStepDescriptions.run(PickleRunners.java:148) ~[cucumber-junit-7.20.1.jar:7.20.1]
	at io.cucumber.junit.FeatureRunner.runChild(FeatureRunner.java:144) ~[cucumber-junit-7.20.1.jar:7.20.1]
	at io.cucumber.junit.FeatureRunner.runChild(FeatureRunner.java:28) ~[cucumber-junit-7.20.1.jar:7.20.1]
	at org.junit.runners.ParentRunner$4.run(ParentRunner.java:331) ~[junit-4.13.2.jar:4.13.2]
	at org.junit.runners.ParentRunner$1.schedule(ParentRunner.java:79) ~[junit-4.13.2.jar:4.13.2]
	at org.junit.runners.ParentRunner.runChildren(ParentRunner.java:329) ~[junit-4.13.2.jar:4.13.2]
	at org.junit.runners.ParentRunner.access$100(ParentRunner.java:66) ~[junit-4.13.2.jar:4.13.2]
	at org.junit.runners.ParentRunner$2.evaluate(ParentRunner.java:293) ~[junit-4.13.2.jar:4.13.2]
	at org.junit.runners.ParentRunner$3.evaluate(ParentRunner.java:306) ~[junit-4.13.2.jar:4.13.2]
	at org.junit.runners.ParentRunner.run(ParentRunner.java:413) ~[junit-4.13.2.jar:4.13.2]
	at io.cucumber.junit.FeatureRunner.run(FeatureRunner.java:137) ~[cucumber-junit-7.20.1.jar:7.20.1]
	at io.cucumber.junit.Cucumber.runChild(Cucumber.java:199) ~[cucumber-junit-7.20.1.jar:7.20.1]
	at io.cucumber.junit.Cucumber.runChild(Cucumber.java:89) ~[cucumber-junit-7.20.1.jar:7.20.1]
	at org.junit.runners.ParentRunner$4.run(ParentRunner.java:331) ~[junit-4.13.2.jar:4.13.2]
	at org.junit.runners.ParentRunner$1.schedule(ParentRunner.java:79) ~[junit-4.13.2.jar:4.13.2]
	at org.junit.runners.ParentRunner.runChildren(ParentRunner.java:329) ~[junit-4.13.2.jar:4.13.2]
	at org.junit.runners.ParentRunner.access$100(ParentRunner.java:66) ~[junit-4.13.2.jar:4.13.2]
	at org.junit.runners.ParentRunner$2.evaluate(ParentRunner.java:293) ~[junit-4.13.2.jar:4.13.2]
	at io.cucumber.core.runtime.CucumberExecutionContext.lambda$runFeatures$6(CucumberExecutionContext.java:147) ~[cucumber-core-7.20.1.jar:7.20.1]
	at io.cucumber.core.runtime.CucumberExecutionContext.execute(CucumberExecutionContext.java:162) [cucumber-core-7.20.1.jar:7.20.1]
	at io.cucumber.core.runtime.CucumberExecutionContext.runFeatures(CucumberExecutionContext.java:145) [cucumber-core-7.20.1.jar:7.20.1]
	at io.cucumber.junit.Cucumber$StartAndFinishTestRun.evaluate(Cucumber.java:229) [cucumber-junit-7.20.1.jar:7.20.1]
	at org.junit.runners.ParentRunner$3.evaluate(ParentRunner.java:306) [junit-4.13.2.jar:4.13.2]
	at org.junit.runners.ParentRunner.run(ParentRunner.java:413) [junit-4.13.2.jar:4.13.2]
	at org.junit.runner.JUnitCore.run(JUnitCore.java:137) [junit-4.13.2.jar:4.13.2]
	at com.intellij.junit4.JUnit4IdeaTestRunner.startRunnerWithArgs(JUnit4IdeaTestRunner.java:69) [junit-rt.jar:?]
	at com.intellij.rt.junit.IdeaTestRunner$Repeater$1.execute(IdeaTestRunner.java:38) [junit-rt.jar:?]
	at com.intellij.rt.execution.junit.TestsRepeater.repeat(TestsRepeater.java:11) [idea_rt.jar:?]
	at com.intellij.rt.junit.IdeaTestRunner$Repeater.startRunnerWithArgs(IdeaTestRunner.java:35) [junit-rt.jar:?]
	at com.intellij.rt.junit.JUnitStarter.prepareStreamsAndStart(JUnitStarter.java:232) [junit-rt.jar:?]
	at com.intellij.rt.junit.JUnitStarter.main(JUnitStarter.java:55) [junit-rt.jar:?]
Caused by: org.openqa.selenium.NoSuchElementException: no such element: Unable to locate element: {"method":"xpath","selector":"//div[contains(@class,'page-layout')]/descendant::a[contains(@class,'button ')]"}
  (Session info: MicrosoftEdge=133.0.3065.69)
For documentation on this error, please visit: https://www.selenium.dev/documentation/webdriver/troubleshooting/errors#no-such-element-exception
Build info: version: '4.27.0', revision: 'd6e718d134'
System info: os.name: 'Windows 11', os.arch: 'amd64', os.version: '10.0', java.version: '17.0.12'
Driver info: org.openqa.selenium.edge.EdgeDriver
Command: [4874548d4cda1ee01975eb2be8d7d165, findElement {value=//div[contains(@class,'page-layout')]/descendant::a[contains(@class,'button ')], using=xpath}]
Capabilities {acceptInsecureCerts: true, browserName: MicrosoftEdge, browserVersion: 133.0.3065.69, fedcm:accounts: true, ms:edgeOptions: {debuggerAddress: localhost:51634}, msedge: {msedgedriverVersion: 133.0.3065.69 (c3f010c11f3e..., userDataDir: C:\Users\CHANDR~1.ALT\AppDa...}, networkConnectionEnabled: false, pageLoadStrategy: normal, platformName: windows, proxy: Proxy(), se:cdp: ws://localhost:51634/devtoo..., se:cdpVersion: 133.0.3065.69, setWindowRect: true, strictFileInteractability: false, timeouts: {implicit: 0, pageLoad: 300000, script: 30000}, unhandledPromptBehavior: dismiss and notify, webauthn:extension:credBlob: true, webauthn:extension:largeBlob: true, webauthn:extension:minPinLength: true, webauthn:extension:prf: true, webauthn:virtualAuthenticators: true}
Session ID: 4874548d4cda1ee01975eb2be8d7d165
	at java.base/jdk.internal.reflect.NativeConstructorAccessorImpl.newInstance0(Native Method) ~[?:?]
	at java.base/jdk.internal.reflect.NativeConstructorAccessorImpl.newInstance(NativeConstructorAccessorImpl.java:77) ~[?:?]
	at java.base/jdk.internal.reflect.DelegatingConstructorAccessorImpl.newInstance(DelegatingConstructorAccessorImpl.java:45) ~[?:?]
	at java.base/java.lang.reflect.Constructor.newInstanceWithCaller(Constructor.java:499) ~[?:?]
	at java.base/java.lang.reflect.Constructor.newInstance(Constructor.java:480) ~[?:?]
	at org.openqa.selenium.remote.ErrorCodec.decode(ErrorCodec.java:167) ~[selenium-remote-driver-4.27.0.jar:?]
	at org.openqa.selenium.remote.codec.w3c.W3CHttpResponseCodec.decode(W3CHttpResponseCodec.java:138) ~[selenium-remote-driver-4.27.0.jar:?]
	at org.openqa.selenium.remote.codec.w3c.W3CHttpResponseCodec.decode(W3CHttpResponseCodec.java:50) ~[selenium-remote-driver-4.27.0.jar:?]
	at org.openqa.selenium.remote.HttpCommandExecutor.execute(HttpCommandExecutor.java:190) ~[selenium-remote-driver-4.27.0.jar:?]
	at org.openqa.selenium.remote.service.DriverCommandExecutor.invokeExecute(DriverCommandExecutor.java:216) ~[selenium-remote-driver-4.27.0.jar:?]
	at org.openqa.selenium.remote.service.DriverCommandExecutor.execute(DriverCommandExecutor.java:174) ~[selenium-remote-driver-4.27.0.jar:?]
	at org.openqa.selenium.remote.RemoteWebDriver.execute(RemoteWebDriver.java:545) ~[selenium-remote-driver-4.27.0.jar:?]
	at org.openqa.selenium.remote.ElementLocation$ElementFinder$2.findElement(ElementLocation.java:165) ~[selenium-remote-driver-4.27.0.jar:?]
	at org.openqa.selenium.remote.ElementLocation.findElement(ElementLocation.java:59) ~[selenium-remote-driver-4.27.0.jar:?]
	at org.openqa.selenium.remote.RemoteWebDriver.findElement(RemoteWebDriver.java:368) ~[selenium-remote-driver-4.27.0.jar:?]
	at org.openqa.selenium.remote.RemoteWebDriver.findElement(RemoteWebDriver.java:362) ~[selenium-remote-driver-4.27.0.jar:?]
	at jdk.internal.reflect.GeneratedMethodAccessor1.invoke(Unknown Source) ~[?:?]
	at java.base/jdk.internal.reflect.DelegatingMethodAccessorImpl.invoke(DelegatingMethodAccessorImpl.java:43) ~[?:?]
	at java.base/java.lang.reflect.Method.invoke(Method.java:568) ~[?:?]
	at org.openqa.selenium.support.ThreadGuard$WebDriverInvocationHandler.invokeUnderlying(ThreadGuard.java:99) ~[selenium-support-4.27.0.jar:?]
	at org.openqa.selenium.support.ThreadGuard$WebDriverInvocationHandler.invoke(ThreadGuard.java:91) ~[selenium-support-4.27.0.jar:?]
	at jdk.proxy2/jdk.proxy2.$Proxy33.findElement(Unknown Source) ~[?:?]
	at org.openqa.selenium.support.ui.ExpectedConditions$6.apply(ExpectedConditions.java:171) ~[selenium-support-4.27.0.jar:?]
	at org.openqa.selenium.support.ui.ExpectedConditions$6.apply(ExpectedConditions.java:168) ~[selenium-support-4.27.0.jar:?]
	at org.openqa.selenium.support.ui.FluentWait.until(FluentWait.java:203) ~[selenium-support-4.27.0.jar:?]
	... 55 more
16:53:29.269 [main]INFO  com.dfh.hooks.Hooks - Running tear down after test case
16:53:29.269 [main]INFO  com.dfh.hooks.Hooks - Starting Hooks tear down function
16:53:29.429 [main]WARN  com.dfh.hooks.Hooks - Captured screenshot size: 276412 bytes
16:53:30.784 [main]INFO  com.dfh.hooks.Hooks - Execution Ended for Scenario: successful loin for multiple users
16:53:30.784 [main]INFO  com.dfh.hooks.Hooks -  Scenario successful loin for multiple users Execution Status : FAILED
16:53:30.785 [main]INFO  com.dfh.hooks.Hooks - *****************************************************************************************
16:53:30.815 [main]INFO  com.dfh.hooks.Hooks - *****************************************************************************************
16:53:30.815 [main]INFO  com.dfh.hooks.Hooks - Execution Started for Scenario: successful loin for multiple users
16:53:30.833 [main]INFO  io.github.bonigarcia.wdm.WebDriverManager - Using msedgedriver 133.0.3065.69 (resolved driver for Edge 133)
16:53:30.845 [main]INFO  io.github.bonigarcia.wdm.WebDriverManager - Exporting webdriver.edge.driver as C:\Users\chandrasekhar.alti\.cache\selenium\msedgedriver\win64\133.0.3065.69\msedgedriver.exe
16:53:40.070 [main]INFO  com.dfh.utils.UI - Navigated to URL : https://practice.expandtesting.com/secure
16:53:40.093 [main]INFO  com.dfh.utils.UI - Scrolled to element: By.xpath: //input[@id='username']
16:53:40.230 [main]INFO  com.dfh.utils.UI - Set text practice on By.xpath: //input[@id='username']
16:53:40.364 [main]INFO  com.dfh.utils.UI - Set text SuperSecretPassword! on By.xpath: //input[@id='password']
16:53:40.653 [main]INFO  com.dfh.utils.UI - Scrolled to element: By.xpath: //button[text()='Login']
16:53:42.916 [main]INFO  com.dfh.utils.UI - Clicked on Element: By.xpath: //button[text()='Login']
16:53:42.943 [main]INFO  com.dfh.hooks.Hooks - Running tear down after test case
16:53:42.944 [main]INFO  com.dfh.hooks.Hooks - Starting Hooks tear down function
16:53:42.944 [main]INFO  com.dfh.hooks.Hooks - Scenario passed so no need for the screenshot
16:53:44.237 [main]INFO  com.dfh.hooks.Hooks - Execution Ended for Scenario: successful loin for multiple users
16:53:44.252 [main]INFO  com.dfh.hooks.Hooks -  Scenario successful loin for multiple users Execution Status : UNDEFINED
16:53:44.252 [main]INFO  com.dfh.hooks.Hooks - *****************************************************************************************
18:34:21.607 [main]INFO  com.dfh.hooks.Hooks - *****************************************************************************************
18:34:21.614 [main]INFO  com.dfh.hooks.Hooks - Execution Started for Scenario: Successful login with valid credentials
18:34:21.617 [main]INFO  com.dfh.utils.PropertyLoader - Properties file loaded successfully
18:34:23.603 [main]INFO  io.github.bonigarcia.wdm.WebDriverManager - Using msedgedriver 133.0.3065.69 (resolved driver for Edge 133)
18:34:23.620 [main]INFO  io.github.bonigarcia.wdm.WebDriverManager - Exporting webdriver.edge.driver as C:\Users\chandrasekhar.alti\.cache\selenium\msedgedriver\win64\133.0.3065.69\msedgedriver.exe
18:34:32.524 [main]INFO  com.dfh.utils.UI - Navigated to URL : https://practice.expandtesting.com/secure
18:34:32.565 [main]INFO  com.dfh.utils.UI - Scrolled to element: By.xpath: //input[@id='username']
18:34:32.689 [main]INFO  com.dfh.utils.UI - Set text practice on By.xpath: //input[@id='username']
18:34:32.823 [main]INFO  com.dfh.utils.UI - Set text SuperSecretPassword! on By.xpath: //input[@id='password']
18:34:33.117 [main]INFO  com.dfh.utils.UI - Scrolled to element: By.xpath: //button[text()='Login']
18:34:35.444 [main]INFO  com.dfh.utils.UI - Clicked on Element: By.xpath: //button[text()='Login']
18:34:35.509 [main]INFO  com.dfh.hooks.Hooks - Running tear down after test case
18:34:35.509 [main]INFO  com.dfh.hooks.Hooks - Starting Hooks tear down function
18:34:35.509 [main]INFO  com.dfh.hooks.Hooks - Scenario passed so no need for the screenshot
18:34:36.894 [main]INFO  com.dfh.hooks.Hooks - Execution Ended for Scenario: Successful login with valid credentials
18:34:36.894 [main]INFO  com.dfh.hooks.Hooks -  Scenario Successful login with valid credentials Execution Status : PASSED
18:34:36.894 [main]INFO  com.dfh.hooks.Hooks - *****************************************************************************************
18:34:36.989 [main]INFO  com.dfh.hooks.Hooks - *****************************************************************************************
18:34:36.989 [main]INFO  com.dfh.hooks.Hooks - Execution Started for Scenario: successful loin for multiple users
18:34:37.018 [main]INFO  io.github.bonigarcia.wdm.WebDriverManager - Using msedgedriver 133.0.3065.69 (resolved driver for Edge 133)
18:34:37.038 [main]INFO  io.github.bonigarcia.wdm.WebDriverManager - Exporting webdriver.edge.driver as C:\Users\chandrasekhar.alti\.cache\selenium\msedgedriver\win64\133.0.3065.69\msedgedriver.exe
18:34:45.905 [main]INFO  com.dfh.utils.UI - Navigated to URL : https://practice.expandtesting.com/secure
18:34:45.934 [main]INFO  com.dfh.utils.UI - Scrolled to element: By.xpath: //input[@id='username']
18:34:46.059 [main]INFO  com.dfh.utils.UI - Set text practice on By.xpath: //input[@id='username']
18:34:46.227 [main]INFO  com.dfh.utils.UI - Set text SuperSecretPassword! on By.xpath: //input[@id='password']
18:34:46.514 [main]INFO  com.dfh.utils.UI - Scrolled to element: By.xpath: //button[text()='Login']
18:34:49.086 [main]INFO  com.dfh.utils.UI - Clicked on Element: By.xpath: //button[text()='Login']
18:34:49.114 [main]INFO  com.dfh.hooks.Hooks - Running tear down after test case
18:34:49.114 [main]INFO  com.dfh.hooks.Hooks - Starting Hooks tear down function
18:34:49.114 [main]INFO  com.dfh.hooks.Hooks - Scenario passed so no need for the screenshot
18:34:50.549 [main]INFO  com.dfh.hooks.Hooks - Execution Ended for Scenario: successful loin for multiple users
18:34:50.549 [main]INFO  com.dfh.hooks.Hooks -  Scenario successful loin for multiple users Execution Status : UNDEFINED
18:34:50.549 [main]INFO  com.dfh.hooks.Hooks - *****************************************************************************************
18:34:50.573 [main]INFO  com.dfh.hooks.Hooks - *****************************************************************************************
18:34:50.573 [main]INFO  com.dfh.hooks.Hooks - Execution Started for Scenario: successful loin for multiple users
18:34:50.599 [main]INFO  io.github.bonigarcia.wdm.WebDriverManager - Using msedgedriver 133.0.3065.69 (resolved driver for Edge 133)
18:34:50.601 [main]INFO  io.github.bonigarcia.wdm.WebDriverManager - Exporting webdriver.edge.driver as C:\Users\chandrasekhar.alti\.cache\selenium\msedgedriver\win64\133.0.3065.69\msedgedriver.exe
18:35:00.497 [main]INFO  com.dfh.utils.UI - Navigated to URL : https://practice.expandtesting.com/secure
18:35:00.522 [main]INFO  com.dfh.utils.UI - Scrolled to element: By.xpath: //input[@id='username']
18:35:00.703 [main]INFO  com.dfh.utils.UI - Set text jhon on By.xpath: //input[@id='username']
18:35:00.867 [main]INFO  com.dfh.utils.UI - Set text Text@123 on By.xpath: //input[@id='password']
18:35:01.191 [main]INFO  com.dfh.utils.UI - Scrolled to element: By.xpath: //button[text()='Login']
18:35:04.833 [main]INFO  com.dfh.utils.UI - Clicked on Element: By.xpath: //button[text()='Login']
18:35:14.893 [main]ERROR com.dfh.utils.UI - ? Error waiting for element present: By.xpath: //div[contains(@class,'page-layout')]/descendant::a[contains(@class,'button ')]
org.openqa.selenium.TimeoutException: Expected condition failed: waiting for presence of element located by: By.xpath: //div[contains(@class,'page-layout')]/descendant::a[contains(@class,'button ')] (tried for 10 second(s) with 500 milliseconds interval)
	at org.openqa.selenium.support.ui.WebDriverWait.timeoutException(WebDriverWait.java:84) ~[selenium-support-4.27.0.jar:?]
	at org.openqa.selenium.support.ui.FluentWait.until(FluentWait.java:228) ~[selenium-support-4.27.0.jar:?]
	at com.dfh.utils.UI.waitForElementPresent(UI.java:125) ~[classes/:?]
	at com.dfh.utils.UI.isElementDisplayed(UI.java:140) ~[classes/:?]
	at com.dfh.pages.LoginPage.LoginPage.logoutButtonVisibility(LoginPage.java:49) ~[classes/:?]
	at com.dfh.stepdefinitions.LoginSteps.theUserShouldBeSuccessfullyLoggedIntoTheApplication(LoginSteps.java:24) ~[classes/:?]
	at java.base/jdk.internal.reflect.NativeMethodAccessorImpl.invoke0(Native Method) ~[?:?]
	at java.base/jdk.internal.reflect.NativeMethodAccessorImpl.invoke(NativeMethodAccessorImpl.java:77) ~[?:?]
	at java.base/jdk.internal.reflect.DelegatingMethodAccessorImpl.invoke(DelegatingMethodAccessorImpl.java:43) ~[?:?]
	at java.base/java.lang.reflect.Method.invoke(Method.java:568) ~[?:?]
	at io.cucumber.java.Invoker.doInvoke(Invoker.java:66) ~[cucumber-java-7.20.1.jar:7.20.1]
	at io.cucumber.java.Invoker.invoke(Invoker.java:24) ~[cucumber-java-7.20.1.jar:7.20.1]
	at io.cucumber.java.AbstractGlueDefinition.invokeMethod(AbstractGlueDefinition.java:47) ~[cucumber-java-7.20.1.jar:7.20.1]
	at io.cucumber.java.JavaStepDefinition.execute(JavaStepDefinition.java:29) ~[cucumber-java-7.20.1.jar:7.20.1]
	at io.cucumber.core.runner.CoreStepDefinition.execute(CoreStepDefinition.java:66) ~[cucumber-core-7.20.1.jar:7.20.1]
	at io.cucumber.core.runner.PickleStepDefinitionMatch.runStep(PickleStepDefinitionMatch.java:62) ~[cucumber-core-7.20.1.jar:7.20.1]
	at io.cucumber.core.runner.ExecutionMode$1.execute(ExecutionMode.java:10) ~[cucumber-core-7.20.1.jar:7.20.1]
	at io.cucumber.core.runner.TestStep.executeStep(TestStep.java:81) ~[cucumber-core-7.20.1.jar:7.20.1]
	at io.cucumber.core.runner.TestStep.run(TestStep.java:53) ~[cucumber-core-7.20.1.jar:7.20.1]
	at io.cucumber.core.runner.PickleStepTestStep.run(PickleStepTestStep.java:51) ~[cucumber-core-7.20.1.jar:7.20.1]
	at io.cucumber.core.runner.TestCase.run(TestCase.java:84) ~[cucumber-core-7.20.1.jar:7.20.1]
	at io.cucumber.core.runner.Runner.runPickle(Runner.java:75) ~[cucumber-core-7.20.1.jar:7.20.1]
	at io.cucumber.junit.PickleRunners$NoStepDescriptions.lambda$run$0(PickleRunners.java:151) ~[cucumber-junit-7.20.1.jar:7.20.1]
	at io.cucumber.core.runtime.CucumberExecutionContext.lambda$runTestCase$5(CucumberExecutionContext.java:136) ~[cucumber-core-7.20.1.jar:7.20.1]
	at io.cucumber.core.runtime.RethrowingThrowableCollector.executeAndThrow(RethrowingThrowableCollector.java:23) ~[cucumber-core-7.20.1.jar:7.20.1]
	at io.cucumber.core.runtime.CucumberExecutionContext.runTestCase(CucumberExecutionContext.java:136) ~[cucumber-core-7.20.1.jar:7.20.1]
	at io.cucumber.junit.PickleRunners$NoStepDescriptions.run(PickleRunners.java:148) ~[cucumber-junit-7.20.1.jar:7.20.1]
	at io.cucumber.junit.FeatureRunner.runChild(FeatureRunner.java:144) ~[cucumber-junit-7.20.1.jar:7.20.1]
	at io.cucumber.junit.FeatureRunner.runChild(FeatureRunner.java:28) ~[cucumber-junit-7.20.1.jar:7.20.1]
	at org.junit.runners.ParentRunner$4.run(ParentRunner.java:331) ~[junit-4.13.2.jar:4.13.2]
	at org.junit.runners.ParentRunner$1.schedule(ParentRunner.java:79) ~[junit-4.13.2.jar:4.13.2]
	at org.junit.runners.ParentRunner.runChildren(ParentRunner.java:329) ~[junit-4.13.2.jar:4.13.2]
	at org.junit.runners.ParentRunner.access$100(ParentRunner.java:66) ~[junit-4.13.2.jar:4.13.2]
	at org.junit.runners.ParentRunner$2.evaluate(ParentRunner.java:293) ~[junit-4.13.2.jar:4.13.2]
	at org.junit.runners.ParentRunner$3.evaluate(ParentRunner.java:306) ~[junit-4.13.2.jar:4.13.2]
	at org.junit.runners.ParentRunner.run(ParentRunner.java:413) ~[junit-4.13.2.jar:4.13.2]
	at io.cucumber.junit.FeatureRunner.run(FeatureRunner.java:137) ~[cucumber-junit-7.20.1.jar:7.20.1]
	at io.cucumber.junit.Cucumber.runChild(Cucumber.java:199) ~[cucumber-junit-7.20.1.jar:7.20.1]
	at io.cucumber.junit.Cucumber.runChild(Cucumber.java:89) ~[cucumber-junit-7.20.1.jar:7.20.1]
	at org.junit.runners.ParentRunner$4.run(ParentRunner.java:331) ~[junit-4.13.2.jar:4.13.2]
	at org.junit.runners.ParentRunner$1.schedule(ParentRunner.java:79) ~[junit-4.13.2.jar:4.13.2]
	at org.junit.runners.ParentRunner.runChildren(ParentRunner.java:329) ~[junit-4.13.2.jar:4.13.2]
	at org.junit.runners.ParentRunner.access$100(ParentRunner.java:66) ~[junit-4.13.2.jar:4.13.2]
	at org.junit.runners.ParentRunner$2.evaluate(ParentRunner.java:293) ~[junit-4.13.2.jar:4.13.2]
	at io.cucumber.core.runtime.CucumberExecutionContext.lambda$runFeatures$6(CucumberExecutionContext.java:147) ~[cucumber-core-7.20.1.jar:7.20.1]
	at io.cucumber.core.runtime.CucumberExecutionContext.execute(CucumberExecutionContext.java:162) ~[cucumber-core-7.20.1.jar:7.20.1]
	at io.cucumber.core.runtime.CucumberExecutionContext.runFeatures(CucumberExecutionContext.java:145) ~[cucumber-core-7.20.1.jar:7.20.1]
	at io.cucumber.junit.Cucumber$StartAndFinishTestRun.evaluate(Cucumber.java:229) ~[cucumber-junit-7.20.1.jar:7.20.1]
	at org.junit.runners.ParentRunner$3.evaluate(ParentRunner.java:306) ~[junit-4.13.2.jar:4.13.2]
	at org.junit.runners.ParentRunner.run(ParentRunner.java:413) ~[junit-4.13.2.jar:4.13.2]
	at org.junit.runner.JUnitCore.run(JUnitCore.java:137) ~[junit-4.13.2.jar:4.13.2]
	at org.junit.runner.JUnitCore.run(JUnitCore.java:115) ~[junit-4.13.2.jar:4.13.2]
	at org.junit.vintage.engine.execution.RunnerExecutor.execute(RunnerExecutor.java:42) ~[junit-vintage-engine-5.10.3.jar:5.10.3]
	at org.junit.vintage.engine.VintageTestEngine.executeAllChildren(VintageTestEngine.java:80) ~[junit-vintage-engine-5.10.3.jar:5.10.3]
	at org.junit.vintage.engine.VintageTestEngine.execute(VintageTestEngine.java:72) ~[junit-vintage-engine-5.10.3.jar:5.10.3]
	at org.junit.platform.launcher.core.EngineExecutionOrchestrator.execute(EngineExecutionOrchestrator.java:198) ~[junit-platform-launcher-1.10.3.jar:1.10.3]
	at org.junit.platform.launcher.core.EngineExecutionOrchestrator.execute(EngineExecutionOrchestrator.java:169) ~[junit-platform-launcher-1.10.3.jar:1.10.3]
	at org.junit.platform.launcher.core.EngineExecutionOrchestrator.execute(EngineExecutionOrchestrator.java:93) ~[junit-platform-launcher-1.10.3.jar:1.10.3]
	at org.junit.platform.launcher.core.EngineExecutionOrchestrator.lambda$execute$0(EngineExecutionOrchestrator.java:58) ~[junit-platform-launcher-1.10.3.jar:1.10.3]
	at org.junit.platform.launcher.core.EngineExecutionOrchestrator.withInterceptedStreams(EngineExecutionOrchestrator.java:141) [junit-platform-launcher-1.10.3.jar:1.10.3]
	at org.junit.platform.launcher.core.EngineExecutionOrchestrator.execute(EngineExecutionOrchestrator.java:57) [junit-platform-launcher-1.10.3.jar:1.10.3]
	at org.junit.platform.launcher.core.DefaultLauncher.execute(DefaultLauncher.java:103) [junit-platform-launcher-1.10.3.jar:1.10.3]
	at org.junit.platform.launcher.core.DefaultLauncher.execute(DefaultLauncher.java:85) [junit-platform-launcher-1.10.3.jar:1.10.3]
	at org.junit.platform.launcher.core.DelegatingLauncher.execute(DelegatingLauncher.java:47) [junit-platform-launcher-1.10.3.jar:1.10.3]
	at org.apache.maven.surefire.junitplatform.LazyLauncher.execute(LazyLauncher.java:56) [surefire-junit-platform-3.5.2.jar:3.5.2]
	at org.apache.maven.surefire.junitplatform.JUnitPlatformProvider.execute(JUnitPlatformProvider.java:184) [surefire-junit-platform-3.5.2.jar:3.5.2]
	at org.apache.maven.surefire.junitplatform.JUnitPlatformProvider.invokeAllTests(JUnitPlatformProvider.java:148) [surefire-junit-platform-3.5.2.jar:3.5.2]
	at org.apache.maven.surefire.junitplatform.JUnitPlatformProvider.invoke(JUnitPlatformProvider.java:122) [surefire-junit-platform-3.5.2.jar:3.5.2]
	at org.apache.maven.surefire.booter.ForkedBooter.runSuitesInProcess(ForkedBooter.java:385) [surefire-booter-3.5.2.jar:3.5.2]
	at org.apache.maven.surefire.booter.ForkedBooter.execute(ForkedBooter.java:162) [surefire-booter-3.5.2.jar:3.5.2]
	at org.apache.maven.surefire.booter.ForkedBooter.run(ForkedBooter.java:507) [surefire-booter-3.5.2.jar:3.5.2]
	at org.apache.maven.surefire.booter.ForkedBooter.main(ForkedBooter.java:495) [surefire-booter-3.5.2.jar:3.5.2]
Caused by: org.openqa.selenium.NoSuchElementException: no such element: Unable to locate element: {"method":"xpath","selector":"//div[contains(@class,'page-layout')]/descendant::a[contains(@class,'button ')]"}
  (Session info: MicrosoftEdge=133.0.3065.69)
For documentation on this error, please visit: https://www.selenium.dev/documentation/webdriver/troubleshooting/errors#no-such-element-exception
Build info: version: '4.27.0', revision: 'd6e718d134'
System info: os.name: 'Windows 11', os.arch: 'amd64', os.version: '10.0', java.version: '17.0.12'
Driver info: org.openqa.selenium.edge.EdgeDriver
Command: [43543f06eceda48053f6f5ee7b8c86f7, findElement {value=//div[contains(@class,'page-layout')]/descendant::a[contains(@class,'button ')], using=xpath}]
Capabilities {acceptInsecureCerts: true, browserName: MicrosoftEdge, browserVersion: 133.0.3065.69, fedcm:accounts: true, ms:edgeOptions: {debuggerAddress: localhost:52584}, msedge: {msedgedriverVersion: 133.0.3065.69 (c3f010c11f3e..., userDataDir: C:\Users\CHANDR~1.ALT\AppDa...}, networkConnectionEnabled: false, pageLoadStrategy: normal, platformName: windows, proxy: Proxy(), se:cdp: ws://localhost:52584/devtoo..., se:cdpVersion: 133.0.3065.69, setWindowRect: true, strictFileInteractability: false, timeouts: {implicit: 0, pageLoad: 300000, script: 30000}, unhandledPromptBehavior: dismiss and notify, webauthn:extension:credBlob: true, webauthn:extension:largeBlob: true, webauthn:extension:minPinLength: true, webauthn:extension:prf: true, webauthn:virtualAuthenticators: true}
Session ID: 43543f06eceda48053f6f5ee7b8c86f7
	at java.base/jdk.internal.reflect.NativeConstructorAccessorImpl.newInstance0(Native Method) ~[?:?]
	at java.base/jdk.internal.reflect.NativeConstructorAccessorImpl.newInstance(NativeConstructorAccessorImpl.java:77) ~[?:?]
	at java.base/jdk.internal.reflect.DelegatingConstructorAccessorImpl.newInstance(DelegatingConstructorAccessorImpl.java:45) ~[?:?]
	at java.base/java.lang.reflect.Constructor.newInstanceWithCaller(Constructor.java:499) ~[?:?]
	at java.base/java.lang.reflect.Constructor.newInstance(Constructor.java:480) ~[?:?]
	at org.openqa.selenium.remote.ErrorCodec.decode(ErrorCodec.java:167) ~[selenium-remote-driver-4.27.0.jar:?]
	at org.openqa.selenium.remote.codec.w3c.W3CHttpResponseCodec.decode(W3CHttpResponseCodec.java:138) ~[selenium-remote-driver-4.27.0.jar:?]
	at org.openqa.selenium.remote.codec.w3c.W3CHttpResponseCodec.decode(W3CHttpResponseCodec.java:50) ~[selenium-remote-driver-4.27.0.jar:?]
	at org.openqa.selenium.remote.HttpCommandExecutor.execute(HttpCommandExecutor.java:190) ~[selenium-remote-driver-4.27.0.jar:?]
	at org.openqa.selenium.remote.service.DriverCommandExecutor.invokeExecute(DriverCommandExecutor.java:216) ~[selenium-remote-driver-4.27.0.jar:?]
	at org.openqa.selenium.remote.service.DriverCommandExecutor.execute(DriverCommandExecutor.java:174) ~[selenium-remote-driver-4.27.0.jar:?]
	at org.openqa.selenium.remote.RemoteWebDriver.execute(RemoteWebDriver.java:545) ~[selenium-remote-driver-4.27.0.jar:?]
	at org.openqa.selenium.remote.ElementLocation$ElementFinder$2.findElement(ElementLocation.java:165) ~[selenium-remote-driver-4.27.0.jar:?]
	at org.openqa.selenium.remote.ElementLocation.findElement(ElementLocation.java:59) ~[selenium-remote-driver-4.27.0.jar:?]
	at org.openqa.selenium.remote.RemoteWebDriver.findElement(RemoteWebDriver.java:368) ~[selenium-remote-driver-4.27.0.jar:?]
	at org.openqa.selenium.remote.RemoteWebDriver.findElement(RemoteWebDriver.java:362) ~[selenium-remote-driver-4.27.0.jar:?]
	at jdk.internal.reflect.GeneratedMethodAccessor1.invoke(Unknown Source) ~[?:?]
	at java.base/jdk.internal.reflect.DelegatingMethodAccessorImpl.invoke(DelegatingMethodAccessorImpl.java:43) ~[?:?]
	at java.base/java.lang.reflect.Method.invoke(Method.java:568) ~[?:?]
	at org.openqa.selenium.support.ThreadGuard$WebDriverInvocationHandler.invokeUnderlying(ThreadGuard.java:99) ~[selenium-support-4.27.0.jar:?]
	at org.openqa.selenium.support.ThreadGuard$WebDriverInvocationHandler.invoke(ThreadGuard.java:91) ~[selenium-support-4.27.0.jar:?]
	at jdk.proxy2/jdk.proxy2.$Proxy33.findElement(Unknown Source) ~[?:?]
	at org.openqa.selenium.support.ui.ExpectedConditions$6.apply(ExpectedConditions.java:171) ~[selenium-support-4.27.0.jar:?]
	at org.openqa.selenium.support.ui.ExpectedConditions$6.apply(ExpectedConditions.java:168) ~[selenium-support-4.27.0.jar:?]
	at org.openqa.selenium.support.ui.FluentWait.until(FluentWait.java:203) ~[selenium-support-4.27.0.jar:?]
	... 70 more
18:35:14.915 [main]INFO  com.dfh.hooks.Hooks - Running tear down after test case
18:35:14.917 [main]INFO  com.dfh.hooks.Hooks - Starting Hooks tear down function
18:35:15.051 [main]WARN  com.dfh.hooks.Hooks - Captured screenshot size: 249482 bytes
18:35:16.467 [main]INFO  com.dfh.hooks.Hooks - Execution Ended for Scenario: successful loin for multiple users
18:35:16.467 [main]INFO  com.dfh.hooks.Hooks -  Scenario successful loin for multiple users Execution Status : FAILED
18:35:16.467 [main]INFO  com.dfh.hooks.Hooks - *****************************************************************************************
18:35:16.483 [main]INFO  com.dfh.hooks.Hooks - *****************************************************************************************
18:35:16.483 [main]INFO  com.dfh.hooks.Hooks - Execution Started for Scenario: successful loin for multiple users
18:35:16.515 [main]INFO  io.github.bonigarcia.wdm.WebDriverManager - Using msedgedriver 133.0.3065.69 (resolved driver for Edge 133)
18:35:16.531 [main]INFO  io.github.bonigarcia.wdm.WebDriverManager - Exporting webdriver.edge.driver as C:\Users\chandrasekhar.alti\.cache\selenium\msedgedriver\win64\133.0.3065.69\msedgedriver.exe
18:35:26.027 [main]INFO  com.dfh.utils.UI - Navigated to URL : https://practice.expandtesting.com/secure
18:35:26.060 [main]INFO  com.dfh.utils.UI - Scrolled to element: By.xpath: //input[@id='username']
18:35:26.171 [main]INFO  com.dfh.utils.UI - Set text practice on By.xpath: //input[@id='username']
18:35:26.305 [main]INFO  com.dfh.utils.UI - Set text SuperSecretPassword! on By.xpath: //input[@id='password']
18:35:26.602 [main]INFO  com.dfh.utils.UI - Scrolled to element: By.xpath: //button[text()='Login']
18:35:28.761 [main]INFO  com.dfh.utils.UI - Clicked on Element: By.xpath: //button[text()='Login']
18:35:28.787 [main]INFO  com.dfh.hooks.Hooks - Running tear down after test case
18:35:28.787 [main]INFO  com.dfh.hooks.Hooks - Starting Hooks tear down function
18:35:28.787 [main]INFO  com.dfh.hooks.Hooks - Scenario passed so no need for the screenshot
18:35:30.015 [main]INFO  com.dfh.hooks.Hooks - Execution Ended for Scenario: successful loin for multiple users
18:35:30.015 [main]INFO  com.dfh.hooks.Hooks -  Scenario successful loin for multiple users Execution Status : UNDEFINED
18:35:30.015 [main]INFO  com.dfh.hooks.Hooks - *****************************************************************************************
18:41:36.820 [main]INFO  com.dfh.hooks.Hooks - *****************************************************************************************
18:41:36.835 [main]INFO  com.dfh.hooks.Hooks - Execution Started for Scenario: successful loin for multiple users
18:41:36.835 [main]INFO  com.dfh.utils.PropertyLoader - Properties file loaded successfully
18:41:37.140 [main]INFO  io.github.bonigarcia.wdm.WebDriverManager - Using msedgedriver 133.0.3065.69 (resolved driver for Edge 133)
18:41:37.188 [main]INFO  io.github.bonigarcia.wdm.WebDriverManager - Exporting webdriver.edge.driver as C:\Users\chandrasekhar.alti\.cache\selenium\msedgedriver\win64\133.0.3065.69\msedgedriver.exe
18:41:47.672 [main]INFO  com.dfh.utils.UI - Navigated to URL : https://practice.expandtesting.com/secure
18:41:47.704 [main]INFO  com.dfh.utils.UI - Scrolled to element: By.xpath: //input[@id='username']
18:41:47.843 [main]INFO  com.dfh.utils.UI - Set text practice on By.xpath: //input[@id='username']
18:41:47.967 [main]INFO  com.dfh.utils.UI - Set text SuperSecretPassword! on By.xpath: //input[@id='password']
18:41:48.279 [main]INFO  com.dfh.utils.UI - Scrolled to element: By.xpath: //button[text()='Login']
18:41:51.931 [main]INFO  com.dfh.utils.UI - Clicked on Element: By.xpath: //button[text()='Login']
18:41:51.973 [main]INFO  com.dfh.hooks.Hooks - Running tear down after test case
18:41:51.973 [main]INFO  com.dfh.hooks.Hooks - Starting Hooks tear down function
18:41:51.973 [main]INFO  com.dfh.hooks.Hooks - Scenario passed so no need for the screenshot
18:41:53.269 [main]INFO  com.dfh.hooks.Hooks - Execution Ended for Scenario: successful loin for multiple users
18:41:53.269 [main]INFO  com.dfh.hooks.Hooks -  Scenario successful loin for multiple users Execution Status : UNDEFINED
18:41:53.269 [main]INFO  com.dfh.hooks.Hooks - *****************************************************************************************
18:41:53.285 [main]INFO  com.dfh.hooks.Hooks - *****************************************************************************************
18:41:53.285 [main]INFO  com.dfh.hooks.Hooks - Execution Started for Scenario: successful loin for multiple users
18:41:53.300 [main]INFO  io.github.bonigarcia.wdm.WebDriverManager - Using msedgedriver 133.0.3065.69 (resolved driver for Edge 133)
18:41:53.317 [main]INFO  io.github.bonigarcia.wdm.WebDriverManager - Exporting webdriver.edge.driver as C:\Users\chandrasekhar.alti\.cache\selenium\msedgedriver\win64\133.0.3065.69\msedgedriver.exe
18:42:03.313 [main]INFO  com.dfh.utils.UI - Navigated to URL : https://practice.expandtesting.com/secure
18:42:03.338 [main]INFO  com.dfh.utils.UI - Scrolled to element: By.xpath: //input[@id='username']
18:42:03.485 [main]INFO  com.dfh.utils.UI - Set text practice on By.xpath: //input[@id='username']
18:42:03.597 [main]INFO  com.dfh.utils.UI - Set text SuperSecretPassword! on By.xpath: //input[@id='password']
18:42:03.894 [main]INFO  com.dfh.utils.UI - Scrolled to element: By.xpath: //button[text()='Login']
18:42:05.589 [main]INFO  com.dfh.utils.UI - Clicked on Element: By.xpath: //button[text()='Login']
18:42:05.630 [main]INFO  com.dfh.hooks.Hooks - Running tear down after test case
18:42:05.630 [main]INFO  com.dfh.hooks.Hooks - Starting Hooks tear down function
18:42:05.630 [main]INFO  com.dfh.hooks.Hooks - Scenario passed so no need for the screenshot
18:42:06.894 [main]INFO  com.dfh.hooks.Hooks - Execution Ended for Scenario: successful loin for multiple users
18:42:06.894 [main]INFO  com.dfh.hooks.Hooks -  Scenario successful loin for multiple users Execution Status : UNDEFINED
18:42:06.894 [main]INFO  com.dfh.hooks.Hooks - *****************************************************************************************
18:55:07.775 [main]INFO  com.dfh.hooks.Hooks - *****************************************************************************************
18:55:07.787 [main]INFO  com.dfh.hooks.Hooks - Execution Started for Scenario: Successful login with valid credentials
18:55:07.790 [main]INFO  com.dfh.utils.PropertyLoader - Properties file loaded successfully
18:55:08.115 [main]INFO  io.github.bonigarcia.wdm.WebDriverManager - Using msedgedriver 133.0.3065.69 (resolved driver for Edge 133)
18:55:08.154 [main]INFO  io.github.bonigarcia.wdm.WebDriverManager - Exporting webdriver.edge.driver as C:\Users\chandrasekhar.alti\.cache\selenium\msedgedriver\win64\133.0.3065.69\msedgedriver.exe
18:55:14.016 [main]INFO  com.dfh.utils.UI - Navigated to URL : https://practice.expandtesting.com/secure
18:55:14.091 [main]INFO  com.dfh.utils.UI - Scrolled to element: By.xpath: //input[@id='username']
18:55:14.381 [main]INFO  com.dfh.utils.UI - Set text practice on By.xpath: //input[@id='username']
18:55:14.637 [main]INFO  com.dfh.utils.UI - Set text SuperSecretPassword! on By.xpath: //input[@id='password']
18:55:14.998 [main]INFO  com.dfh.utils.UI - Scrolled to element: By.xpath: //button[text()='Login']
18:55:17.469 [main]INFO  com.dfh.utils.UI - Clicked on Element: By.xpath: //button[text()='Login']
18:55:17.848 [main]INFO  com.dfh.hooks.Hooks - Running tear down after test case
18:55:17.848 [main]INFO  com.dfh.hooks.Hooks - Starting Hooks tear down function
18:55:17.848 [main]INFO  com.dfh.hooks.Hooks - Scenario passed so no need for the screenshot
18:55:19.390 [main]INFO  com.dfh.hooks.Hooks - Execution Ended for Scenario: Successful login with valid credentials
18:55:19.392 [main]INFO  com.dfh.hooks.Hooks -  Scenario Successful login with valid credentials Execution Status : PASSED
18:55:19.392 [main]INFO  com.dfh.hooks.Hooks - *****************************************************************************************
18:55:19.444 [main]INFO  com.dfh.hooks.Hooks - *****************************************************************************************
18:55:19.444 [main]INFO  com.dfh.hooks.Hooks - Execution Started for Scenario: Successful loin for multiple users
18:55:19.487 [main]INFO  io.github.bonigarcia.wdm.WebDriverManager - Using msedgedriver 133.0.3065.69 (resolved driver for Edge 133)
18:55:19.519 [main]INFO  io.github.bonigarcia.wdm.WebDriverManager - Exporting webdriver.edge.driver as C:\Users\chandrasekhar.alti\.cache\selenium\msedgedriver\win64\133.0.3065.69\msedgedriver.exe
18:55:25.027 [main]INFO  com.dfh.utils.UI - Navigated to URL : https://practice.expandtesting.com/secure
18:55:25.079 [main]INFO  com.dfh.utils.UI - Scrolled to element: By.xpath: //input[@id='username']
18:55:25.345 [main]INFO  com.dfh.utils.UI - Set text practice on By.xpath: //input[@id='username']
18:55:25.769 [main]INFO  com.dfh.utils.UI - Set text SuperSecretPassword! on By.xpath: //input[@id='password']
18:55:26.232 [main]INFO  com.dfh.utils.UI - Scrolled to element: By.xpath: //button[text()='Login']
18:55:29.271 [main]INFO  com.dfh.utils.UI - Clicked on Element: By.xpath: //button[text()='Login']
18:55:29.545 [main]INFO  com.dfh.hooks.Hooks - Running tear down after test case
18:55:29.545 [main]INFO  com.dfh.hooks.Hooks - Starting Hooks tear down function
18:55:29.545 [main]INFO  com.dfh.hooks.Hooks - Scenario passed so no need for the screenshot
18:55:31.148 [main]INFO  com.dfh.hooks.Hooks - Execution Ended for Scenario: Successful loin for multiple users
18:55:31.148 [main]INFO  com.dfh.hooks.Hooks -  Scenario Successful loin for multiple users Execution Status : PASSED
18:55:31.148 [main]INFO  com.dfh.hooks.Hooks - *****************************************************************************************
18:55:31.222 [main]INFO  com.dfh.hooks.Hooks - *****************************************************************************************
18:55:31.222 [main]INFO  com.dfh.hooks.Hooks - Execution Started for Scenario: Successful loin for multiple users
18:55:31.261 [main]INFO  io.github.bonigarcia.wdm.WebDriverManager - Using msedgedriver 133.0.3065.69 (resolved driver for Edge 133)
18:55:31.275 [main]INFO  io.github.bonigarcia.wdm.WebDriverManager - Exporting webdriver.edge.driver as C:\Users\chandrasekhar.alti\.cache\selenium\msedgedriver\win64\133.0.3065.69\msedgedriver.exe
18:55:37.759 [main]INFO  com.dfh.utils.UI - Navigated to URL : https://practice.expandtesting.com/secure
18:55:37.826 [main]INFO  com.dfh.utils.UI - Scrolled to element: By.xpath: //input[@id='username']
18:55:38.136 [main]INFO  com.dfh.utils.UI - Set text jhon on By.xpath: //input[@id='username']
18:55:38.537 [main]INFO  com.dfh.utils.UI - Set text Text@123 on By.xpath: //input[@id='password']
18:55:38.883 [main]INFO  com.dfh.utils.UI - Scrolled to element: By.xpath: //button[text()='Login']
18:55:42.164 [main]INFO  com.dfh.utils.UI - Clicked on Element: By.xpath: //button[text()='Login']
18:55:52.259 [main]ERROR com.dfh.utils.UI - ‚ùå Error waiting for element present: By.xpath: //div[contains(@class,'page-layout')]/descendant::a[contains(@class,'button ')]
org.openqa.selenium.TimeoutException: Expected condition failed: waiting for presence of element located by: By.xpath: //div[contains(@class,'page-layout')]/descendant::a[contains(@class,'button ')] (tried for 10 second(s) with 500 milliseconds interval)
	at org.openqa.selenium.support.ui.WebDriverWait.timeoutException(WebDriverWait.java:84) ~[selenium-support-4.27.0.jar:?]
	at org.openqa.selenium.support.ui.FluentWait.until(FluentWait.java:228) ~[selenium-support-4.27.0.jar:?]
	at com.dfh.utils.UI.waitForElementPresent(UI.java:125) ~[classes/:?]
	at com.dfh.utils.UI.isElementDisplayed(UI.java:140) ~[classes/:?]
	at com.dfh.pages.LoginPage.LoginPage.logoutButtonVisibility(LoginPage.java:49) ~[classes/:?]
	at com.dfh.stepdefinitions.LoginSteps.theUserShouldBeSuccessfullyLoggedIntoTheApplication(LoginSteps.java:24) ~[classes/:?]
	at java.base/jdk.internal.reflect.NativeMethodAccessorImpl.invoke0(Native Method) ~[?:?]
	at java.base/jdk.internal.reflect.NativeMethodAccessorImpl.invoke(NativeMethodAccessorImpl.java:77) ~[?:?]
	at java.base/jdk.internal.reflect.DelegatingMethodAccessorImpl.invoke(DelegatingMethodAccessorImpl.java:43) ~[?:?]
	at java.base/java.lang.reflect.Method.invoke(Method.java:568) ~[?:?]
	at io.cucumber.java.Invoker.doInvoke(Invoker.java:66) ~[cucumber-java-7.20.1.jar:7.20.1]
	at io.cucumber.java.Invoker.invoke(Invoker.java:24) ~[cucumber-java-7.20.1.jar:7.20.1]
	at io.cucumber.java.AbstractGlueDefinition.invokeMethod(AbstractGlueDefinition.java:47) ~[cucumber-java-7.20.1.jar:7.20.1]
	at io.cucumber.java.JavaStepDefinition.execute(JavaStepDefinition.java:29) ~[cucumber-java-7.20.1.jar:7.20.1]
	at io.cucumber.core.runner.CoreStepDefinition.execute(CoreStepDefinition.java:66) ~[cucumber-core-7.20.1.jar:7.20.1]
	at io.cucumber.core.runner.PickleStepDefinitionMatch.runStep(PickleStepDefinitionMatch.java:62) ~[cucumber-core-7.20.1.jar:7.20.1]
	at io.cucumber.core.runner.ExecutionMode$1.execute(ExecutionMode.java:10) ~[cucumber-core-7.20.1.jar:7.20.1]
	at io.cucumber.core.runner.TestStep.executeStep(TestStep.java:81) ~[cucumber-core-7.20.1.jar:7.20.1]
	at io.cucumber.core.runner.TestStep.run(TestStep.java:53) ~[cucumber-core-7.20.1.jar:7.20.1]
	at io.cucumber.core.runner.PickleStepTestStep.run(PickleStepTestStep.java:51) ~[cucumber-core-7.20.1.jar:7.20.1]
	at io.cucumber.core.runner.TestCase.run(TestCase.java:84) ~[cucumber-core-7.20.1.jar:7.20.1]
	at io.cucumber.core.runner.Runner.runPickle(Runner.java:75) ~[cucumber-core-7.20.1.jar:7.20.1]
	at io.cucumber.junit.PickleRunners$NoStepDescriptions.lambda$run$0(PickleRunners.java:151) ~[cucumber-junit-7.20.1.jar:7.20.1]
	at io.cucumber.core.runtime.CucumberExecutionContext.lambda$runTestCase$5(CucumberExecutionContext.java:136) ~[cucumber-core-7.20.1.jar:7.20.1]
	at io.cucumber.core.runtime.RethrowingThrowableCollector.executeAndThrow(RethrowingThrowableCollector.java:23) ~[cucumber-core-7.20.1.jar:7.20.1]
	at io.cucumber.core.runtime.CucumberExecutionContext.runTestCase(CucumberExecutionContext.java:136) ~[cucumber-core-7.20.1.jar:7.20.1]
	at io.cucumber.junit.PickleRunners$NoStepDescriptions.run(PickleRunners.java:148) ~[cucumber-junit-7.20.1.jar:7.20.1]
	at io.cucumber.junit.FeatureRunner.runChild(FeatureRunner.java:144) ~[cucumber-junit-7.20.1.jar:7.20.1]
	at io.cucumber.junit.FeatureRunner.runChild(FeatureRunner.java:28) ~[cucumber-junit-7.20.1.jar:7.20.1]
	at org.junit.runners.ParentRunner$4.run(ParentRunner.java:331) ~[junit-4.13.2.jar:4.13.2]
	at org.junit.runners.ParentRunner$1.schedule(ParentRunner.java:79) ~[junit-4.13.2.jar:4.13.2]
	at org.junit.runners.ParentRunner.runChildren(ParentRunner.java:329) ~[junit-4.13.2.jar:4.13.2]
	at org.junit.runners.ParentRunner.access$100(ParentRunner.java:66) ~[junit-4.13.2.jar:4.13.2]
	at org.junit.runners.ParentRunner$2.evaluate(ParentRunner.java:293) ~[junit-4.13.2.jar:4.13.2]
	at org.junit.runners.ParentRunner$3.evaluate(ParentRunner.java:306) ~[junit-4.13.2.jar:4.13.2]
	at org.junit.runners.ParentRunner.run(ParentRunner.java:413) ~[junit-4.13.2.jar:4.13.2]
	at io.cucumber.junit.FeatureRunner.run(FeatureRunner.java:137) ~[cucumber-junit-7.20.1.jar:7.20.1]
	at io.cucumber.junit.Cucumber.runChild(Cucumber.java:199) ~[cucumber-junit-7.20.1.jar:7.20.1]
	at io.cucumber.junit.Cucumber.runChild(Cucumber.java:89) ~[cucumber-junit-7.20.1.jar:7.20.1]
	at org.junit.runners.ParentRunner$4.run(ParentRunner.java:331) ~[junit-4.13.2.jar:4.13.2]
	at org.junit.runners.ParentRunner$1.schedule(ParentRunner.java:79) ~[junit-4.13.2.jar:4.13.2]
	at org.junit.runners.ParentRunner.runChildren(ParentRunner.java:329) ~[junit-4.13.2.jar:4.13.2]
	at org.junit.runners.ParentRunner.access$100(ParentRunner.java:66) ~[junit-4.13.2.jar:4.13.2]
	at org.junit.runners.ParentRunner$2.evaluate(ParentRunner.java:293) ~[junit-4.13.2.jar:4.13.2]
	at io.cucumber.core.runtime.CucumberExecutionContext.lambda$runFeatures$6(CucumberExecutionContext.java:147) ~[cucumber-core-7.20.1.jar:7.20.1]
	at io.cucumber.core.runtime.CucumberExecutionContext.execute(CucumberExecutionContext.java:162) [cucumber-core-7.20.1.jar:7.20.1]
	at io.cucumber.core.runtime.CucumberExecutionContext.runFeatures(CucumberExecutionContext.java:145) [cucumber-core-7.20.1.jar:7.20.1]
	at io.cucumber.junit.Cucumber$StartAndFinishTestRun.evaluate(Cucumber.java:229) [cucumber-junit-7.20.1.jar:7.20.1]
	at org.junit.runners.ParentRunner$3.evaluate(ParentRunner.java:306) [junit-4.13.2.jar:4.13.2]
	at org.junit.runners.ParentRunner.run(ParentRunner.java:413) [junit-4.13.2.jar:4.13.2]
	at org.junit.runner.JUnitCore.run(JUnitCore.java:137) [junit-4.13.2.jar:4.13.2]
	at com.intellij.junit4.JUnit4IdeaTestRunner.startRunnerWithArgs(JUnit4IdeaTestRunner.java:69) [junit-rt.jar:?]
	at com.intellij.rt.junit.IdeaTestRunner$Repeater$1.execute(IdeaTestRunner.java:38) [junit-rt.jar:?]
	at com.intellij.rt.execution.junit.TestsRepeater.repeat(TestsRepeater.java:11) [idea_rt.jar:?]
	at com.intellij.rt.junit.IdeaTestRunner$Repeater.startRunnerWithArgs(IdeaTestRunner.java:35) [junit-rt.jar:?]
	at com.intellij.rt.junit.JUnitStarter.prepareStreamsAndStart(JUnitStarter.java:232) [junit-rt.jar:?]
	at com.intellij.rt.junit.JUnitStarter.main(JUnitStarter.java:55) [junit-rt.jar:?]
Caused by: org.openqa.selenium.NoSuchElementException: no such element: Unable to locate element: {"method":"xpath","selector":"//div[contains(@class,'page-layout')]/descendant::a[contains(@class,'button ')]"}
  (Session info: MicrosoftEdge=133.0.3065.69)
For documentation on this error, please visit: https://www.selenium.dev/documentation/webdriver/troubleshooting/errors#no-such-element-exception
Build info: version: '4.27.0', revision: 'd6e718d134'
System info: os.name: 'Windows 11', os.arch: 'amd64', os.version: '10.0', java.version: '17.0.12'
Driver info: org.openqa.selenium.edge.EdgeDriver
Command: [9cb93ca56977f838e10e7636f8cd796c, findElement {using=xpath, value=//div[contains(@class,'page-layout')]/descendant::a[contains(@class,'button ')]}]
Capabilities {acceptInsecureCerts: true, browserName: MicrosoftEdge, browserVersion: 133.0.3065.69, fedcm:accounts: true, ms:edgeOptions: {debuggerAddress: localhost:50821}, msedge: {msedgedriverVersion: 133.0.3065.69 (c3f010c11f3e..., userDataDir: C:\Users\CHANDR~1.ALT\AppDa...}, networkConnectionEnabled: false, pageLoadStrategy: normal, platformName: windows, proxy: Proxy(), se:cdp: ws://localhost:50821/devtoo..., se:cdpVersion: 133.0.3065.69, setWindowRect: true, strictFileInteractability: false, timeouts: {implicit: 0, pageLoad: 300000, script: 30000}, unhandledPromptBehavior: dismiss and notify, webauthn:extension:credBlob: true, webauthn:extension:largeBlob: true, webauthn:extension:minPinLength: true, webauthn:extension:prf: true, webauthn:virtualAuthenticators: true}
Session ID: 9cb93ca56977f838e10e7636f8cd796c
	at java.base/jdk.internal.reflect.NativeConstructorAccessorImpl.newInstance0(Native Method) ~[?:?]
	at java.base/jdk.internal.reflect.NativeConstructorAccessorImpl.newInstance(NativeConstructorAccessorImpl.java:77) ~[?:?]
	at java.base/jdk.internal.reflect.DelegatingConstructorAccessorImpl.newInstance(DelegatingConstructorAccessorImpl.java:45) ~[?:?]
	at java.base/java.lang.reflect.Constructor.newInstanceWithCaller(Constructor.java:499) ~[?:?]
	at java.base/java.lang.reflect.Constructor.newInstance(Constructor.java:480) ~[?:?]
	at org.openqa.selenium.remote.ErrorCodec.decode(ErrorCodec.java:167) ~[selenium-remote-driver-4.27.0.jar:?]
	at org.openqa.selenium.remote.codec.w3c.W3CHttpResponseCodec.decode(W3CHttpResponseCodec.java:138) ~[selenium-remote-driver-4.27.0.jar:?]
	at org.openqa.selenium.remote.codec.w3c.W3CHttpResponseCodec.decode(W3CHttpResponseCodec.java:50) ~[selenium-remote-driver-4.27.0.jar:?]
	at org.openqa.selenium.remote.HttpCommandExecutor.execute(HttpCommandExecutor.java:190) ~[selenium-remote-driver-4.27.0.jar:?]
	at org.openqa.selenium.remote.service.DriverCommandExecutor.invokeExecute(DriverCommandExecutor.java:216) ~[selenium-remote-driver-4.27.0.jar:?]
	at org.openqa.selenium.remote.service.DriverCommandExecutor.execute(DriverCommandExecutor.java:174) ~[selenium-remote-driver-4.27.0.jar:?]
	at org.openqa.selenium.remote.RemoteWebDriver.execute(RemoteWebDriver.java:545) ~[selenium-remote-driver-4.27.0.jar:?]
	at org.openqa.selenium.remote.ElementLocation$ElementFinder$2.findElement(ElementLocation.java:165) ~[selenium-remote-driver-4.27.0.jar:?]
	at org.openqa.selenium.remote.ElementLocation.findElement(ElementLocation.java:59) ~[selenium-remote-driver-4.27.0.jar:?]
	at org.openqa.selenium.remote.RemoteWebDriver.findElement(RemoteWebDriver.java:368) ~[selenium-remote-driver-4.27.0.jar:?]
	at org.openqa.selenium.remote.RemoteWebDriver.findElement(RemoteWebDriver.java:362) ~[selenium-remote-driver-4.27.0.jar:?]
	at jdk.internal.reflect.GeneratedMethodAccessor1.invoke(Unknown Source) ~[?:?]
	at java.base/jdk.internal.reflect.DelegatingMethodAccessorImpl.invoke(DelegatingMethodAccessorImpl.java:43) ~[?:?]
	at java.base/java.lang.reflect.Method.invoke(Method.java:568) ~[?:?]
	at org.openqa.selenium.support.ThreadGuard$WebDriverInvocationHandler.invokeUnderlying(ThreadGuard.java:99) ~[selenium-support-4.27.0.jar:?]
	at org.openqa.selenium.support.ThreadGuard$WebDriverInvocationHandler.invoke(ThreadGuard.java:91) ~[selenium-support-4.27.0.jar:?]
	at jdk.proxy2/jdk.proxy2.$Proxy33.findElement(Unknown Source) ~[?:?]
	at org.openqa.selenium.support.ui.ExpectedConditions$6.apply(ExpectedConditions.java:171) ~[selenium-support-4.27.0.jar:?]
	at org.openqa.selenium.support.ui.ExpectedConditions$6.apply(ExpectedConditions.java:168) ~[selenium-support-4.27.0.jar:?]
	at org.openqa.selenium.support.ui.FluentWait.until(FluentWait.java:203) ~[selenium-support-4.27.0.jar:?]
	... 55 more
18:55:52.294 [main]INFO  com.dfh.hooks.Hooks - Running tear down after test case
18:55:52.294 [main]INFO  com.dfh.hooks.Hooks - Starting Hooks tear down function
18:55:52.570 [main]WARN  com.dfh.hooks.Hooks - Captured screenshot size: 247966 bytes
18:55:54.201 [main]INFO  com.dfh.hooks.Hooks - Execution Ended for Scenario: Successful loin for multiple users
18:55:54.201 [main]INFO  com.dfh.hooks.Hooks -  Scenario Successful loin for multiple users Execution Status : FAILED
18:55:54.201 [main]INFO  com.dfh.hooks.Hooks - *****************************************************************************************
19:24:00.165 [main]INFO  com.dfh.hooks.Hooks - *****************************************************************************************
19:24:00.189 [main]INFO  com.dfh.hooks.Hooks - Execution Started for Scenario: Successful login with valid credentials
19:24:00.193 [main]INFO  com.dfh.utils.PropertyLoader - Properties file loaded successfully
19:24:01.596 [main]INFO  io.github.bonigarcia.wdm.WebDriverManager - Using msedgedriver 133.0.3065.69 (resolved driver for Edge 133)
19:24:01.742 [main]INFO  io.github.bonigarcia.wdm.WebDriverManager - Exporting webdriver.edge.driver as C:\Users\chandrasekhar.alti\.cache\selenium\msedgedriver\win64\133.0.3065.69\msedgedriver.exe
19:24:08.040 [main]INFO  com.dfh.utils.UI - Navigated to URL : https://practice.expandtesting.com/secure
19:24:08.112 [main]INFO  com.dfh.utils.UI - Scrolled to element: By.xpath: //input[@id='username']
19:24:08.474 [main]INFO  com.dfh.utils.UI - Set text practice on By.xpath: //input[@id='username']
19:24:08.773 [main]INFO  com.dfh.utils.UI - Set text SuperSecretPassword! on By.xpath: //input[@id='password']
19:24:09.111 [main]INFO  com.dfh.utils.UI - Scrolled to element: By.xpath: //button[text()='Login']
19:24:11.797 [main]INFO  com.dfh.utils.UI - Clicked on Element: By.xpath: //button[text()='Login']
19:24:12.077 [main]INFO  com.dfh.hooks.Hooks - Running tear down after test case
19:24:12.077 [main]INFO  com.dfh.hooks.Hooks - Starting Hooks tear down function
19:24:12.079 [main]INFO  com.dfh.hooks.Hooks - Scenario passed so no need for the screenshot
19:24:13.486 [main]INFO  com.dfh.hooks.Hooks - Execution Ended for Scenario: Successful login with valid credentials
19:24:13.487 [main]INFO  com.dfh.hooks.Hooks -  Scenario Successful login with valid credentials Execution Status : PASSED
19:24:13.489 [main]INFO  com.dfh.hooks.Hooks - *****************************************************************************************
19:24:13.569 [main]INFO  com.dfh.hooks.Hooks - *****************************************************************************************
19:24:13.569 [main]INFO  com.dfh.hooks.Hooks - Execution Started for Scenario: Successful loin for multiple users
19:24:13.616 [main]INFO  io.github.bonigarcia.wdm.WebDriverManager - Using msedgedriver 133.0.3065.69 (resolved driver for Edge 133)
19:24:13.645 [main]INFO  io.github.bonigarcia.wdm.WebDriverManager - Exporting webdriver.edge.driver as C:\Users\chandrasekhar.alti\.cache\selenium\msedgedriver\win64\133.0.3065.69\msedgedriver.exe
19:24:19.829 [main]INFO  com.dfh.utils.UI - Navigated to URL : https://practice.expandtesting.com/secure
19:24:19.922 [main]INFO  com.dfh.utils.UI - Scrolled to element: By.xpath: //input[@id='username']
19:24:20.292 [main]INFO  com.dfh.utils.UI - Set text practice on By.xpath: //input[@id='username']
19:24:20.704 [main]INFO  com.dfh.utils.UI - Set text SuperSecretPassword! on By.xpath: //input[@id='password']
19:24:21.061 [main]INFO  com.dfh.utils.UI - Scrolled to element: By.xpath: //button[text()='Login']
19:24:23.566 [main]INFO  com.dfh.utils.UI - Clicked on Element: By.xpath: //button[text()='Login']
19:24:23.851 [main]INFO  com.dfh.hooks.Hooks - Running tear down after test case
19:24:23.851 [main]INFO  com.dfh.hooks.Hooks - Starting Hooks tear down function
19:24:23.851 [main]INFO  com.dfh.hooks.Hooks - Scenario passed so no need for the screenshot
19:24:25.497 [main]INFO  com.dfh.hooks.Hooks - Execution Ended for Scenario: Successful loin for multiple users
19:24:25.497 [main]INFO  com.dfh.hooks.Hooks -  Scenario Successful loin for multiple users Execution Status : PASSED
19:24:25.497 [main]INFO  com.dfh.hooks.Hooks - *****************************************************************************************
19:24:25.540 [main]INFO  com.dfh.hooks.Hooks - *****************************************************************************************
19:24:25.540 [main]INFO  com.dfh.hooks.Hooks - Execution Started for Scenario: Successful loin for multiple users
19:24:25.582 [main]INFO  io.github.bonigarcia.wdm.WebDriverManager - Using msedgedriver 133.0.3065.69 (resolved driver for Edge 133)
19:24:25.605 [main]INFO  io.github.bonigarcia.wdm.WebDriverManager - Exporting webdriver.edge.driver as C:\Users\chandrasekhar.alti\.cache\selenium\msedgedriver\win64\133.0.3065.69\msedgedriver.exe
19:24:30.330 [main]INFO  com.dfh.utils.UI - Navigated to URL : https://practice.expandtesting.com/secure
19:24:30.385 [main]INFO  com.dfh.utils.UI - Scrolled to element: By.xpath: //input[@id='username']
19:24:30.545 [main]INFO  com.dfh.utils.UI - Set text jhon on By.xpath: //input[@id='username']
19:24:30.878 [main]INFO  com.dfh.utils.UI - Set text Text@123 on By.xpath: //input[@id='password']
19:24:31.180 [main]INFO  com.dfh.utils.UI - Scrolled to element: By.xpath: //button[text()='Login']
19:24:33.112 [main]INFO  com.dfh.utils.UI - Clicked on Element: By.xpath: //button[text()='Login']
19:24:43.179 [main]ERROR com.dfh.utils.UI - ? Error waiting for element present: By.xpath: //div[contains(@class,'page-layout')]/descendant::a[contains(@class,'button ')]
org.openqa.selenium.TimeoutException: Expected condition failed: waiting for presence of element located by: By.xpath: //div[contains(@class,'page-layout')]/descendant::a[contains(@class,'button ')] (tried for 10 second(s) with 500 milliseconds interval)
	at org.openqa.selenium.support.ui.WebDriverWait.timeoutException(WebDriverWait.java:84) ~[selenium-support-4.27.0.jar:?]
	at org.openqa.selenium.support.ui.FluentWait.until(FluentWait.java:228) ~[selenium-support-4.27.0.jar:?]
	at com.dfh.utils.UI.waitForElementPresent(UI.java:125) ~[classes/:?]
	at com.dfh.utils.UI.isElementDisplayed(UI.java:140) ~[classes/:?]
	at com.dfh.pages.LoginPage.LoginPage.logoutButtonVisibility(LoginPage.java:49) ~[classes/:?]
	at com.dfh.stepdefinitions.LoginSteps.theUserShouldBeSuccessfullyLoggedIntoTheApplication(LoginSteps.java:24) ~[classes/:?]
	at java.base/jdk.internal.reflect.NativeMethodAccessorImpl.invoke0(Native Method) ~[?:?]
	at java.base/jdk.internal.reflect.NativeMethodAccessorImpl.invoke(NativeMethodAccessorImpl.java:77) ~[?:?]
	at java.base/jdk.internal.reflect.DelegatingMethodAccessorImpl.invoke(DelegatingMethodAccessorImpl.java:43) ~[?:?]
	at java.base/java.lang.reflect.Method.invoke(Method.java:568) ~[?:?]
	at io.cucumber.java.Invoker.doInvoke(Invoker.java:66) ~[cucumber-java-7.20.1.jar:7.20.1]
	at io.cucumber.java.Invoker.invoke(Invoker.java:24) ~[cucumber-java-7.20.1.jar:7.20.1]
	at io.cucumber.java.AbstractGlueDefinition.invokeMethod(AbstractGlueDefinition.java:47) ~[cucumber-java-7.20.1.jar:7.20.1]
	at io.cucumber.java.JavaStepDefinition.execute(JavaStepDefinition.java:29) ~[cucumber-java-7.20.1.jar:7.20.1]
	at io.cucumber.core.runner.CoreStepDefinition.execute(CoreStepDefinition.java:66) ~[cucumber-core-7.20.1.jar:7.20.1]
	at io.cucumber.core.runner.PickleStepDefinitionMatch.runStep(PickleStepDefinitionMatch.java:62) ~[cucumber-core-7.20.1.jar:7.20.1]
	at io.cucumber.core.runner.ExecutionMode$1.execute(ExecutionMode.java:10) ~[cucumber-core-7.20.1.jar:7.20.1]
	at io.cucumber.core.runner.TestStep.executeStep(TestStep.java:81) ~[cucumber-core-7.20.1.jar:7.20.1]
	at io.cucumber.core.runner.TestStep.run(TestStep.java:53) ~[cucumber-core-7.20.1.jar:7.20.1]
	at io.cucumber.core.runner.PickleStepTestStep.run(PickleStepTestStep.java:51) ~[cucumber-core-7.20.1.jar:7.20.1]
	at io.cucumber.core.runner.TestCase.run(TestCase.java:84) ~[cucumber-core-7.20.1.jar:7.20.1]
	at io.cucumber.core.runner.Runner.runPickle(Runner.java:75) ~[cucumber-core-7.20.1.jar:7.20.1]
	at io.cucumber.junit.PickleRunners$NoStepDescriptions.lambda$run$0(PickleRunners.java:151) ~[cucumber-junit-7.20.1.jar:7.20.1]
	at io.cucumber.core.runtime.CucumberExecutionContext.lambda$runTestCase$5(CucumberExecutionContext.java:136) ~[cucumber-core-7.20.1.jar:7.20.1]
	at io.cucumber.core.runtime.RethrowingThrowableCollector.executeAndThrow(RethrowingThrowableCollector.java:23) ~[cucumber-core-7.20.1.jar:7.20.1]
	at io.cucumber.core.runtime.CucumberExecutionContext.runTestCase(CucumberExecutionContext.java:136) ~[cucumber-core-7.20.1.jar:7.20.1]
	at io.cucumber.junit.PickleRunners$NoStepDescriptions.run(PickleRunners.java:148) ~[cucumber-junit-7.20.1.jar:7.20.1]
	at io.cucumber.junit.FeatureRunner.runChild(FeatureRunner.java:144) ~[cucumber-junit-7.20.1.jar:7.20.1]
	at io.cucumber.junit.FeatureRunner.runChild(FeatureRunner.java:28) ~[cucumber-junit-7.20.1.jar:7.20.1]
	at org.junit.runners.ParentRunner$4.run(ParentRunner.java:331) ~[junit-4.13.2.jar:4.13.2]
	at org.junit.runners.ParentRunner$1.schedule(ParentRunner.java:79) ~[junit-4.13.2.jar:4.13.2]
	at org.junit.runners.ParentRunner.runChildren(ParentRunner.java:329) ~[junit-4.13.2.jar:4.13.2]
	at org.junit.runners.ParentRunner.access$100(ParentRunner.java:66) ~[junit-4.13.2.jar:4.13.2]
	at org.junit.runners.ParentRunner$2.evaluate(ParentRunner.java:293) ~[junit-4.13.2.jar:4.13.2]
	at org.junit.runners.ParentRunner$3.evaluate(ParentRunner.java:306) ~[junit-4.13.2.jar:4.13.2]
	at org.junit.runners.ParentRunner.run(ParentRunner.java:413) ~[junit-4.13.2.jar:4.13.2]
	at io.cucumber.junit.FeatureRunner.run(FeatureRunner.java:137) ~[cucumber-junit-7.20.1.jar:7.20.1]
	at io.cucumber.junit.Cucumber.runChild(Cucumber.java:199) ~[cucumber-junit-7.20.1.jar:7.20.1]
	at io.cucumber.junit.Cucumber.runChild(Cucumber.java:89) ~[cucumber-junit-7.20.1.jar:7.20.1]
	at org.junit.runners.ParentRunner$4.run(ParentRunner.java:331) ~[junit-4.13.2.jar:4.13.2]
	at org.junit.runners.ParentRunner$1.schedule(ParentRunner.java:79) ~[junit-4.13.2.jar:4.13.2]
	at org.junit.runners.ParentRunner.runChildren(ParentRunner.java:329) ~[junit-4.13.2.jar:4.13.2]
	at org.junit.runners.ParentRunner.access$100(ParentRunner.java:66) ~[junit-4.13.2.jar:4.13.2]
	at org.junit.runners.ParentRunner$2.evaluate(ParentRunner.java:293) ~[junit-4.13.2.jar:4.13.2]
	at io.cucumber.core.runtime.CucumberExecutionContext.lambda$runFeatures$6(CucumberExecutionContext.java:147) ~[cucumber-core-7.20.1.jar:7.20.1]
	at io.cucumber.core.runtime.CucumberExecutionContext.execute(CucumberExecutionContext.java:162) ~[cucumber-core-7.20.1.jar:7.20.1]
	at io.cucumber.core.runtime.CucumberExecutionContext.runFeatures(CucumberExecutionContext.java:145) ~[cucumber-core-7.20.1.jar:7.20.1]
	at io.cucumber.junit.Cucumber$StartAndFinishTestRun.evaluate(Cucumber.java:229) ~[cucumber-junit-7.20.1.jar:7.20.1]
	at org.junit.runners.ParentRunner$3.evaluate(ParentRunner.java:306) ~[junit-4.13.2.jar:4.13.2]
	at org.junit.runners.ParentRunner.run(ParentRunner.java:413) ~[junit-4.13.2.jar:4.13.2]
	at org.junit.runner.JUnitCore.run(JUnitCore.java:137) ~[junit-4.13.2.jar:4.13.2]
	at org.junit.runner.JUnitCore.run(JUnitCore.java:115) ~[junit-4.13.2.jar:4.13.2]
	at org.junit.vintage.engine.execution.RunnerExecutor.execute(RunnerExecutor.java:42) ~[junit-vintage-engine-5.10.3.jar:5.10.3]
	at org.junit.vintage.engine.VintageTestEngine.executeAllChildren(VintageTestEngine.java:80) ~[junit-vintage-engine-5.10.3.jar:5.10.3]
	at org.junit.vintage.engine.VintageTestEngine.execute(VintageTestEngine.java:72) ~[junit-vintage-engine-5.10.3.jar:5.10.3]
	at org.junit.platform.launcher.core.EngineExecutionOrchestrator.execute(EngineExecutionOrchestrator.java:198) ~[junit-platform-launcher-1.10.3.jar:1.10.3]
	at org.junit.platform.launcher.core.EngineExecutionOrchestrator.execute(EngineExecutionOrchestrator.java:169) ~[junit-platform-launcher-1.10.3.jar:1.10.3]
	at org.junit.platform.launcher.core.EngineExecutionOrchestrator.execute(EngineExecutionOrchestrator.java:93) ~[junit-platform-launcher-1.10.3.jar:1.10.3]
	at org.junit.platform.launcher.core.EngineExecutionOrchestrator.lambda$execute$0(EngineExecutionOrchestrator.java:58) ~[junit-platform-launcher-1.10.3.jar:1.10.3]
	at org.junit.platform.launcher.core.EngineExecutionOrchestrator.withInterceptedStreams(EngineExecutionOrchestrator.java:141) [junit-platform-launcher-1.10.3.jar:1.10.3]
	at org.junit.platform.launcher.core.EngineExecutionOrchestrator.execute(EngineExecutionOrchestrator.java:57) [junit-platform-launcher-1.10.3.jar:1.10.3]
	at org.junit.platform.launcher.core.DefaultLauncher.execute(DefaultLauncher.java:103) [junit-platform-launcher-1.10.3.jar:1.10.3]
	at org.junit.platform.launcher.core.DefaultLauncher.execute(DefaultLauncher.java:85) [junit-platform-launcher-1.10.3.jar:1.10.3]
	at org.junit.platform.launcher.core.DelegatingLauncher.execute(DelegatingLauncher.java:47) [junit-platform-launcher-1.10.3.jar:1.10.3]
	at org.apache.maven.surefire.junitplatform.LazyLauncher.execute(LazyLauncher.java:56) [surefire-junit-platform-3.5.2.jar:3.5.2]
	at org.apache.maven.surefire.junitplatform.JUnitPlatformProvider.execute(JUnitPlatformProvider.java:184) [surefire-junit-platform-3.5.2.jar:3.5.2]
	at org.apache.maven.surefire.junitplatform.JUnitPlatformProvider.invokeAllTests(JUnitPlatformProvider.java:148) [surefire-junit-platform-3.5.2.jar:3.5.2]
	at org.apache.maven.surefire.junitplatform.JUnitPlatformProvider.invoke(JUnitPlatformProvider.java:122) [surefire-junit-platform-3.5.2.jar:3.5.2]
	at org.apache.maven.surefire.booter.ForkedBooter.runSuitesInProcess(ForkedBooter.java:385) [surefire-booter-3.5.2.jar:3.5.2]
	at org.apache.maven.surefire.booter.ForkedBooter.execute(ForkedBooter.java:162) [surefire-booter-3.5.2.jar:3.5.2]
	at org.apache.maven.surefire.booter.ForkedBooter.run(ForkedBooter.java:507) [surefire-booter-3.5.2.jar:3.5.2]
	at org.apache.maven.surefire.booter.ForkedBooter.main(ForkedBooter.java:495) [surefire-booter-3.5.2.jar:3.5.2]
Caused by: org.openqa.selenium.NoSuchElementException: no such element: Unable to locate element: {"method":"xpath","selector":"//div[contains(@class,'page-layout')]/descendant::a[contains(@class,'button ')]"}
  (Session info: MicrosoftEdge=133.0.3065.69)
For documentation on this error, please visit: https://www.selenium.dev/documentation/webdriver/troubleshooting/errors#no-such-element-exception
Build info: version: '4.27.0', revision: 'd6e718d134'
System info: os.name: 'Windows 11', os.arch: 'amd64', os.version: '10.0', java.version: '17.0.12'
Driver info: org.openqa.selenium.edge.EdgeDriver
Command: [c2e959f9f201eb837e3538e82f5b78bb, findElement {using=xpath, value=//div[contains(@class,'page-layout')]/descendant::a[contains(@class,'button ')]}]
Capabilities {acceptInsecureCerts: true, browserName: MicrosoftEdge, browserVersion: 133.0.3065.69, fedcm:accounts: true, ms:edgeOptions: {debuggerAddress: localhost:60189}, msedge: {msedgedriverVersion: 133.0.3065.69 (c3f010c11f3e..., userDataDir: C:\Users\CHANDR~1.ALT\AppDa...}, networkConnectionEnabled: false, pageLoadStrategy: normal, platformName: windows, proxy: Proxy(), se:cdp: ws://localhost:60189/devtoo..., se:cdpVersion: 133.0.3065.69, setWindowRect: true, strictFileInteractability: false, timeouts: {implicit: 0, pageLoad: 300000, script: 30000}, unhandledPromptBehavior: dismiss and notify, webauthn:extension:credBlob: true, webauthn:extension:largeBlob: true, webauthn:extension:minPinLength: true, webauthn:extension:prf: true, webauthn:virtualAuthenticators: true}
Session ID: c2e959f9f201eb837e3538e82f5b78bb
	at java.base/jdk.internal.reflect.NativeConstructorAccessorImpl.newInstance0(Native Method) ~[?:?]
	at java.base/jdk.internal.reflect.NativeConstructorAccessorImpl.newInstance(NativeConstructorAccessorImpl.java:77) ~[?:?]
	at java.base/jdk.internal.reflect.DelegatingConstructorAccessorImpl.newInstance(DelegatingConstructorAccessorImpl.java:45) ~[?:?]
	at java.base/java.lang.reflect.Constructor.newInstanceWithCaller(Constructor.java:499) ~[?:?]
	at java.base/java.lang.reflect.Constructor.newInstance(Constructor.java:480) ~[?:?]
	at org.openqa.selenium.remote.ErrorCodec.decode(ErrorCodec.java:167) ~[selenium-remote-driver-4.27.0.jar:?]
	at org.openqa.selenium.remote.codec.w3c.W3CHttpResponseCodec.decode(W3CHttpResponseCodec.java:138) ~[selenium-remote-driver-4.27.0.jar:?]
	at org.openqa.selenium.remote.codec.w3c.W3CHttpResponseCodec.decode(W3CHttpResponseCodec.java:50) ~[selenium-remote-driver-4.27.0.jar:?]
	at org.openqa.selenium.remote.HttpCommandExecutor.execute(HttpCommandExecutor.java:190) ~[selenium-remote-driver-4.27.0.jar:?]
	at org.openqa.selenium.remote.service.DriverCommandExecutor.invokeExecute(DriverCommandExecutor.java:216) ~[selenium-remote-driver-4.27.0.jar:?]
	at org.openqa.selenium.remote.service.DriverCommandExecutor.execute(DriverCommandExecutor.java:174) ~[selenium-remote-driver-4.27.0.jar:?]
	at org.openqa.selenium.remote.RemoteWebDriver.execute(RemoteWebDriver.java:545) ~[selenium-remote-driver-4.27.0.jar:?]
	at org.openqa.selenium.remote.ElementLocation$ElementFinder$2.findElement(ElementLocation.java:165) ~[selenium-remote-driver-4.27.0.jar:?]
	at org.openqa.selenium.remote.ElementLocation.findElement(ElementLocation.java:59) ~[selenium-remote-driver-4.27.0.jar:?]
	at org.openqa.selenium.remote.RemoteWebDriver.findElement(RemoteWebDriver.java:368) ~[selenium-remote-driver-4.27.0.jar:?]
	at org.openqa.selenium.remote.RemoteWebDriver.findElement(RemoteWebDriver.java:362) ~[selenium-remote-driver-4.27.0.jar:?]
	at jdk.internal.reflect.GeneratedMethodAccessor1.invoke(Unknown Source) ~[?:?]
	at java.base/jdk.internal.reflect.DelegatingMethodAccessorImpl.invoke(DelegatingMethodAccessorImpl.java:43) ~[?:?]
	at java.base/java.lang.reflect.Method.invoke(Method.java:568) ~[?:?]
	at org.openqa.selenium.support.ThreadGuard$WebDriverInvocationHandler.invokeUnderlying(ThreadGuard.java:99) ~[selenium-support-4.27.0.jar:?]
	at org.openqa.selenium.support.ThreadGuard$WebDriverInvocationHandler.invoke(ThreadGuard.java:91) ~[selenium-support-4.27.0.jar:?]
	at jdk.proxy2/jdk.proxy2.$Proxy33.findElement(Unknown Source) ~[?:?]
	at org.openqa.selenium.support.ui.ExpectedConditions$6.apply(ExpectedConditions.java:171) ~[selenium-support-4.27.0.jar:?]
	at org.openqa.selenium.support.ui.ExpectedConditions$6.apply(ExpectedConditions.java:168) ~[selenium-support-4.27.0.jar:?]
	at org.openqa.selenium.support.ui.FluentWait.until(FluentWait.java:203) ~[selenium-support-4.27.0.jar:?]
	... 70 more
19:24:43.221 [main]INFO  com.dfh.hooks.Hooks - Running tear down after test case
19:24:43.223 [main]INFO  com.dfh.hooks.Hooks - Starting Hooks tear down function
19:24:43.409 [main]WARN  com.dfh.hooks.Hooks - Captured screenshot size: 106342 bytes
19:24:45.100 [main]INFO  com.dfh.hooks.Hooks - Execution Ended for Scenario: Successful loin for multiple users
19:24:45.100 [main]INFO  com.dfh.hooks.Hooks -  Scenario Successful loin for multiple users Execution Status : FAILED
19:24:45.100 [main]INFO  com.dfh.hooks.Hooks - *****************************************************************************************
